!SESSION 2013-07-17 10:57:41.183 -----------------------------------------------
eclipse.buildId=unknown
java.version=1.7.0_17
java.vendor=Oracle Corporation
BootLoader constants: OS=macosx, ARCH=x86_64, WS=cocoa, NL=en_US
Framework arguments:  -product net.sf.ictalive.aliveclipse.product
Command-line arguments:  -product net.sf.ictalive.aliveclipse.product -data /Users/sergio/Documents/Research/aliveclipse/../runtime-ALIVEclipse.macosx64.product -dev file:/Users/sergio/Documents/Research/aliveclipse/.metadata/.plugins/org.eclipse.pde.core/ALIVEclipse.macosx64.product/dev.properties -os macosx -ws cocoa -arch x86_64 -consoleLog

!ENTRY org.eclipse.equinox.app 0 0 2013-07-17 10:57:43.520
!MESSAGE Product net.sf.ictalive.aliveclipse.product could not be found.

!ENTRY org.eclipse.osgi 2 0 2013-07-17 10:57:43.584
!MESSAGE One or more bundles are not resolved because the following root constraints are not resolved:
!SUBENTRY 1 org.eclipse.osgi 2 0 2013-07-17 10:57:43.584
!MESSAGE Bundle reference:file:/Users/sergio/Documents/Research/aliveclipse/net.sf.ictalive.aliveclipse/ was not resolved.
!SUBENTRY 2 net.sf.ictalive.aliveclipse 2 0 2013-07-17 10:57:43.585
!MESSAGE Missing required bundle net.sf.ictalive.coordination.wfannotation.mapping.diagram_1.0.0.
!SUBENTRY 2 net.sf.ictalive.aliveclipse 2 0 2013-07-17 10:57:43.585
!MESSAGE Missing required bundle net.sf.ictalive.runtime_1.0.5.
!SUBENTRY 2 net.sf.ictalive.aliveclipse 2 0 2013-07-17 10:57:43.585
!MESSAGE Missing required bundle net.sf.ictalive.coordination.actions.diagram_0.4.2.
!SUBENTRY 2 net.sf.ictalive.aliveclipse 2 0 2013-07-17 10:57:43.585
!MESSAGE Missing required bundle net.sf.ictalive.coordination.plans.diagram_0.4.2.
!SUBENTRY 2 net.sf.ictalive.aliveclipse 2 0 2013-07-17 10:57:43.585
!MESSAGE Missing required bundle net.sf.ictalive.runtime.edit_1.0.1.
!SUBENTRY 2 net.sf.ictalive.aliveclipse 2 0 2013-07-17 10:57:43.586
!MESSAGE Missing required bundle net.sf.ictalive.runtime.NormInstances_1.0.0.
!SUBENTRY 2 net.sf.ictalive.aliveclipse 2 0 2013-07-17 10:57:43.586
!MESSAGE Missing required bundle net.sf.ictalive.service.owlseditor.edit_1.0.0.
!SUBENTRY 2 net.sf.ictalive.aliveclipse 2 0 2013-07-17 10:57:43.586
!MESSAGE Missing required bundle net.sf.ictalive.service.template.ui_1.0.0.
!SUBENTRY 2 net.sf.ictalive.aliveclipse 2 0 2013-07-17 10:57:43.586
!MESSAGE Missing required bundle net.sf.ictalive.coordination.agents.diagram_1.0.0.
!SUBENTRY 2 net.sf.ictalive.aliveclipse 2 0 2013-07-17 10:57:43.586
!MESSAGE Missing required bundle net.sf.ictalive.coordination.wfvv_1.0.0.
!SUBENTRY 2 net.sf.ictalive.aliveclipse 2 0 2013-07-17 10:57:43.586
!MESSAGE Missing required bundle net.sf.ictalive.owls.edit_1.0.1.
!SUBENTRY 2 net.sf.ictalive.aliveclipse 2 0 2013-07-17 10:57:43.587
!MESSAGE Missing required bundle net.sf.ictalive.coordination.wfannotation.bpel.diagram.edit_1.0.0.
!SUBENTRY 2 net.sf.ictalive.aliveclipse 2 0 2013-07-17 10:57:43.587
!MESSAGE Missing required bundle net.sf.ictalive.metamodel.utils_0.0.1.
!SUBENTRY 2 net.sf.ictalive.aliveclipse 2 0 2013-07-17 10:57:43.587
!MESSAGE Missing required bundle net.sf.ictalive.serviceui_1.0.2.
!SUBENTRY 2 net.sf.ictalive.aliveclipse 2 0 2013-07-17 10:57:43.587
!MESSAGE Missing required bundle net.sf.ictalive.services.edit_1.0.3.
!SUBENTRY 2 net.sf.ictalive.aliveclipse 2 0 2013-07-17 10:57:43.587
!MESSAGE Missing required bundle net.sf.ictalive.services_1.0.3.
!SUBENTRY 2 net.sf.ictalive.aliveclipse 2 0 2013-07-17 10:57:43.588
!MESSAGE Missing required bundle net.sf.ictalive.rules.edit_1.0.2.
!SUBENTRY 2 net.sf.ictalive.aliveclipse 2 0 2013-07-17 10:57:43.588
!MESSAGE Missing required bundle net.sf.ictalive.coordination.wfvv.edit_1.0.0.
!SUBENTRY 2 net.sf.ictalive.aliveclipse 2 0 2013-07-17 10:57:43.588
!MESSAGE Missing required bundle net.sf.ictalive.runtime.NormInstances.edit_1.0.0.
!SUBENTRY 2 net.sf.ictalive.aliveclipse 2 0 2013-07-17 10:57:43.588
!MESSAGE Missing required bundle net.sf.ictalive.service.templates_1.0.0.
!SUBENTRY 2 net.sf.ictalive.aliveclipse 2 0 2013-07-17 10:57:43.588
!MESSAGE Missing required bundle net.sf.ictalive.XSDSchema_1.0.0.
!SUBENTRY 2 net.sf.ictalive.aliveclipse 2 0 2013-07-17 10:57:43.589
!MESSAGE Missing required bundle net.sf.ictalive.service.matchmakertab_1.0.0.
!SUBENTRY 2 net.sf.ictalive.aliveclipse 2 0 2013-07-17 10:57:43.589
!MESSAGE Missing required bundle net.sf.ictalive.eventbus_0.0.1.
!SUBENTRY 2 net.sf.ictalive.aliveclipse 2 0 2013-07-17 10:57:43.589
!MESSAGE Missing required bundle net.sf.ictalive.monitortool_1.0.1.
!SUBENTRY 2 net.sf.ictalive.aliveclipse 2 0 2013-07-17 10:57:43.589
!MESSAGE Missing required bundle net.sf.ictalive.coordination.edit_0.4.2.
!SUBENTRY 2 net.sf.ictalive.aliveclipse 2 0 2013-07-17 10:57:43.589
!MESSAGE Missing required bundle net.sf.ictalive.coordination.wfannotation.bpel.diagram.diagram_1.0.0.
!SUBENTRY 2 net.sf.ictalive.aliveclipse 2 0 2013-07-17 10:57:43.590
!MESSAGE Missing required bundle net.sf.ictalive.coordination.editor_0.4.3.
!SUBENTRY 2 net.sf.ictalive.aliveclipse 2 0 2013-07-17 10:57:43.590
!MESSAGE Missing required bundle net.sf.ictalive.coordination.wfvv.editor_1.0.0.
!SUBENTRY 2 net.sf.ictalive.aliveclipse 2 0 2013-07-17 10:57:43.590
!MESSAGE Missing required bundle net.sf.ictalive.eventbus.dashboard_1.0.0.
!SUBENTRY 2 net.sf.ictalive.aliveclipse 2 0 2013-07-17 10:57:43.590
!MESSAGE Missing required bundle net.sf.ictalive.service.owlseditor.editor_1.0.0.
!SUBENTRY 2 net.sf.ictalive.aliveclipse 2 0 2013-07-17 10:57:43.590
!MESSAGE Missing required bundle net.sf.ictalive.coordination.wfannotation.mapping_0.1.0.
!SUBENTRY 2 net.sf.ictalive.aliveclipse 2 0 2013-07-17 10:57:43.591
!MESSAGE Missing required bundle net.sf.ictalive.coordination.wfannotation.bpel.diagram.editor_1.0.0.
!SUBENTRY 2 net.sf.ictalive.aliveclipse 2 0 2013-07-17 10:57:43.591
!MESSAGE Missing required bundle net.sf.ictalive.runtime.editor_1.0.1.
!SUBENTRY 2 net.sf.ictalive.aliveclipse 2 0 2013-07-17 10:57:43.591
!MESSAGE Missing required bundle net.sf.ictalive.service.enactment_1.0.0.
!SUBENTRY 2 net.sf.ictalive.aliveclipse 2 0 2013-07-17 10:57:43.591
!MESSAGE Missing required bundle net.sf.ictalive.service.owlseditor_1.0.0.
!SUBENTRY 2 net.sf.ictalive.aliveclipse 2 0 2013-07-17 10:57:43.591
!MESSAGE Missing required bundle net.sf.ictalive.schema.edit_1.0.0.
!SUBENTRY 2 net.sf.ictalive.aliveclipse 2 0 2013-07-17 10:57:43.591
!MESSAGE Missing required bundle net.sf.ictalive.eventlog.dashboard_1.0.0.
!SUBENTRY 2 net.sf.ictalive.aliveclipse 2 0 2013-07-17 10:57:43.592
!MESSAGE Missing required bundle net.sf.ictalive.coordination.wfvv.diagram_1.0.0.
!SUBENTRY 2 net.sf.ictalive.aliveclipse 2 0 2013-07-17 10:57:43.592
!MESSAGE Missing required bundle net.sf.ictalive.matchmaker.agent_1.0.0.
!SUBENTRY 2 net.sf.ictalive.aliveclipse 2 0 2013-07-17 10:57:43.592
!MESSAGE Missing required bundle net.sf.ictalive.coordination.agents.diagram.oaw_1.0.4.
!SUBENTRY 2 net.sf.ictalive.aliveclipse 2 0 2013-07-17 10:57:43.592
!MESSAGE Missing required bundle net.sf.ictalive.monitoring_0.0.1.
!SUBENTRY 2 net.sf.ictalive.aliveclipse 2 0 2013-07-17 10:57:43.592
!MESSAGE Missing required bundle net.sf.ictalive.service.repositorytools_1.0.1.
!SUBENTRY 2 net.sf.ictalive.aliveclipse 2 0 2013-07-17 10:57:43.593
!MESSAGE Missing required bundle net.sf.ictalive.log.analysis_2.0.0.
!SUBENTRY 2 net.sf.ictalive.aliveclipse 2 0 2013-07-17 10:57:43.593
!MESSAGE Missing required bundle net.sf.ictalive.owls_1.0.2.
!SUBENTRY 2 net.sf.ictalive.aliveclipse 2 0 2013-07-17 10:57:43.593
!MESSAGE Missing required bundle net.sf.ictalive.rules_1.0.4.
!SUBENTRY 2 net.sf.ictalive.aliveclipse 2 0 2013-07-17 10:57:43.593
!MESSAGE Missing required bundle net.sf.ictalive.coordination.wfannotation.bpel.diagram_1.0.0.
!SUBENTRY 2 net.sf.ictalive.aliveclipse 2 0 2013-07-17 10:57:43.593
!MESSAGE Missing required bundle net.sf.ictalive.coordination.agents.diagram.library_1.0.0.
!SUBENTRY 2 net.sf.ictalive.aliveclipse 2 0 2013-07-17 10:57:43.594
!MESSAGE Missing required bundle net.sf.ictalive.coordination.wfannotation.mapping.editor_0.1.0.
!SUBENTRY 2 net.sf.ictalive.aliveclipse 2 0 2013-07-17 10:57:43.594
!MESSAGE Missing required bundle net.sf.ictalive.eventlog_0.0.1.
!SUBENTRY 2 net.sf.ictalive.aliveclipse 2 0 2013-07-17 10:57:43.594
!MESSAGE Missing required bundle net.sf.ictalive.coordination.plansynthesis.eclipseplugin_0.4.5.
!SUBENTRY 2 net.sf.ictalive.aliveclipse 2 0 2013-07-17 10:57:43.594
!MESSAGE Missing required bundle net.sf.ictalive.EventMetamodel_1.0.0.
!SUBENTRY 2 net.sf.ictalive.aliveclipse 2 0 2013-07-17 10:57:43.594
!MESSAGE Missing required bundle net.sf.ictalive.coordination_1.0.2.
!SUBENTRY 2 net.sf.ictalive.aliveclipse 2 0 2013-07-17 10:57:43.595
!MESSAGE Missing required bundle net.sf.ictalive.service.enactmenttab_0.0.2.
!SUBENTRY 2 net.sf.ictalive.aliveclipse 2 0 2013-07-17 10:57:43.595
!MESSAGE Missing required bundle net.sf.ictalive.coordination.tasks.diagram_0.4.3.
!SUBENTRY 2 net.sf.ictalive.aliveclipse 2 0 2013-07-17 10:57:43.595
!MESSAGE Missing required bundle net.sf.ictalive.service.owlseditor.diagram_1.0.0.
!SUBENTRY 2 net.sf.ictalive.aliveclipse 2 0 2013-07-17 10:57:43.595
!MESSAGE Missing required bundle net.sf.ictalive.coordination.wfannotation.mapping.edit_0.1.0.

!ENTRY org.eclipse.osgi 2 0 2013-07-17 10:57:43.601
!MESSAGE The following is a complete list of bundles which are not resolved, see the prior log entry for the root cause if it exists:
!SUBENTRY 1 org.eclipse.osgi 2 0 2013-07-17 10:57:43.602
!MESSAGE Bundle net.sf.ictalive.operetta.diagram.is_2.0.0.qualifier [15] was not resolved.
!SUBENTRY 2 net.sf.ictalive.operetta.diagram.is 2 0 2013-07-17 10:57:43.602
!MESSAGE Missing required bundle net.sf.ictalive.operetta.psdeditor_1.0.0.
!SUBENTRY 1 org.eclipse.osgi 2 0 2013-07-17 10:57:43.602
!MESSAGE Bundle net.sf.ictalive.operetta.diagram.ss_2.0.0.qualifier [16] was not resolved.
!SUBENTRY 2 net.sf.ictalive.operetta.diagram.ss 2 0 2013-07-17 10:57:43.602
!MESSAGE Missing required bundle net.sf.ictalive.operetta.psdeditor_1.0.0.
!SUBENTRY 1 org.eclipse.osgi 2 0 2013-07-17 10:57:43.602
!MESSAGE Bundle net.sf.ictalive.operetta.editor_2.0.0.qualifier [18] was not resolved.
!SUBENTRY 2 net.sf.ictalive.operetta.editor 2 0 2013-07-17 10:57:43.603
!MESSAGE Missing required bundle net.sf.ictalive.operetta.diagram.ss_1.0.0.
!SUBENTRY 2 net.sf.ictalive.operetta.editor 2 0 2013-07-17 10:57:43.603
!MESSAGE Missing required bundle net.sf.ictalive.operetta.diagram.is_1.0.0.
!SUBENTRY 1 org.eclipse.osgi 2 0 2013-07-17 10:57:43.603
!MESSAGE Bundle net.sf.ictalive.operetta.modeltracker_2.0.0.qualifier [19] was not resolved.
!SUBENTRY 2 net.sf.ictalive.operetta.modeltracker 2 0 2013-07-17 10:57:43.603
!MESSAGE Missing required bundle net.sf.ictalive.operetta.editor_1.0.0.
!SUBENTRY 1 org.eclipse.osgi 2 0 2013-07-17 10:57:43.603
!MESSAGE Bundle net.sf.ictalive.operetta.ontology_2.0.0.qualifier [20] was not resolved.
!SUBENTRY 2 net.sf.ictalive.operetta.ontology 2 0 2013-07-17 10:57:43.603
!MESSAGE Missing required bundle net.sf.ictalive.operetta.editor_1.0.0.
!SUBENTRY 1 org.eclipse.osgi 2 0 2013-07-17 10:57:43.604
!MESSAGE Bundle net.sf.ictalive.aliveclipse_3.0.7.qualifier [286] was not resolved.
!SUBENTRY 2 net.sf.ictalive.aliveclipse 2 0 2013-07-17 10:57:43.604
!MESSAGE Missing required bundle net.sf.ictalive.operetta.editor_1.0.0.
!SUBENTRY 2 net.sf.ictalive.aliveclipse 2 0 2013-07-17 10:57:43.604
!MESSAGE Missing required bundle net.sf.ictalive.operetta.ontology_1.0.0.
!SUBENTRY 2 net.sf.ictalive.aliveclipse 2 0 2013-07-17 10:57:43.604
!MESSAGE Missing required bundle net.sf.ictalive.operetta.modeltracker_1.0.0.
!SUBENTRY 2 net.sf.ictalive.aliveclipse 2 0 2013-07-17 10:57:43.604
!MESSAGE Missing required bundle net.sf.ictalive.EventMetamodel_1.0.0.
!SUBENTRY 2 net.sf.ictalive.aliveclipse 2 0 2013-07-17 10:57:43.605
!MESSAGE Missing required bundle net.sf.ictalive.XSDSchema_1.0.0.
!SUBENTRY 2 net.sf.ictalive.aliveclipse 2 0 2013-07-17 10:57:43.605
!MESSAGE Missing required bundle net.sf.ictalive.coordination_1.0.2.
!SUBENTRY 2 net.sf.ictalive.aliveclipse 2 0 2013-07-17 10:57:43.605
!MESSAGE Missing required bundle net.sf.ictalive.coordination.actions.diagram_0.4.2.
!SUBENTRY 2 net.sf.ictalive.aliveclipse 2 0 2013-07-17 10:57:43.605
!MESSAGE Missing required bundle net.sf.ictalive.coordination.agents.diagram_1.0.0.
!SUBENTRY 2 net.sf.ictalive.aliveclipse 2 0 2013-07-17 10:57:43.605
!MESSAGE Missing required bundle net.sf.ictalive.coordination.agents.diagram.library_1.0.0.
!SUBENTRY 2 net.sf.ictalive.aliveclipse 2 0 2013-07-17 10:57:43.605
!MESSAGE Missing required bundle net.sf.ictalive.coordination.agents.diagram.oaw_1.0.4.
!SUBENTRY 2 net.sf.ictalive.aliveclipse 2 0 2013-07-17 10:57:43.606
!MESSAGE Missing required bundle net.sf.ictalive.coordination.edit_0.4.2.
!SUBENTRY 2 net.sf.ictalive.aliveclipse 2 0 2013-07-17 10:57:43.606
!MESSAGE Missing required bundle net.sf.ictalive.coordination.editor_0.4.3.
!SUBENTRY 2 net.sf.ictalive.aliveclipse 2 0 2013-07-17 10:57:43.606
!MESSAGE Missing required bundle net.sf.ictalive.coordination.plans.diagram_0.4.2.
!SUBENTRY 2 net.sf.ictalive.aliveclipse 2 0 2013-07-17 10:57:43.606
!MESSAGE Missing required bundle net.sf.ictalive.coordination.plansynthesis.eclipseplugin_0.4.5.
!SUBENTRY 2 net.sf.ictalive.aliveclipse 2 0 2013-07-17 10:57:43.606
!MESSAGE Missing required bundle net.sf.ictalive.coordination.tasks.diagram_0.4.3.
!SUBENTRY 2 net.sf.ictalive.aliveclipse 2 0 2013-07-17 10:57:43.606
!MESSAGE Missing required bundle net.sf.ictalive.coordination.wfannotation.bpel.diagram_1.0.0.
!SUBENTRY 2 net.sf.ictalive.aliveclipse 2 0 2013-07-17 10:57:43.607
!MESSAGE Missing required bundle net.sf.ictalive.coordination.wfannotation.bpel.diagram.diagram_1.0.0.
!SUBENTRY 2 net.sf.ictalive.aliveclipse 2 0 2013-07-17 10:57:43.607
!MESSAGE Missing required bundle net.sf.ictalive.coordination.wfannotation.bpel.diagram.edit_1.0.0.
!SUBENTRY 2 net.sf.ictalive.aliveclipse 2 0 2013-07-17 10:57:43.607
!MESSAGE Missing required bundle net.sf.ictalive.coordination.wfannotation.bpel.diagram.editor_1.0.0.
!SUBENTRY 2 net.sf.ictalive.aliveclipse 2 0 2013-07-17 10:57:43.607
!MESSAGE Missing required bundle net.sf.ictalive.coordination.wfannotation.mapping_0.1.0.
!SUBENTRY 2 net.sf.ictalive.aliveclipse 2 0 2013-07-17 10:57:43.607
!MESSAGE Missing required bundle net.sf.ictalive.coordination.wfannotation.mapping.diagram_1.0.0.
!SUBENTRY 2 net.sf.ictalive.aliveclipse 2 0 2013-07-17 10:57:43.607
!MESSAGE Missing required bundle net.sf.ictalive.coordination.wfannotation.mapping.edit_0.1.0.
!SUBENTRY 2 net.sf.ictalive.aliveclipse 2 0 2013-07-17 10:57:43.608
!MESSAGE Missing required bundle net.sf.ictalive.coordination.wfannotation.mapping.editor_0.1.0.
!SUBENTRY 2 net.sf.ictalive.aliveclipse 2 0 2013-07-17 10:57:43.608
!MESSAGE Missing required bundle net.sf.ictalive.coordination.wfvv_1.0.0.
!SUBENTRY 2 net.sf.ictalive.aliveclipse 2 0 2013-07-17 10:57:43.608
!MESSAGE Missing required bundle net.sf.ictalive.coordination.wfvv.diagram_1.0.0.
!SUBENTRY 2 net.sf.ictalive.aliveclipse 2 0 2013-07-17 10:57:43.608
!MESSAGE Missing required bundle net.sf.ictalive.coordination.wfvv.edit_1.0.0.
!SUBENTRY 2 net.sf.ictalive.aliveclipse 2 0 2013-07-17 10:57:43.608
!MESSAGE Missing required bundle net.sf.ictalive.coordination.wfvv.editor_1.0.0.
!SUBENTRY 2 net.sf.ictalive.aliveclipse 2 0 2013-07-17 10:57:43.608
!MESSAGE Missing required bundle net.sf.ictalive.eventbus_0.0.1.
!SUBENTRY 2 net.sf.ictalive.aliveclipse 2 0 2013-07-17 10:57:43.609
!MESSAGE Missing required bundle net.sf.ictalive.eventbus.dashboard_1.0.0.
!SUBENTRY 2 net.sf.ictalive.aliveclipse 2 0 2013-07-17 10:57:43.609
!MESSAGE Missing required bundle net.sf.ictalive.eventlog_0.0.1.
!SUBENTRY 2 net.sf.ictalive.aliveclipse 2 0 2013-07-17 10:57:43.609
!MESSAGE Missing required bundle net.sf.ictalive.eventlog.dashboard_1.0.0.
!SUBENTRY 2 net.sf.ictalive.aliveclipse 2 0 2013-07-17 10:57:43.609
!MESSAGE Missing required bundle net.sf.ictalive.log.analysis_2.0.0.
!SUBENTRY 2 net.sf.ictalive.aliveclipse 2 0 2013-07-17 10:57:43.609
!MESSAGE Missing required bundle net.sf.ictalive.matchmaker.agent_1.0.0.
!SUBENTRY 2 net.sf.ictalive.aliveclipse 2 0 2013-07-17 10:57:43.609
!MESSAGE Missing required bundle net.sf.ictalive.metamodel.utils_0.0.1.
!SUBENTRY 2 net.sf.ictalive.aliveclipse 2 0 2013-07-17 10:57:43.610
!MESSAGE Missing required bundle net.sf.ictalive.monitoring_0.0.1.
!SUBENTRY 2 net.sf.ictalive.aliveclipse 2 0 2013-07-17 10:57:43.610
!MESSAGE Missing required bundle net.sf.ictalive.monitortool_1.0.1.
!SUBENTRY 2 net.sf.ictalive.aliveclipse 2 0 2013-07-17 10:57:43.610
!MESSAGE Missing required bundle net.sf.ictalive.operetta.diagram.is_2.0.0.
!SUBENTRY 2 net.sf.ictalive.aliveclipse 2 0 2013-07-17 10:57:43.610
!MESSAGE Missing required bundle net.sf.ictalive.operetta.diagram.ss_2.0.0.
!SUBENTRY 2 net.sf.ictalive.aliveclipse 2 0 2013-07-17 10:57:43.610
!MESSAGE Missing required bundle net.sf.ictalive.operetta.psdeditor_2.0.0.
!SUBENTRY 2 net.sf.ictalive.aliveclipse 2 0 2013-07-17 10:57:43.610
!MESSAGE Missing required bundle net.sf.ictalive.owls_1.0.2.
!SUBENTRY 2 net.sf.ictalive.aliveclipse 2 0 2013-07-17 10:57:43.611
!MESSAGE Missing required bundle net.sf.ictalive.owls.edit_1.0.1.
!SUBENTRY 2 net.sf.ictalive.aliveclipse 2 0 2013-07-17 10:57:43.611
!MESSAGE Missing required bundle net.sf.ictalive.rules_1.0.4.
!SUBENTRY 2 net.sf.ictalive.aliveclipse 2 0 2013-07-17 10:57:43.611
!MESSAGE Missing required bundle net.sf.ictalive.rules.edit_1.0.2.
!SUBENTRY 2 net.sf.ictalive.aliveclipse 2 0 2013-07-17 10:57:43.611
!MESSAGE Missing required bundle net.sf.ictalive.runtime_1.0.5.
!SUBENTRY 2 net.sf.ictalive.aliveclipse 2 0 2013-07-17 10:57:43.611
!MESSAGE Missing required bundle net.sf.ictalive.runtime.NormInstances_1.0.0.
!SUBENTRY 2 net.sf.ictalive.aliveclipse 2 0 2013-07-17 10:57:43.611
!MESSAGE Missing required bundle net.sf.ictalive.runtime.NormInstances.edit_1.0.0.
!SUBENTRY 2 net.sf.ictalive.aliveclipse 2 0 2013-07-17 10:57:43.612
!MESSAGE Missing required bundle net.sf.ictalive.runtime.edit_1.0.1.
!SUBENTRY 2 net.sf.ictalive.aliveclipse 2 0 2013-07-17 10:57:43.612
!MESSAGE Missing required bundle net.sf.ictalive.runtime.editor_1.0.1.
!SUBENTRY 2 net.sf.ictalive.aliveclipse 2 0 2013-07-17 10:57:43.612
!MESSAGE Missing required bundle net.sf.ictalive.schema.edit_1.0.0.
!SUBENTRY 2 net.sf.ictalive.aliveclipse 2 0 2013-07-17 10:57:43.612
!MESSAGE Missing required bundle net.sf.ictalive.service.enactment_1.0.0.
!SUBENTRY 2 net.sf.ictalive.aliveclipse 2 0 2013-07-17 10:57:43.612
!MESSAGE Missing required bundle net.sf.ictalive.service.enactmenttab_0.0.2.
!SUBENTRY 2 net.sf.ictalive.aliveclipse 2 0 2013-07-17 10:57:43.612
!MESSAGE Missing required bundle net.sf.ictalive.service.matchmakertab_1.0.0.
!SUBENTRY 2 net.sf.ictalive.aliveclipse 2 0 2013-07-17 10:57:43.613
!MESSAGE Missing required bundle net.sf.ictalive.service.owlseditor_1.0.0.
!SUBENTRY 2 net.sf.ictalive.aliveclipse 2 0 2013-07-17 10:57:43.613
!MESSAGE Missing required bundle net.sf.ictalive.service.owlseditor.diagram_1.0.0.
!SUBENTRY 2 net.sf.ictalive.aliveclipse 2 0 2013-07-17 10:57:43.613
!MESSAGE Missing required bundle net.sf.ictalive.service.owlseditor.edit_1.0.0.
!SUBENTRY 2 net.sf.ictalive.aliveclipse 2 0 2013-07-17 10:57:43.613
!MESSAGE Missing required bundle net.sf.ictalive.service.owlseditor.editor_1.0.0.
!SUBENTRY 2 net.sf.ictalive.aliveclipse 2 0 2013-07-17 10:57:43.613
!MESSAGE Missing required bundle net.sf.ictalive.service.repositorytools_1.0.1.
!SUBENTRY 2 net.sf.ictalive.aliveclipse 2 0 2013-07-17 10:57:43.613
!MESSAGE Missing required bundle net.sf.ictalive.service.template.ui_1.0.0.
!SUBENTRY 2 net.sf.ictalive.aliveclipse 2 0 2013-07-17 10:57:43.614
!MESSAGE Missing required bundle net.sf.ictalive.service.templates_1.0.0.
!SUBENTRY 2 net.sf.ictalive.aliveclipse 2 0 2013-07-17 10:57:43.614
!MESSAGE Missing required bundle net.sf.ictalive.services_1.0.3.
!SUBENTRY 2 net.sf.ictalive.aliveclipse 2 0 2013-07-17 10:57:43.614
!MESSAGE Missing required bundle net.sf.ictalive.services.edit_1.0.3.
!SUBENTRY 2 net.sf.ictalive.aliveclipse 2 0 2013-07-17 10:57:43.614
!MESSAGE Missing required bundle net.sf.ictalive.serviceui_1.0.2.
!SUBENTRY 1 org.eclipse.osgi 2 0 2013-07-17 10:57:43.614
!MESSAGE Bundle net.sf.ictalive.operetta.psdeditor_2.0.0.qualifier [291] was not resolved.
!SUBENTRY 2 net.sf.ictalive.operetta.psdeditor 2 0 2013-07-17 10:57:43.614
!MESSAGE Package uses conflict: Require-Bundle: net.sf.ictalive.operetta.edit; bundle-version="2.0.0"

!ENTRY org.eclipse.osgi 2 0 2013-07-17 10:57:43.662
!MESSAGE One or more bundles are not resolved because the following root constraints are not resolved:
!SUBENTRY 1 org.eclipse.osgi 2 0 2013-07-17 10:57:43.662
!MESSAGE Bundle reference:file:/Users/sergio/Documents/Research/aliveclipse/net.sf.ictalive.aliveclipse/ was not resolved.
!SUBENTRY 2 net.sf.ictalive.aliveclipse 2 0 2013-07-17 10:57:43.662
!MESSAGE Missing required bundle net.sf.ictalive.coordination.wfannotation.mapping.diagram_1.0.0.
!SUBENTRY 2 net.sf.ictalive.aliveclipse 2 0 2013-07-17 10:57:43.663
!MESSAGE Missing required bundle net.sf.ictalive.runtime_1.0.5.
!SUBENTRY 2 net.sf.ictalive.aliveclipse 2 0 2013-07-17 10:57:43.663
!MESSAGE Missing required bundle net.sf.ictalive.coordination.actions.diagram_0.4.2.
!SUBENTRY 2 net.sf.ictalive.aliveclipse 2 0 2013-07-17 10:57:43.663
!MESSAGE Missing required bundle net.sf.ictalive.coordination.plans.diagram_0.4.2.
!SUBENTRY 2 net.sf.ictalive.aliveclipse 2 0 2013-07-17 10:57:43.663
!MESSAGE Missing required bundle net.sf.ictalive.runtime.edit_1.0.1.
!SUBENTRY 2 net.sf.ictalive.aliveclipse 2 0 2013-07-17 10:57:43.663
!MESSAGE Missing required bundle net.sf.ictalive.runtime.NormInstances_1.0.0.
!SUBENTRY 2 net.sf.ictalive.aliveclipse 2 0 2013-07-17 10:57:43.664
!MESSAGE Missing required bundle net.sf.ictalive.service.owlseditor.edit_1.0.0.
!SUBENTRY 2 net.sf.ictalive.aliveclipse 2 0 2013-07-17 10:57:43.664
!MESSAGE Missing required bundle net.sf.ictalive.service.template.ui_1.0.0.
!SUBENTRY 2 net.sf.ictalive.aliveclipse 2 0 2013-07-17 10:57:43.664
!MESSAGE Missing required bundle net.sf.ictalive.coordination.agents.diagram_1.0.0.
!SUBENTRY 2 net.sf.ictalive.aliveclipse 2 0 2013-07-17 10:57:43.664
!MESSAGE Missing required bundle net.sf.ictalive.coordination.wfvv_1.0.0.
!SUBENTRY 2 net.sf.ictalive.aliveclipse 2 0 2013-07-17 10:57:43.664
!MESSAGE Missing required bundle net.sf.ictalive.owls.edit_1.0.1.
!SUBENTRY 2 net.sf.ictalive.aliveclipse 2 0 2013-07-17 10:57:43.665
!MESSAGE Missing required bundle net.sf.ictalive.coordination.wfannotation.bpel.diagram.edit_1.0.0.
!SUBENTRY 2 net.sf.ictalive.aliveclipse 2 0 2013-07-17 10:57:43.665
!MESSAGE Missing required bundle net.sf.ictalive.metamodel.utils_0.0.1.
!SUBENTRY 2 net.sf.ictalive.aliveclipse 2 0 2013-07-17 10:57:43.665
!MESSAGE Missing required bundle net.sf.ictalive.serviceui_1.0.2.
!SUBENTRY 2 net.sf.ictalive.aliveclipse 2 0 2013-07-17 10:57:43.665
!MESSAGE Missing required bundle net.sf.ictalive.services.edit_1.0.3.
!SUBENTRY 2 net.sf.ictalive.aliveclipse 2 0 2013-07-17 10:57:43.665
!MESSAGE Missing required bundle net.sf.ictalive.services_1.0.3.
!SUBENTRY 2 net.sf.ictalive.aliveclipse 2 0 2013-07-17 10:57:43.666
!MESSAGE Missing required bundle net.sf.ictalive.rules.edit_1.0.2.
!SUBENTRY 2 net.sf.ictalive.aliveclipse 2 0 2013-07-17 10:57:43.666
!MESSAGE Missing required bundle net.sf.ictalive.coordination.wfvv.edit_1.0.0.
!SUBENTRY 2 net.sf.ictalive.aliveclipse 2 0 2013-07-17 10:57:43.666
!MESSAGE Missing required bundle net.sf.ictalive.runtime.NormInstances.edit_1.0.0.
!SUBENTRY 2 net.sf.ictalive.aliveclipse 2 0 2013-07-17 10:57:43.666
!MESSAGE Missing required bundle net.sf.ictalive.service.templates_1.0.0.
!SUBENTRY 2 net.sf.ictalive.aliveclipse 2 0 2013-07-17 10:57:43.667
!MESSAGE Missing required bundle net.sf.ictalive.XSDSchema_1.0.0.
!SUBENTRY 2 net.sf.ictalive.aliveclipse 2 0 2013-07-17 10:57:43.667
!MESSAGE Missing required bundle net.sf.ictalive.service.matchmakertab_1.0.0.
!SUBENTRY 2 net.sf.ictalive.aliveclipse 2 0 2013-07-17 10:57:43.667
!MESSAGE Missing required bundle net.sf.ictalive.eventbus_0.0.1.
!SUBENTRY 2 net.sf.ictalive.aliveclipse 2 0 2013-07-17 10:57:43.668
!MESSAGE Missing required bundle net.sf.ictalive.monitortool_1.0.1.
!SUBENTRY 2 net.sf.ictalive.aliveclipse 2 0 2013-07-17 10:57:43.668
!MESSAGE Missing required bundle net.sf.ictalive.coordination.edit_0.4.2.
!SUBENTRY 2 net.sf.ictalive.aliveclipse 2 0 2013-07-17 10:57:43.668
!MESSAGE Missing required bundle net.sf.ictalive.coordination.wfannotation.bpel.diagram.diagram_1.0.0.
!SUBENTRY 2 net.sf.ictalive.aliveclipse 2 0 2013-07-17 10:57:43.669
!MESSAGE Missing required bundle net.sf.ictalive.coordination.editor_0.4.3.
!SUBENTRY 2 net.sf.ictalive.aliveclipse 2 0 2013-07-17 10:57:43.669
!MESSAGE Missing required bundle net.sf.ictalive.coordination.wfvv.editor_1.0.0.
!SUBENTRY 2 net.sf.ictalive.aliveclipse 2 0 2013-07-17 10:57:43.669
!MESSAGE Missing required bundle net.sf.ictalive.eventbus.dashboard_1.0.0.
!SUBENTRY 2 net.sf.ictalive.aliveclipse 2 0 2013-07-17 10:57:43.670
!MESSAGE Missing required bundle net.sf.ictalive.service.owlseditor.editor_1.0.0.
!SUBENTRY 2 net.sf.ictalive.aliveclipse 2 0 2013-07-17 10:57:43.670
!MESSAGE Missing required bundle net.sf.ictalive.coordination.wfannotation.mapping_0.1.0.
!SUBENTRY 2 net.sf.ictalive.aliveclipse 2 0 2013-07-17 10:57:43.670
!MESSAGE Missing required bundle net.sf.ictalive.coordination.wfannotation.bpel.diagram.editor_1.0.0.
!SUBENTRY 2 net.sf.ictalive.aliveclipse 2 0 2013-07-17 10:57:43.671
!MESSAGE Missing required bundle net.sf.ictalive.runtime.editor_1.0.1.
!SUBENTRY 2 net.sf.ictalive.aliveclipse 2 0 2013-07-17 10:57:43.671
!MESSAGE Missing required bundle net.sf.ictalive.service.enactment_1.0.0.
!SUBENTRY 2 net.sf.ictalive.aliveclipse 2 0 2013-07-17 10:57:43.671
!MESSAGE Missing required bundle net.sf.ictalive.service.owlseditor_1.0.0.
!SUBENTRY 2 net.sf.ictalive.aliveclipse 2 0 2013-07-17 10:57:43.672
!MESSAGE Missing required bundle net.sf.ictalive.schema.edit_1.0.0.
!SUBENTRY 2 net.sf.ictalive.aliveclipse 2 0 2013-07-17 10:57:43.672
!MESSAGE Missing required bundle net.sf.ictalive.eventlog.dashboard_1.0.0.
!SUBENTRY 2 net.sf.ictalive.aliveclipse 2 0 2013-07-17 10:57:43.672
!MESSAGE Missing required bundle net.sf.ictalive.coordination.wfvv.diagram_1.0.0.
!SUBENTRY 2 net.sf.ictalive.aliveclipse 2 0 2013-07-17 10:57:43.672
!MESSAGE Missing required bundle net.sf.ictalive.matchmaker.agent_1.0.0.
!SUBENTRY 2 net.sf.ictalive.aliveclipse 2 0 2013-07-17 10:57:43.673
!MESSAGE Missing required bundle net.sf.ictalive.coordination.agents.diagram.oaw_1.0.4.
!SUBENTRY 2 net.sf.ictalive.aliveclipse 2 0 2013-07-17 10:57:43.673
!MESSAGE Missing required bundle net.sf.ictalive.monitoring_0.0.1.
!SUBENTRY 2 net.sf.ictalive.aliveclipse 2 0 2013-07-17 10:57:43.673
!MESSAGE Missing required bundle net.sf.ictalive.service.repositorytools_1.0.1.
!SUBENTRY 2 net.sf.ictalive.aliveclipse 2 0 2013-07-17 10:57:43.673
!MESSAGE Missing required bundle net.sf.ictalive.log.analysis_2.0.0.
!SUBENTRY 2 net.sf.ictalive.aliveclipse 2 0 2013-07-17 10:57:43.674
!MESSAGE Missing required bundle net.sf.ictalive.owls_1.0.2.
!SUBENTRY 2 net.sf.ictalive.aliveclipse 2 0 2013-07-17 10:57:43.674
!MESSAGE Missing required bundle net.sf.ictalive.rules_1.0.4.
!SUBENTRY 2 net.sf.ictalive.aliveclipse 2 0 2013-07-17 10:57:43.674
!MESSAGE Missing required bundle net.sf.ictalive.coordination.wfannotation.bpel.diagram_1.0.0.
!SUBENTRY 2 net.sf.ictalive.aliveclipse 2 0 2013-07-17 10:57:43.674
!MESSAGE Missing required bundle net.sf.ictalive.coordination.agents.diagram.library_1.0.0.
!SUBENTRY 2 net.sf.ictalive.aliveclipse 2 0 2013-07-17 10:57:43.674
!MESSAGE Missing required bundle net.sf.ictalive.coordination.wfannotation.mapping.editor_0.1.0.
!SUBENTRY 2 net.sf.ictalive.aliveclipse 2 0 2013-07-17 10:57:43.675
!MESSAGE Missing required bundle net.sf.ictalive.eventlog_0.0.1.
!SUBENTRY 2 net.sf.ictalive.aliveclipse 2 0 2013-07-17 10:57:43.675
!MESSAGE Missing required bundle net.sf.ictalive.coordination.plansynthesis.eclipseplugin_0.4.5.
!SUBENTRY 2 net.sf.ictalive.aliveclipse 2 0 2013-07-17 10:57:43.675
!MESSAGE Missing required bundle net.sf.ictalive.EventMetamodel_1.0.0.
!SUBENTRY 2 net.sf.ictalive.aliveclipse 2 0 2013-07-17 10:57:43.675
!MESSAGE Missing required bundle net.sf.ictalive.coordination_1.0.2.
!SUBENTRY 2 net.sf.ictalive.aliveclipse 2 0 2013-07-17 10:57:43.675
!MESSAGE Missing required bundle net.sf.ictalive.service.enactmenttab_0.0.2.
!SUBENTRY 2 net.sf.ictalive.aliveclipse 2 0 2013-07-17 10:57:43.676
!MESSAGE Missing required bundle net.sf.ictalive.coordination.tasks.diagram_0.4.3.
!SUBENTRY 2 net.sf.ictalive.aliveclipse 2 0 2013-07-17 10:57:43.676
!MESSAGE Missing required bundle net.sf.ictalive.service.owlseditor.diagram_1.0.0.
!SUBENTRY 2 net.sf.ictalive.aliveclipse 2 0 2013-07-17 10:57:43.676
!MESSAGE Missing required bundle net.sf.ictalive.coordination.wfannotation.mapping.edit_0.1.0.

!ENTRY org.eclipse.osgi 2 0 2013-07-17 10:57:43.681
!MESSAGE The following is a complete list of bundles which are not resolved, see the prior log entry for the root cause if it exists:
!SUBENTRY 1 org.eclipse.osgi 2 0 2013-07-17 10:57:43.681
!MESSAGE Bundle net.sf.ictalive.operetta.diagram.is_2.0.0.qualifier [15] was not resolved.
!SUBENTRY 2 net.sf.ictalive.operetta.diagram.is 2 0 2013-07-17 10:57:43.681
!MESSAGE Missing required bundle net.sf.ictalive.operetta.psdeditor_1.0.0.
!SUBENTRY 1 org.eclipse.osgi 2 0 2013-07-17 10:57:43.681
!MESSAGE Bundle net.sf.ictalive.operetta.diagram.ss_2.0.0.qualifier [16] was not resolved.
!SUBENTRY 2 net.sf.ictalive.operetta.diagram.ss 2 0 2013-07-17 10:57:43.682
!MESSAGE Missing required bundle net.sf.ictalive.operetta.psdeditor_1.0.0.
!SUBENTRY 1 org.eclipse.osgi 2 0 2013-07-17 10:57:43.682
!MESSAGE Bundle net.sf.ictalive.operetta.editor_2.0.0.qualifier [18] was not resolved.
!SUBENTRY 2 net.sf.ictalive.operetta.editor 2 0 2013-07-17 10:57:43.682
!MESSAGE Missing required bundle net.sf.ictalive.operetta.diagram.ss_1.0.0.
!SUBENTRY 2 net.sf.ictalive.operetta.editor 2 0 2013-07-17 10:57:43.682
!MESSAGE Missing required bundle net.sf.ictalive.operetta.diagram.is_1.0.0.
!SUBENTRY 1 org.eclipse.osgi 2 0 2013-07-17 10:57:43.682
!MESSAGE Bundle net.sf.ictalive.operetta.modeltracker_2.0.0.qualifier [19] was not resolved.
!SUBENTRY 2 net.sf.ictalive.operetta.modeltracker 2 0 2013-07-17 10:57:43.682
!MESSAGE Missing required bundle net.sf.ictalive.operetta.editor_1.0.0.
!SUBENTRY 1 org.eclipse.osgi 2 0 2013-07-17 10:57:43.683
!MESSAGE Bundle net.sf.ictalive.operetta.ontology_2.0.0.qualifier [20] was not resolved.
!SUBENTRY 2 net.sf.ictalive.operetta.ontology 2 0 2013-07-17 10:57:43.683
!MESSAGE Missing required bundle net.sf.ictalive.operetta.editor_1.0.0.
!SUBENTRY 1 org.eclipse.osgi 2 0 2013-07-17 10:57:43.683
!MESSAGE Bundle net.sf.ictalive.aliveclipse_3.0.7.qualifier [286] was not resolved.
!SUBENTRY 2 net.sf.ictalive.aliveclipse 2 0 2013-07-17 10:57:43.683
!MESSAGE Missing required bundle net.sf.ictalive.operetta.editor_1.0.0.
!SUBENTRY 2 net.sf.ictalive.aliveclipse 2 0 2013-07-17 10:57:43.683
!MESSAGE Missing required bundle net.sf.ictalive.operetta.ontology_1.0.0.
!SUBENTRY 2 net.sf.ictalive.aliveclipse 2 0 2013-07-17 10:57:43.683
!MESSAGE Missing required bundle net.sf.ictalive.operetta.modeltracker_1.0.0.
!SUBENTRY 2 net.sf.ictalive.aliveclipse 2 0 2013-07-17 10:57:43.683
!MESSAGE Missing required bundle net.sf.ictalive.EventMetamodel_1.0.0.
!SUBENTRY 2 net.sf.ictalive.aliveclipse 2 0 2013-07-17 10:57:43.684
!MESSAGE Missing required bundle net.sf.ictalive.XSDSchema_1.0.0.
!SUBENTRY 2 net.sf.ictalive.aliveclipse 2 0 2013-07-17 10:57:43.684
!MESSAGE Missing required bundle net.sf.ictalive.coordination_1.0.2.
!SUBENTRY 2 net.sf.ictalive.aliveclipse 2 0 2013-07-17 10:57:43.684
!MESSAGE Missing required bundle net.sf.ictalive.coordination.actions.diagram_0.4.2.
!SUBENTRY 2 net.sf.ictalive.aliveclipse 2 0 2013-07-17 10:57:43.684
!MESSAGE Missing required bundle net.sf.ictalive.coordination.agents.diagram_1.0.0.
!SUBENTRY 2 net.sf.ictalive.aliveclipse 2 0 2013-07-17 10:57:43.684
!MESSAGE Missing required bundle net.sf.ictalive.coordination.agents.diagram.library_1.0.0.
!SUBENTRY 2 net.sf.ictalive.aliveclipse 2 0 2013-07-17 10:57:43.684
!MESSAGE Missing required bundle net.sf.ictalive.coordination.agents.diagram.oaw_1.0.4.
!SUBENTRY 2 net.sf.ictalive.aliveclipse 2 0 2013-07-17 10:57:43.685
!MESSAGE Missing required bundle net.sf.ictalive.coordination.edit_0.4.2.
!SUBENTRY 2 net.sf.ictalive.aliveclipse 2 0 2013-07-17 10:57:43.685
!MESSAGE Missing required bundle net.sf.ictalive.coordination.editor_0.4.3.
!SUBENTRY 2 net.sf.ictalive.aliveclipse 2 0 2013-07-17 10:57:43.685
!MESSAGE Missing required bundle net.sf.ictalive.coordination.plans.diagram_0.4.2.
!SUBENTRY 2 net.sf.ictalive.aliveclipse 2 0 2013-07-17 10:57:43.685
!MESSAGE Missing required bundle net.sf.ictalive.coordination.plansynthesis.eclipseplugin_0.4.5.
!SUBENTRY 2 net.sf.ictalive.aliveclipse 2 0 2013-07-17 10:57:43.685
!MESSAGE Missing required bundle net.sf.ictalive.coordination.tasks.diagram_0.4.3.
!SUBENTRY 2 net.sf.ictalive.aliveclipse 2 0 2013-07-17 10:57:43.685
!MESSAGE Missing required bundle net.sf.ictalive.coordination.wfannotation.bpel.diagram_1.0.0.
!SUBENTRY 2 net.sf.ictalive.aliveclipse 2 0 2013-07-17 10:57:43.685
!MESSAGE Missing required bundle net.sf.ictalive.coordination.wfannotation.bpel.diagram.diagram_1.0.0.
!SUBENTRY 2 net.sf.ictalive.aliveclipse 2 0 2013-07-17 10:57:43.686
!MESSAGE Missing required bundle net.sf.ictalive.coordination.wfannotation.bpel.diagram.edit_1.0.0.
!SUBENTRY 2 net.sf.ictalive.aliveclipse 2 0 2013-07-17 10:57:43.686
!MESSAGE Missing required bundle net.sf.ictalive.coordination.wfannotation.bpel.diagram.editor_1.0.0.
!SUBENTRY 2 net.sf.ictalive.aliveclipse 2 0 2013-07-17 10:57:43.686
!MESSAGE Missing required bundle net.sf.ictalive.coordination.wfannotation.mapping_0.1.0.
!SUBENTRY 2 net.sf.ictalive.aliveclipse 2 0 2013-07-17 10:57:43.686
!MESSAGE Missing required bundle net.sf.ictalive.coordination.wfannotation.mapping.diagram_1.0.0.
!SUBENTRY 2 net.sf.ictalive.aliveclipse 2 0 2013-07-17 10:57:43.686
!MESSAGE Missing required bundle net.sf.ictalive.coordination.wfannotation.mapping.edit_0.1.0.
!SUBENTRY 2 net.sf.ictalive.aliveclipse 2 0 2013-07-17 10:57:43.686
!MESSAGE Missing required bundle net.sf.ictalive.coordination.wfannotation.mapping.editor_0.1.0.
!SUBENTRY 2 net.sf.ictalive.aliveclipse 2 0 2013-07-17 10:57:43.687
!MESSAGE Missing required bundle net.sf.ictalive.coordination.wfvv_1.0.0.
!SUBENTRY 2 net.sf.ictalive.aliveclipse 2 0 2013-07-17 10:57:43.687
!MESSAGE Missing required bundle net.sf.ictalive.coordination.wfvv.diagram_1.0.0.
!SUBENTRY 2 net.sf.ictalive.aliveclipse 2 0 2013-07-17 10:57:43.687
!MESSAGE Missing required bundle net.sf.ictalive.coordination.wfvv.edit_1.0.0.
!SUBENTRY 2 net.sf.ictalive.aliveclipse 2 0 2013-07-17 10:57:43.687
!MESSAGE Missing required bundle net.sf.ictalive.coordination.wfvv.editor_1.0.0.
!SUBENTRY 2 net.sf.ictalive.aliveclipse 2 0 2013-07-17 10:57:43.688
!MESSAGE Missing required bundle net.sf.ictalive.eventbus_0.0.1.
!SUBENTRY 2 net.sf.ictalive.aliveclipse 2 0 2013-07-17 10:57:43.688
!MESSAGE Missing required bundle net.sf.ictalive.eventbus.dashboard_1.0.0.
!SUBENTRY 2 net.sf.ictalive.aliveclipse 2 0 2013-07-17 10:57:43.688
!MESSAGE Missing required bundle net.sf.ictalive.eventlog_0.0.1.
!SUBENTRY 2 net.sf.ictalive.aliveclipse 2 0 2013-07-17 10:57:43.688
!MESSAGE Missing required bundle net.sf.ictalive.eventlog.dashboard_1.0.0.
!SUBENTRY 2 net.sf.ictalive.aliveclipse 2 0 2013-07-17 10:57:43.688
!MESSAGE Missing required bundle net.sf.ictalive.log.analysis_2.0.0.
!SUBENTRY 2 net.sf.ictalive.aliveclipse 2 0 2013-07-17 10:57:43.689
!MESSAGE Missing required bundle net.sf.ictalive.matchmaker.agent_1.0.0.
!SUBENTRY 2 net.sf.ictalive.aliveclipse 2 0 2013-07-17 10:57:43.689
!MESSAGE Missing required bundle net.sf.ictalive.metamodel.utils_0.0.1.
!SUBENTRY 2 net.sf.ictalive.aliveclipse 2 0 2013-07-17 10:57:43.689
!MESSAGE Missing required bundle net.sf.ictalive.monitoring_0.0.1.
!SUBENTRY 2 net.sf.ictalive.aliveclipse 2 0 2013-07-17 10:57:43.689
!MESSAGE Missing required bundle net.sf.ictalive.monitortool_1.0.1.
!SUBENTRY 2 net.sf.ictalive.aliveclipse 2 0 2013-07-17 10:57:43.689
!MESSAGE Missing required bundle net.sf.ictalive.operetta.diagram.is_2.0.0.
!SUBENTRY 2 net.sf.ictalive.aliveclipse 2 0 2013-07-17 10:57:43.690
!MESSAGE Missing required bundle net.sf.ictalive.operetta.diagram.ss_2.0.0.
!SUBENTRY 2 net.sf.ictalive.aliveclipse 2 0 2013-07-17 10:57:43.690
!MESSAGE Missing required bundle net.sf.ictalive.operetta.psdeditor_2.0.0.
!SUBENTRY 2 net.sf.ictalive.aliveclipse 2 0 2013-07-17 10:57:43.690
!MESSAGE Missing required bundle net.sf.ictalive.owls_1.0.2.
!SUBENTRY 2 net.sf.ictalive.aliveclipse 2 0 2013-07-17 10:57:43.690
!MESSAGE Missing required bundle net.sf.ictalive.owls.edit_1.0.1.
!SUBENTRY 2 net.sf.ictalive.aliveclipse 2 0 2013-07-17 10:57:43.691
!MESSAGE Missing required bundle net.sf.ictalive.rules_1.0.4.
!SUBENTRY 2 net.sf.ictalive.aliveclipse 2 0 2013-07-17 10:57:43.691
!MESSAGE Missing required bundle net.sf.ictalive.rules.edit_1.0.2.
!SUBENTRY 2 net.sf.ictalive.aliveclipse 2 0 2013-07-17 10:57:43.691
!MESSAGE Missing required bundle net.sf.ictalive.runtime_1.0.5.
!SUBENTRY 2 net.sf.ictalive.aliveclipse 2 0 2013-07-17 10:57:43.691
!MESSAGE Missing required bundle net.sf.ictalive.runtime.NormInstances_1.0.0.
!SUBENTRY 2 net.sf.ictalive.aliveclipse 2 0 2013-07-17 10:57:43.691
!MESSAGE Missing required bundle net.sf.ictalive.runtime.NormInstances.edit_1.0.0.
!SUBENTRY 2 net.sf.ictalive.aliveclipse 2 0 2013-07-17 10:57:43.692
!MESSAGE Missing required bundle net.sf.ictalive.runtime.edit_1.0.1.
!SUBENTRY 2 net.sf.ictalive.aliveclipse 2 0 2013-07-17 10:57:43.692
!MESSAGE Missing required bundle net.sf.ictalive.runtime.editor_1.0.1.
!SUBENTRY 2 net.sf.ictalive.aliveclipse 2 0 2013-07-17 10:57:43.692
!MESSAGE Missing required bundle net.sf.ictalive.schema.edit_1.0.0.
!SUBENTRY 2 net.sf.ictalive.aliveclipse 2 0 2013-07-17 10:57:43.692
!MESSAGE Missing required bundle net.sf.ictalive.service.enactment_1.0.0.
!SUBENTRY 2 net.sf.ictalive.aliveclipse 2 0 2013-07-17 10:57:43.693
!MESSAGE Missing required bundle net.sf.ictalive.service.enactmenttab_0.0.2.
!SUBENTRY 2 net.sf.ictalive.aliveclipse 2 0 2013-07-17 10:57:43.693
!MESSAGE Missing required bundle net.sf.ictalive.service.matchmakertab_1.0.0.
!SUBENTRY 2 net.sf.ictalive.aliveclipse 2 0 2013-07-17 10:57:43.693
!MESSAGE Missing required bundle net.sf.ictalive.service.owlseditor_1.0.0.
!SUBENTRY 2 net.sf.ictalive.aliveclipse 2 0 2013-07-17 10:57:43.693
!MESSAGE Missing required bundle net.sf.ictalive.service.owlseditor.diagram_1.0.0.
!SUBENTRY 2 net.sf.ictalive.aliveclipse 2 0 2013-07-17 10:57:43.693
!MESSAGE Missing required bundle net.sf.ictalive.service.owlseditor.edit_1.0.0.
!SUBENTRY 2 net.sf.ictalive.aliveclipse 2 0 2013-07-17 10:57:43.694
!MESSAGE Missing required bundle net.sf.ictalive.service.owlseditor.editor_1.0.0.
!SUBENTRY 2 net.sf.ictalive.aliveclipse 2 0 2013-07-17 10:57:43.694
!MESSAGE Missing required bundle net.sf.ictalive.service.repositorytools_1.0.1.
!SUBENTRY 2 net.sf.ictalive.aliveclipse 2 0 2013-07-17 10:57:43.694
!MESSAGE Missing required bundle net.sf.ictalive.service.template.ui_1.0.0.
!SUBENTRY 2 net.sf.ictalive.aliveclipse 2 0 2013-07-17 10:57:43.694
!MESSAGE Missing required bundle net.sf.ictalive.service.templates_1.0.0.
!SUBENTRY 2 net.sf.ictalive.aliveclipse 2 0 2013-07-17 10:57:43.695
!MESSAGE Missing required bundle net.sf.ictalive.services_1.0.3.
!SUBENTRY 2 net.sf.ictalive.aliveclipse 2 0 2013-07-17 10:57:43.695
!MESSAGE Missing required bundle net.sf.ictalive.services.edit_1.0.3.
!SUBENTRY 2 net.sf.ictalive.aliveclipse 2 0 2013-07-17 10:57:43.695
!MESSAGE Missing required bundle net.sf.ictalive.serviceui_1.0.2.
!SUBENTRY 1 org.eclipse.osgi 2 0 2013-07-17 10:57:43.695
!MESSAGE Bundle net.sf.ictalive.operetta.psdeditor_2.0.0.qualifier [291] was not resolved.
!SUBENTRY 2 net.sf.ictalive.operetta.psdeditor 2 0 2013-07-17 10:57:43.695
!MESSAGE Package uses conflict: Require-Bundle: net.sf.ictalive.operetta.edit; bundle-version="2.0.0"

!ENTRY org.eclipse.osgi 4 0 2013-07-17 10:57:43.697
!MESSAGE Application error
!STACK 1
java.lang.RuntimeException: No application id has been found.
	at org.eclipse.equinox.internal.app.EclipseAppContainer.startDefaultApp(EclipseAppContainer.java:242)
	at org.eclipse.equinox.internal.app.MainApplicationLauncher.run(MainApplicationLauncher.java:29)
	at org.eclipse.core.runtime.internal.adaptor.EclipseAppLauncher.runApplication(EclipseAppLauncher.java:110)
	at org.eclipse.core.runtime.internal.adaptor.EclipseAppLauncher.start(EclipseAppLauncher.java:79)
	at org.eclipse.core.runtime.adaptor.EclipseStarter.run(EclipseStarter.java:354)
	at org.eclipse.core.runtime.adaptor.EclipseStarter.run(EclipseStarter.java:181)
	at sun.reflect.NativeMethodAccessorImpl.invoke0(Native Method)
	at sun.reflect.NativeMethodAccessorImpl.invoke(NativeMethodAccessorImpl.java:57)
	at sun.reflect.DelegatingMethodAccessorImpl.invoke(DelegatingMethodAccessorImpl.java:43)
	at java.lang.reflect.Method.invoke(Method.java:601)
	at org.eclipse.equinox.launcher.Main.invokeFramework(Main.java:636)
	at org.eclipse.equinox.launcher.Main.basicRun(Main.java:591)
	at org.eclipse.equinox.launcher.Main.run(Main.java:1450)
	at org.eclipse.equinox.launcher.Main.main(Main.java:1426)
