!SESSION 2013-07-17 10:29:47.928 -----------------------------------------------
eclipse.buildId=unknown
java.version=1.7.0_17
java.vendor=Oracle Corporation
BootLoader constants: OS=macosx, ARCH=x86_64, WS=cocoa, NL=en_US
Framework arguments:  -product net.sf.ictalive.aliveclipse.product
Command-line arguments:  -product net.sf.ictalive.aliveclipse.product -data /Users/sergio/Documents/Research/aliveclipse/../runtime-ALIVEclipse.macosx64.product -dev file:/Users/sergio/Documents/Research/aliveclipse/.metadata/.plugins/org.eclipse.pde.core/ALIVEclipse.macosx64.product/dev.properties -os macosx -ws cocoa -arch x86_64 -consoleLog

!ENTRY org.eclipse.equinox.app 0 0 2013-07-17 10:29:50.222
!MESSAGE Product net.sf.ictalive.aliveclipse.product could not be found.

!ENTRY org.eclipse.osgi 2 0 2013-07-17 10:29:50.298
!MESSAGE One or more bundles are not resolved because the following root constraints are not resolved:
!SUBENTRY 1 org.eclipse.osgi 2 0 2013-07-17 10:29:50.298
!MESSAGE Bundle reference:file:/Users/sergio/Documents/Research/aliveclipse/net.sf.ictalive.aliveclipse/ was not resolved.
!SUBENTRY 2 net.sf.ictalive.aliveclipse 2 0 2013-07-17 10:29:50.298
!MESSAGE Missing required bundle net.sf.ictalive.coordination.wfannotation.mapping.diagram_1.0.0.
!SUBENTRY 2 net.sf.ictalive.aliveclipse 2 0 2013-07-17 10:29:50.298
!MESSAGE Missing required bundle net.sf.ictalive.runtime_1.0.5.
!SUBENTRY 2 net.sf.ictalive.aliveclipse 2 0 2013-07-17 10:29:50.299
!MESSAGE Missing required bundle net.sf.ictalive.coordination.actions.diagram_0.4.2.
!SUBENTRY 2 net.sf.ictalive.aliveclipse 2 0 2013-07-17 10:29:50.299
!MESSAGE Missing required bundle net.sf.ictalive.coordination.plans.diagram_0.4.2.
!SUBENTRY 2 net.sf.ictalive.aliveclipse 2 0 2013-07-17 10:29:50.299
!MESSAGE Missing required bundle net.sf.ictalive.runtime.edit_1.0.1.
!SUBENTRY 2 net.sf.ictalive.aliveclipse 2 0 2013-07-17 10:29:50.299
!MESSAGE Missing required bundle net.sf.ictalive.runtime.NormInstances_1.0.0.
!SUBENTRY 2 net.sf.ictalive.aliveclipse 2 0 2013-07-17 10:29:50.299
!MESSAGE Missing required bundle net.sf.ictalive.service.owlseditor.edit_1.0.0.
!SUBENTRY 2 net.sf.ictalive.aliveclipse 2 0 2013-07-17 10:29:50.300
!MESSAGE Missing required bundle net.sf.ictalive.service.template.ui_1.0.0.
!SUBENTRY 2 net.sf.ictalive.aliveclipse 2 0 2013-07-17 10:29:50.300
!MESSAGE Missing required bundle net.sf.ictalive.coordination.agents.diagram_1.0.0.
!SUBENTRY 2 net.sf.ictalive.aliveclipse 2 0 2013-07-17 10:29:50.300
!MESSAGE Missing required bundle net.sf.ictalive.coordination.wfvv_1.0.0.
!SUBENTRY 2 net.sf.ictalive.aliveclipse 2 0 2013-07-17 10:29:50.300
!MESSAGE Missing required bundle net.sf.ictalive.owls.edit_1.0.1.
!SUBENTRY 2 net.sf.ictalive.aliveclipse 2 0 2013-07-17 10:29:50.300
!MESSAGE Missing required bundle net.sf.ictalive.coordination.wfannotation.bpel.diagram.edit_1.0.0.
!SUBENTRY 2 net.sf.ictalive.aliveclipse 2 0 2013-07-17 10:29:50.300
!MESSAGE Missing required bundle net.sf.ictalive.metamodel.utils_0.0.1.
!SUBENTRY 2 net.sf.ictalive.aliveclipse 2 0 2013-07-17 10:29:50.301
!MESSAGE Missing required bundle net.sf.ictalive.serviceui_1.0.2.
!SUBENTRY 2 net.sf.ictalive.aliveclipse 2 0 2013-07-17 10:29:50.301
!MESSAGE Missing required bundle net.sf.ictalive.services.edit_1.0.3.
!SUBENTRY 2 net.sf.ictalive.aliveclipse 2 0 2013-07-17 10:29:50.301
!MESSAGE Missing required bundle net.sf.ictalive.services_1.0.3.
!SUBENTRY 2 net.sf.ictalive.aliveclipse 2 0 2013-07-17 10:29:50.301
!MESSAGE Missing required bundle net.sf.ictalive.rules.edit_1.0.2.
!SUBENTRY 2 net.sf.ictalive.aliveclipse 2 0 2013-07-17 10:29:50.301
!MESSAGE Missing required bundle net.sf.ictalive.coordination.wfvv.edit_1.0.0.
!SUBENTRY 2 net.sf.ictalive.aliveclipse 2 0 2013-07-17 10:29:50.302
!MESSAGE Missing required bundle net.sf.ictalive.runtime.NormInstances.edit_1.0.0.
!SUBENTRY 2 net.sf.ictalive.aliveclipse 2 0 2013-07-17 10:29:50.302
!MESSAGE Missing required bundle net.sf.ictalive.service.templates_1.0.0.
!SUBENTRY 2 net.sf.ictalive.aliveclipse 2 0 2013-07-17 10:29:50.302
!MESSAGE Missing required bundle net.sf.ictalive.XSDSchema_1.0.0.
!SUBENTRY 2 net.sf.ictalive.aliveclipse 2 0 2013-07-17 10:29:50.302
!MESSAGE Missing required bundle net.sf.ictalive.service.matchmakertab_1.0.0.
!SUBENTRY 2 net.sf.ictalive.aliveclipse 2 0 2013-07-17 10:29:50.302
!MESSAGE Missing required bundle net.sf.ictalive.eventbus_0.0.1.
!SUBENTRY 2 net.sf.ictalive.aliveclipse 2 0 2013-07-17 10:29:50.303
!MESSAGE Missing required bundle net.sf.ictalive.monitortool_1.0.1.
!SUBENTRY 2 net.sf.ictalive.aliveclipse 2 0 2013-07-17 10:29:50.303
!MESSAGE Missing required bundle net.sf.ictalive.coordination.edit_0.4.2.
!SUBENTRY 2 net.sf.ictalive.aliveclipse 2 0 2013-07-17 10:29:50.303
!MESSAGE Missing required bundle net.sf.ictalive.coordination.wfannotation.bpel.diagram.diagram_1.0.0.
!SUBENTRY 2 net.sf.ictalive.aliveclipse 2 0 2013-07-17 10:29:50.303
!MESSAGE Missing required bundle net.sf.ictalive.coordination.editor_0.4.3.
!SUBENTRY 2 net.sf.ictalive.aliveclipse 2 0 2013-07-17 10:29:50.303
!MESSAGE Missing required bundle net.sf.ictalive.coordination.wfvv.editor_1.0.0.
!SUBENTRY 2 net.sf.ictalive.aliveclipse 2 0 2013-07-17 10:29:50.304
!MESSAGE Missing required bundle net.sf.ictalive.eventbus.dashboard_1.0.0.
!SUBENTRY 2 net.sf.ictalive.aliveclipse 2 0 2013-07-17 10:29:50.304
!MESSAGE Missing required bundle net.sf.ictalive.service.owlseditor.editor_1.0.0.
!SUBENTRY 2 net.sf.ictalive.aliveclipse 2 0 2013-07-17 10:29:50.304
!MESSAGE Missing required bundle net.sf.ictalive.coordination.wfannotation.mapping_0.1.0.
!SUBENTRY 2 net.sf.ictalive.aliveclipse 2 0 2013-07-17 10:29:50.304
!MESSAGE Missing required bundle net.sf.ictalive.coordination.wfannotation.bpel.diagram.editor_1.0.0.
!SUBENTRY 2 net.sf.ictalive.aliveclipse 2 0 2013-07-17 10:29:50.304
!MESSAGE Missing required bundle net.sf.ictalive.runtime.editor_1.0.1.
!SUBENTRY 2 net.sf.ictalive.aliveclipse 2 0 2013-07-17 10:29:50.304
!MESSAGE Missing required bundle net.sf.ictalive.service.enactment_1.0.0.
!SUBENTRY 2 net.sf.ictalive.aliveclipse 2 0 2013-07-17 10:29:50.305
!MESSAGE Missing required bundle net.sf.ictalive.service.owlseditor_1.0.0.
!SUBENTRY 2 net.sf.ictalive.aliveclipse 2 0 2013-07-17 10:29:50.305
!MESSAGE Missing required bundle net.sf.ictalive.schema.edit_1.0.0.
!SUBENTRY 2 net.sf.ictalive.aliveclipse 2 0 2013-07-17 10:29:50.305
!MESSAGE Missing required bundle net.sf.ictalive.eventlog.dashboard_1.0.0.
!SUBENTRY 2 net.sf.ictalive.aliveclipse 2 0 2013-07-17 10:29:50.305
!MESSAGE Missing required bundle net.sf.ictalive.coordination.wfvv.diagram_1.0.0.
!SUBENTRY 2 net.sf.ictalive.aliveclipse 2 0 2013-07-17 10:29:50.305
!MESSAGE Missing required bundle net.sf.ictalive.matchmaker.agent_1.0.0.
!SUBENTRY 2 net.sf.ictalive.aliveclipse 2 0 2013-07-17 10:29:50.306
!MESSAGE Missing required bundle net.sf.ictalive.coordination.agents.diagram.oaw_1.0.4.
!SUBENTRY 2 net.sf.ictalive.aliveclipse 2 0 2013-07-17 10:29:50.306
!MESSAGE Missing required bundle net.sf.ictalive.monitoring_0.0.1.
!SUBENTRY 2 net.sf.ictalive.aliveclipse 2 0 2013-07-17 10:29:50.306
!MESSAGE Missing required bundle net.sf.ictalive.service.repositorytools_1.0.1.
!SUBENTRY 2 net.sf.ictalive.aliveclipse 2 0 2013-07-17 10:29:50.306
!MESSAGE Missing required bundle net.sf.ictalive.log.analysis_2.0.0.
!SUBENTRY 2 net.sf.ictalive.aliveclipse 2 0 2013-07-17 10:29:50.306
!MESSAGE Missing required bundle net.sf.ictalive.owls_1.0.2.
!SUBENTRY 2 net.sf.ictalive.aliveclipse 2 0 2013-07-17 10:29:50.307
!MESSAGE Missing required bundle net.sf.ictalive.rules_1.0.4.
!SUBENTRY 2 net.sf.ictalive.aliveclipse 2 0 2013-07-17 10:29:50.307
!MESSAGE Missing required bundle net.sf.ictalive.coordination.wfannotation.bpel.diagram_1.0.0.
!SUBENTRY 2 net.sf.ictalive.aliveclipse 2 0 2013-07-17 10:29:50.307
!MESSAGE Missing required bundle net.sf.ictalive.coordination.agents.diagram.library_1.0.0.
!SUBENTRY 2 net.sf.ictalive.aliveclipse 2 0 2013-07-17 10:29:50.307
!MESSAGE Missing required bundle net.sf.ictalive.coordination.wfannotation.mapping.editor_0.1.0.
!SUBENTRY 2 net.sf.ictalive.aliveclipse 2 0 2013-07-17 10:29:50.307
!MESSAGE Missing required bundle net.sf.ictalive.eventlog_0.0.1.
!SUBENTRY 2 net.sf.ictalive.aliveclipse 2 0 2013-07-17 10:29:50.308
!MESSAGE Missing required bundle net.sf.ictalive.coordination.plansynthesis.eclipseplugin_0.4.5.
!SUBENTRY 2 net.sf.ictalive.aliveclipse 2 0 2013-07-17 10:29:50.308
!MESSAGE Missing required bundle net.sf.ictalive.EventMetamodel_1.0.0.
!SUBENTRY 2 net.sf.ictalive.aliveclipse 2 0 2013-07-17 10:29:50.308
!MESSAGE Missing required bundle net.sf.ictalive.coordination_1.0.2.
!SUBENTRY 2 net.sf.ictalive.aliveclipse 2 0 2013-07-17 10:29:50.308
!MESSAGE Missing required bundle net.sf.ictalive.service.enactmenttab_0.0.2.
!SUBENTRY 2 net.sf.ictalive.aliveclipse 2 0 2013-07-17 10:29:50.308
!MESSAGE Missing required bundle net.sf.ictalive.coordination.tasks.diagram_0.4.3.
!SUBENTRY 2 net.sf.ictalive.aliveclipse 2 0 2013-07-17 10:29:50.309
!MESSAGE Missing required bundle net.sf.ictalive.service.owlseditor.diagram_1.0.0.
!SUBENTRY 2 net.sf.ictalive.aliveclipse 2 0 2013-07-17 10:29:50.309
!MESSAGE Missing required bundle net.sf.ictalive.coordination.wfannotation.mapping.edit_0.1.0.

!ENTRY org.eclipse.osgi 2 0 2013-07-17 10:29:50.316
!MESSAGE The following is a complete list of bundles which are not resolved, see the prior log entry for the root cause if it exists:
!SUBENTRY 1 org.eclipse.osgi 2 0 2013-07-17 10:29:50.316
!MESSAGE Bundle net.sf.ictalive.operetta.diagram.is_2.0.0.qualifier [15] was not resolved.
!SUBENTRY 2 net.sf.ictalive.operetta.diagram.is 2 0 2013-07-17 10:29:50.316
!MESSAGE Missing required bundle net.sf.ictalive.operetta.psdeditor_1.0.0.
!SUBENTRY 1 org.eclipse.osgi 2 0 2013-07-17 10:29:50.316
!MESSAGE Bundle net.sf.ictalive.operetta.diagram.ss_2.0.0.qualifier [16] was not resolved.
!SUBENTRY 2 net.sf.ictalive.operetta.diagram.ss 2 0 2013-07-17 10:29:50.317
!MESSAGE Missing required bundle net.sf.ictalive.operetta.psdeditor_1.0.0.
!SUBENTRY 1 org.eclipse.osgi 2 0 2013-07-17 10:29:50.317
!MESSAGE Bundle net.sf.ictalive.operetta.editor_2.0.0.qualifier [18] was not resolved.
!SUBENTRY 2 net.sf.ictalive.operetta.editor 2 0 2013-07-17 10:29:50.317
!MESSAGE Missing required bundle net.sf.ictalive.operetta.diagram.ss_1.0.0.
!SUBENTRY 2 net.sf.ictalive.operetta.editor 2 0 2013-07-17 10:29:50.317
!MESSAGE Missing required bundle net.sf.ictalive.operetta.diagram.is_1.0.0.
!SUBENTRY 1 org.eclipse.osgi 2 0 2013-07-17 10:29:50.317
!MESSAGE Bundle net.sf.ictalive.operetta.modeltracker_2.0.0.qualifier [19] was not resolved.
!SUBENTRY 2 net.sf.ictalive.operetta.modeltracker 2 0 2013-07-17 10:29:50.317
!MESSAGE Missing required bundle net.sf.ictalive.operetta.editor_1.0.0.
!SUBENTRY 1 org.eclipse.osgi 2 0 2013-07-17 10:29:50.318
!MESSAGE Bundle net.sf.ictalive.operetta.ontology_2.0.0.qualifier [20] was not resolved.
!SUBENTRY 2 net.sf.ictalive.operetta.ontology 2 0 2013-07-17 10:29:50.318
!MESSAGE Missing required bundle net.sf.ictalive.operetta.editor_1.0.0.
!SUBENTRY 1 org.eclipse.osgi 2 0 2013-07-17 10:29:50.318
!MESSAGE Bundle net.sf.ictalive.aliveclipse_3.0.7.qualifier [286] was not resolved.
!SUBENTRY 2 net.sf.ictalive.aliveclipse 2 0 2013-07-17 10:29:50.318
!MESSAGE Missing required bundle net.sf.ictalive.operetta.editor_1.0.0.
!SUBENTRY 2 net.sf.ictalive.aliveclipse 2 0 2013-07-17 10:29:50.318
!MESSAGE Missing required bundle net.sf.ictalive.operetta.ontology_1.0.0.
!SUBENTRY 2 net.sf.ictalive.aliveclipse 2 0 2013-07-17 10:29:50.318
!MESSAGE Missing required bundle net.sf.ictalive.operetta.modeltracker_1.0.0.
!SUBENTRY 2 net.sf.ictalive.aliveclipse 2 0 2013-07-17 10:29:50.319
!MESSAGE Missing required bundle net.sf.ictalive.EventMetamodel_1.0.0.
!SUBENTRY 2 net.sf.ictalive.aliveclipse 2 0 2013-07-17 10:29:50.319
!MESSAGE Missing required bundle net.sf.ictalive.XSDSchema_1.0.0.
!SUBENTRY 2 net.sf.ictalive.aliveclipse 2 0 2013-07-17 10:29:50.319
!MESSAGE Missing required bundle net.sf.ictalive.coordination_1.0.2.
!SUBENTRY 2 net.sf.ictalive.aliveclipse 2 0 2013-07-17 10:29:50.319
!MESSAGE Missing required bundle net.sf.ictalive.coordination.actions.diagram_0.4.2.
!SUBENTRY 2 net.sf.ictalive.aliveclipse 2 0 2013-07-17 10:29:50.319
!MESSAGE Missing required bundle net.sf.ictalive.coordination.agents.diagram_1.0.0.
!SUBENTRY 2 net.sf.ictalive.aliveclipse 2 0 2013-07-17 10:29:50.320
!MESSAGE Missing required bundle net.sf.ictalive.coordination.agents.diagram.library_1.0.0.
!SUBENTRY 2 net.sf.ictalive.aliveclipse 2 0 2013-07-17 10:29:50.320
!MESSAGE Missing required bundle net.sf.ictalive.coordination.agents.diagram.oaw_1.0.4.
!SUBENTRY 2 net.sf.ictalive.aliveclipse 2 0 2013-07-17 10:29:50.320
!MESSAGE Missing required bundle net.sf.ictalive.coordination.edit_0.4.2.
!SUBENTRY 2 net.sf.ictalive.aliveclipse 2 0 2013-07-17 10:29:50.320
!MESSAGE Missing required bundle net.sf.ictalive.coordination.editor_0.4.3.
!SUBENTRY 2 net.sf.ictalive.aliveclipse 2 0 2013-07-17 10:29:50.320
!MESSAGE Missing required bundle net.sf.ictalive.coordination.plans.diagram_0.4.2.
!SUBENTRY 2 net.sf.ictalive.aliveclipse 2 0 2013-07-17 10:29:50.320
!MESSAGE Missing required bundle net.sf.ictalive.coordination.plansynthesis.eclipseplugin_0.4.5.
!SUBENTRY 2 net.sf.ictalive.aliveclipse 2 0 2013-07-17 10:29:50.320
!MESSAGE Missing required bundle net.sf.ictalive.coordination.tasks.diagram_0.4.3.
!SUBENTRY 2 net.sf.ictalive.aliveclipse 2 0 2013-07-17 10:29:50.321
!MESSAGE Missing required bundle net.sf.ictalive.coordination.wfannotation.bpel.diagram_1.0.0.
!SUBENTRY 2 net.sf.ictalive.aliveclipse 2 0 2013-07-17 10:29:50.321
!MESSAGE Missing required bundle net.sf.ictalive.coordination.wfannotation.bpel.diagram.diagram_1.0.0.
!SUBENTRY 2 net.sf.ictalive.aliveclipse 2 0 2013-07-17 10:29:50.321
!MESSAGE Missing required bundle net.sf.ictalive.coordination.wfannotation.bpel.diagram.edit_1.0.0.
!SUBENTRY 2 net.sf.ictalive.aliveclipse 2 0 2013-07-17 10:29:50.321
!MESSAGE Missing required bundle net.sf.ictalive.coordination.wfannotation.bpel.diagram.editor_1.0.0.
!SUBENTRY 2 net.sf.ictalive.aliveclipse 2 0 2013-07-17 10:29:50.321
!MESSAGE Missing required bundle net.sf.ictalive.coordination.wfannotation.mapping_0.1.0.
!SUBENTRY 2 net.sf.ictalive.aliveclipse 2 0 2013-07-17 10:29:50.321
!MESSAGE Missing required bundle net.sf.ictalive.coordination.wfannotation.mapping.diagram_1.0.0.
!SUBENTRY 2 net.sf.ictalive.aliveclipse 2 0 2013-07-17 10:29:50.322
!MESSAGE Missing required bundle net.sf.ictalive.coordination.wfannotation.mapping.edit_0.1.0.
!SUBENTRY 2 net.sf.ictalive.aliveclipse 2 0 2013-07-17 10:29:50.322
!MESSAGE Missing required bundle net.sf.ictalive.coordination.wfannotation.mapping.editor_0.1.0.
!SUBENTRY 2 net.sf.ictalive.aliveclipse 2 0 2013-07-17 10:29:50.322
!MESSAGE Missing required bundle net.sf.ictalive.coordination.wfvv_1.0.0.
!SUBENTRY 2 net.sf.ictalive.aliveclipse 2 0 2013-07-17 10:29:50.322
!MESSAGE Missing required bundle net.sf.ictalive.coordination.wfvv.diagram_1.0.0.
!SUBENTRY 2 net.sf.ictalive.aliveclipse 2 0 2013-07-17 10:29:50.322
!MESSAGE Missing required bundle net.sf.ictalive.coordination.wfvv.edit_1.0.0.
!SUBENTRY 2 net.sf.ictalive.aliveclipse 2 0 2013-07-17 10:29:50.322
!MESSAGE Missing required bundle net.sf.ictalive.coordination.wfvv.editor_1.0.0.
!SUBENTRY 2 net.sf.ictalive.aliveclipse 2 0 2013-07-17 10:29:50.323
!MESSAGE Missing required bundle net.sf.ictalive.eventbus_0.0.1.
!SUBENTRY 2 net.sf.ictalive.aliveclipse 2 0 2013-07-17 10:29:50.323
!MESSAGE Missing required bundle net.sf.ictalive.eventbus.dashboard_1.0.0.
!SUBENTRY 2 net.sf.ictalive.aliveclipse 2 0 2013-07-17 10:29:50.323
!MESSAGE Missing required bundle net.sf.ictalive.eventlog_0.0.1.
!SUBENTRY 2 net.sf.ictalive.aliveclipse 2 0 2013-07-17 10:29:50.323
!MESSAGE Missing required bundle net.sf.ictalive.eventlog.dashboard_1.0.0.
!SUBENTRY 2 net.sf.ictalive.aliveclipse 2 0 2013-07-17 10:29:50.323
!MESSAGE Missing required bundle net.sf.ictalive.log.analysis_2.0.0.
!SUBENTRY 2 net.sf.ictalive.aliveclipse 2 0 2013-07-17 10:29:50.324
!MESSAGE Missing required bundle net.sf.ictalive.matchmaker.agent_1.0.0.
!SUBENTRY 2 net.sf.ictalive.aliveclipse 2 0 2013-07-17 10:29:50.324
!MESSAGE Missing required bundle net.sf.ictalive.metamodel.utils_0.0.1.
!SUBENTRY 2 net.sf.ictalive.aliveclipse 2 0 2013-07-17 10:29:50.324
!MESSAGE Missing required bundle net.sf.ictalive.monitoring_0.0.1.
!SUBENTRY 2 net.sf.ictalive.aliveclipse 2 0 2013-07-17 10:29:50.324
!MESSAGE Missing required bundle net.sf.ictalive.monitortool_1.0.1.
!SUBENTRY 2 net.sf.ictalive.aliveclipse 2 0 2013-07-17 10:29:50.324
!MESSAGE Missing required bundle net.sf.ictalive.operetta.diagram.is_2.0.0.
!SUBENTRY 2 net.sf.ictalive.aliveclipse 2 0 2013-07-17 10:29:50.325
!MESSAGE Missing required bundle net.sf.ictalive.operetta.diagram.ss_2.0.0.
!SUBENTRY 2 net.sf.ictalive.aliveclipse 2 0 2013-07-17 10:29:50.325
!MESSAGE Missing required bundle net.sf.ictalive.operetta.psdeditor_2.0.0.
!SUBENTRY 2 net.sf.ictalive.aliveclipse 2 0 2013-07-17 10:29:50.325
!MESSAGE Missing required bundle net.sf.ictalive.owls_1.0.2.
!SUBENTRY 2 net.sf.ictalive.aliveclipse 2 0 2013-07-17 10:29:50.325
!MESSAGE Missing required bundle net.sf.ictalive.owls.edit_1.0.1.
!SUBENTRY 2 net.sf.ictalive.aliveclipse 2 0 2013-07-17 10:29:50.326
!MESSAGE Missing required bundle net.sf.ictalive.rules_1.0.4.
!SUBENTRY 2 net.sf.ictalive.aliveclipse 2 0 2013-07-17 10:29:50.326
!MESSAGE Missing required bundle net.sf.ictalive.rules.edit_1.0.2.
!SUBENTRY 2 net.sf.ictalive.aliveclipse 2 0 2013-07-17 10:29:50.326
!MESSAGE Missing required bundle net.sf.ictalive.runtime_1.0.5.
!SUBENTRY 2 net.sf.ictalive.aliveclipse 2 0 2013-07-17 10:29:50.326
!MESSAGE Missing required bundle net.sf.ictalive.runtime.NormInstances_1.0.0.
!SUBENTRY 2 net.sf.ictalive.aliveclipse 2 0 2013-07-17 10:29:50.327
!MESSAGE Missing required bundle net.sf.ictalive.runtime.NormInstances.edit_1.0.0.
!SUBENTRY 2 net.sf.ictalive.aliveclipse 2 0 2013-07-17 10:29:50.327
!MESSAGE Missing required bundle net.sf.ictalive.runtime.edit_1.0.1.
!SUBENTRY 2 net.sf.ictalive.aliveclipse 2 0 2013-07-17 10:29:50.327
!MESSAGE Missing required bundle net.sf.ictalive.runtime.editor_1.0.1.
!SUBENTRY 2 net.sf.ictalive.aliveclipse 2 0 2013-07-17 10:29:50.327
!MESSAGE Missing required bundle net.sf.ictalive.schema.edit_1.0.0.
!SUBENTRY 2 net.sf.ictalive.aliveclipse 2 0 2013-07-17 10:29:50.328
!MESSAGE Missing required bundle net.sf.ictalive.service.enactment_1.0.0.
!SUBENTRY 2 net.sf.ictalive.aliveclipse 2 0 2013-07-17 10:29:50.328
!MESSAGE Missing required bundle net.sf.ictalive.service.enactmenttab_0.0.2.
!SUBENTRY 2 net.sf.ictalive.aliveclipse 2 0 2013-07-17 10:29:50.328
!MESSAGE Missing required bundle net.sf.ictalive.service.matchmakertab_1.0.0.
!SUBENTRY 2 net.sf.ictalive.aliveclipse 2 0 2013-07-17 10:29:50.328
!MESSAGE Missing required bundle net.sf.ictalive.service.owlseditor_1.0.0.
!SUBENTRY 2 net.sf.ictalive.aliveclipse 2 0 2013-07-17 10:29:50.328
!MESSAGE Missing required bundle net.sf.ictalive.service.owlseditor.diagram_1.0.0.
!SUBENTRY 2 net.sf.ictalive.aliveclipse 2 0 2013-07-17 10:29:50.329
!MESSAGE Missing required bundle net.sf.ictalive.service.owlseditor.edit_1.0.0.
!SUBENTRY 2 net.sf.ictalive.aliveclipse 2 0 2013-07-17 10:29:50.329
!MESSAGE Missing required bundle net.sf.ictalive.service.owlseditor.editor_1.0.0.
!SUBENTRY 2 net.sf.ictalive.aliveclipse 2 0 2013-07-17 10:29:50.329
!MESSAGE Missing required bundle net.sf.ictalive.service.repositorytools_1.0.1.
!SUBENTRY 2 net.sf.ictalive.aliveclipse 2 0 2013-07-17 10:29:50.329
!MESSAGE Missing required bundle net.sf.ictalive.service.template.ui_1.0.0.
!SUBENTRY 2 net.sf.ictalive.aliveclipse 2 0 2013-07-17 10:29:50.329
!MESSAGE Missing required bundle net.sf.ictalive.service.templates_1.0.0.
!SUBENTRY 2 net.sf.ictalive.aliveclipse 2 0 2013-07-17 10:29:50.329
!MESSAGE Missing required bundle net.sf.ictalive.services_1.0.3.
!SUBENTRY 2 net.sf.ictalive.aliveclipse 2 0 2013-07-17 10:29:50.330
!MESSAGE Missing required bundle net.sf.ictalive.services.edit_1.0.3.
!SUBENTRY 2 net.sf.ictalive.aliveclipse 2 0 2013-07-17 10:29:50.330
!MESSAGE Missing required bundle net.sf.ictalive.serviceui_1.0.2.
!SUBENTRY 1 org.eclipse.osgi 2 0 2013-07-17 10:29:50.330
!MESSAGE Bundle net.sf.ictalive.operetta.psdeditor_2.0.0.qualifier [291] was not resolved.
!SUBENTRY 2 net.sf.ictalive.operetta.psdeditor 2 0 2013-07-17 10:29:50.330
!MESSAGE Package uses conflict: Require-Bundle: net.sf.ictalive.operetta.edit; bundle-version="2.0.0"

!ENTRY org.eclipse.osgi 2 0 2013-07-17 10:29:50.387
!MESSAGE One or more bundles are not resolved because the following root constraints are not resolved:
!SUBENTRY 1 org.eclipse.osgi 2 0 2013-07-17 10:29:50.387
!MESSAGE Bundle reference:file:/Users/sergio/Documents/Research/aliveclipse/net.sf.ictalive.aliveclipse/ was not resolved.
!SUBENTRY 2 net.sf.ictalive.aliveclipse 2 0 2013-07-17 10:29:50.387
!MESSAGE Missing required bundle net.sf.ictalive.coordination.wfannotation.mapping.diagram_1.0.0.
!SUBENTRY 2 net.sf.ictalive.aliveclipse 2 0 2013-07-17 10:29:50.387
!MESSAGE Missing required bundle net.sf.ictalive.runtime_1.0.5.
!SUBENTRY 2 net.sf.ictalive.aliveclipse 2 0 2013-07-17 10:29:50.388
!MESSAGE Missing required bundle net.sf.ictalive.coordination.actions.diagram_0.4.2.
!SUBENTRY 2 net.sf.ictalive.aliveclipse 2 0 2013-07-17 10:29:50.388
!MESSAGE Missing required bundle net.sf.ictalive.coordination.plans.diagram_0.4.2.
!SUBENTRY 2 net.sf.ictalive.aliveclipse 2 0 2013-07-17 10:29:50.388
!MESSAGE Missing required bundle net.sf.ictalive.runtime.edit_1.0.1.
!SUBENTRY 2 net.sf.ictalive.aliveclipse 2 0 2013-07-17 10:29:50.389
!MESSAGE Missing required bundle net.sf.ictalive.runtime.NormInstances_1.0.0.
!SUBENTRY 2 net.sf.ictalive.aliveclipse 2 0 2013-07-17 10:29:50.389
!MESSAGE Missing required bundle net.sf.ictalive.service.owlseditor.edit_1.0.0.
!SUBENTRY 2 net.sf.ictalive.aliveclipse 2 0 2013-07-17 10:29:50.389
!MESSAGE Missing required bundle net.sf.ictalive.service.template.ui_1.0.0.
!SUBENTRY 2 net.sf.ictalive.aliveclipse 2 0 2013-07-17 10:29:50.389
!MESSAGE Missing required bundle net.sf.ictalive.coordination.agents.diagram_1.0.0.
!SUBENTRY 2 net.sf.ictalive.aliveclipse 2 0 2013-07-17 10:29:50.389
!MESSAGE Missing required bundle net.sf.ictalive.coordination.wfvv_1.0.0.
!SUBENTRY 2 net.sf.ictalive.aliveclipse 2 0 2013-07-17 10:29:50.390
!MESSAGE Missing required bundle net.sf.ictalive.owls.edit_1.0.1.
!SUBENTRY 2 net.sf.ictalive.aliveclipse 2 0 2013-07-17 10:29:50.390
!MESSAGE Missing required bundle net.sf.ictalive.coordination.wfannotation.bpel.diagram.edit_1.0.0.
!SUBENTRY 2 net.sf.ictalive.aliveclipse 2 0 2013-07-17 10:29:50.390
!MESSAGE Missing required bundle net.sf.ictalive.metamodel.utils_0.0.1.
!SUBENTRY 2 net.sf.ictalive.aliveclipse 2 0 2013-07-17 10:29:50.390
!MESSAGE Missing required bundle net.sf.ictalive.serviceui_1.0.2.
!SUBENTRY 2 net.sf.ictalive.aliveclipse 2 0 2013-07-17 10:29:50.390
!MESSAGE Missing required bundle net.sf.ictalive.services.edit_1.0.3.
!SUBENTRY 2 net.sf.ictalive.aliveclipse 2 0 2013-07-17 10:29:50.391
!MESSAGE Missing required bundle net.sf.ictalive.services_1.0.3.
!SUBENTRY 2 net.sf.ictalive.aliveclipse 2 0 2013-07-17 10:29:50.391
!MESSAGE Missing required bundle net.sf.ictalive.rules.edit_1.0.2.
!SUBENTRY 2 net.sf.ictalive.aliveclipse 2 0 2013-07-17 10:29:50.391
!MESSAGE Missing required bundle net.sf.ictalive.coordination.wfvv.edit_1.0.0.
!SUBENTRY 2 net.sf.ictalive.aliveclipse 2 0 2013-07-17 10:29:50.391
!MESSAGE Missing required bundle net.sf.ictalive.runtime.NormInstances.edit_1.0.0.
!SUBENTRY 2 net.sf.ictalive.aliveclipse 2 0 2013-07-17 10:29:50.391
!MESSAGE Missing required bundle net.sf.ictalive.service.templates_1.0.0.
!SUBENTRY 2 net.sf.ictalive.aliveclipse 2 0 2013-07-17 10:29:50.392
!MESSAGE Missing required bundle net.sf.ictalive.XSDSchema_1.0.0.
!SUBENTRY 2 net.sf.ictalive.aliveclipse 2 0 2013-07-17 10:29:50.392
!MESSAGE Missing required bundle net.sf.ictalive.service.matchmakertab_1.0.0.
!SUBENTRY 2 net.sf.ictalive.aliveclipse 2 0 2013-07-17 10:29:50.392
!MESSAGE Missing required bundle net.sf.ictalive.eventbus_0.0.1.
!SUBENTRY 2 net.sf.ictalive.aliveclipse 2 0 2013-07-17 10:29:50.392
!MESSAGE Missing required bundle net.sf.ictalive.monitortool_1.0.1.
!SUBENTRY 2 net.sf.ictalive.aliveclipse 2 0 2013-07-17 10:29:50.393
!MESSAGE Missing required bundle net.sf.ictalive.coordination.edit_0.4.2.
!SUBENTRY 2 net.sf.ictalive.aliveclipse 2 0 2013-07-17 10:29:50.393
!MESSAGE Missing required bundle net.sf.ictalive.coordination.wfannotation.bpel.diagram.diagram_1.0.0.
!SUBENTRY 2 net.sf.ictalive.aliveclipse 2 0 2013-07-17 10:29:50.393
!MESSAGE Missing required bundle net.sf.ictalive.coordination.editor_0.4.3.
!SUBENTRY 2 net.sf.ictalive.aliveclipse 2 0 2013-07-17 10:29:50.393
!MESSAGE Missing required bundle net.sf.ictalive.coordination.wfvv.editor_1.0.0.
!SUBENTRY 2 net.sf.ictalive.aliveclipse 2 0 2013-07-17 10:29:50.393
!MESSAGE Missing required bundle net.sf.ictalive.eventbus.dashboard_1.0.0.
!SUBENTRY 2 net.sf.ictalive.aliveclipse 2 0 2013-07-17 10:29:50.393
!MESSAGE Missing required bundle net.sf.ictalive.service.owlseditor.editor_1.0.0.
!SUBENTRY 2 net.sf.ictalive.aliveclipse 2 0 2013-07-17 10:29:50.394
!MESSAGE Missing required bundle net.sf.ictalive.coordination.wfannotation.mapping_0.1.0.
!SUBENTRY 2 net.sf.ictalive.aliveclipse 2 0 2013-07-17 10:29:50.394
!MESSAGE Missing required bundle net.sf.ictalive.coordination.wfannotation.bpel.diagram.editor_1.0.0.
!SUBENTRY 2 net.sf.ictalive.aliveclipse 2 0 2013-07-17 10:29:50.394
!MESSAGE Missing required bundle net.sf.ictalive.runtime.editor_1.0.1.
!SUBENTRY 2 net.sf.ictalive.aliveclipse 2 0 2013-07-17 10:29:50.394
!MESSAGE Missing required bundle net.sf.ictalive.service.enactment_1.0.0.
!SUBENTRY 2 net.sf.ictalive.aliveclipse 2 0 2013-07-17 10:29:50.394
!MESSAGE Missing required bundle net.sf.ictalive.service.owlseditor_1.0.0.
!SUBENTRY 2 net.sf.ictalive.aliveclipse 2 0 2013-07-17 10:29:50.394
!MESSAGE Missing required bundle net.sf.ictalive.schema.edit_1.0.0.
!SUBENTRY 2 net.sf.ictalive.aliveclipse 2 0 2013-07-17 10:29:50.394
!MESSAGE Missing required bundle net.sf.ictalive.eventlog.dashboard_1.0.0.
!SUBENTRY 2 net.sf.ictalive.aliveclipse 2 0 2013-07-17 10:29:50.395
!MESSAGE Missing required bundle net.sf.ictalive.coordination.wfvv.diagram_1.0.0.
!SUBENTRY 2 net.sf.ictalive.aliveclipse 2 0 2013-07-17 10:29:50.395
!MESSAGE Missing required bundle net.sf.ictalive.matchmaker.agent_1.0.0.
!SUBENTRY 2 net.sf.ictalive.aliveclipse 2 0 2013-07-17 10:29:50.395
!MESSAGE Missing required bundle net.sf.ictalive.coordination.agents.diagram.oaw_1.0.4.
!SUBENTRY 2 net.sf.ictalive.aliveclipse 2 0 2013-07-17 10:29:50.395
!MESSAGE Missing required bundle net.sf.ictalive.monitoring_0.0.1.
!SUBENTRY 2 net.sf.ictalive.aliveclipse 2 0 2013-07-17 10:29:50.395
!MESSAGE Missing required bundle net.sf.ictalive.service.repositorytools_1.0.1.
!SUBENTRY 2 net.sf.ictalive.aliveclipse 2 0 2013-07-17 10:29:50.395
!MESSAGE Missing required bundle net.sf.ictalive.log.analysis_2.0.0.
!SUBENTRY 2 net.sf.ictalive.aliveclipse 2 0 2013-07-17 10:29:50.396
!MESSAGE Missing required bundle net.sf.ictalive.owls_1.0.2.
!SUBENTRY 2 net.sf.ictalive.aliveclipse 2 0 2013-07-17 10:29:50.396
!MESSAGE Missing required bundle net.sf.ictalive.rules_1.0.4.
!SUBENTRY 2 net.sf.ictalive.aliveclipse 2 0 2013-07-17 10:29:50.396
!MESSAGE Missing required bundle net.sf.ictalive.coordination.wfannotation.bpel.diagram_1.0.0.
!SUBENTRY 2 net.sf.ictalive.aliveclipse 2 0 2013-07-17 10:29:50.396
!MESSAGE Missing required bundle net.sf.ictalive.coordination.agents.diagram.library_1.0.0.
!SUBENTRY 2 net.sf.ictalive.aliveclipse 2 0 2013-07-17 10:29:50.396
!MESSAGE Missing required bundle net.sf.ictalive.coordination.wfannotation.mapping.editor_0.1.0.
!SUBENTRY 2 net.sf.ictalive.aliveclipse 2 0 2013-07-17 10:29:50.396
!MESSAGE Missing required bundle net.sf.ictalive.eventlog_0.0.1.
!SUBENTRY 2 net.sf.ictalive.aliveclipse 2 0 2013-07-17 10:29:50.396
!MESSAGE Missing required bundle net.sf.ictalive.coordination.plansynthesis.eclipseplugin_0.4.5.
!SUBENTRY 2 net.sf.ictalive.aliveclipse 2 0 2013-07-17 10:29:50.397
!MESSAGE Missing required bundle net.sf.ictalive.EventMetamodel_1.0.0.
!SUBENTRY 2 net.sf.ictalive.aliveclipse 2 0 2013-07-17 10:29:50.397
!MESSAGE Missing required bundle net.sf.ictalive.coordination_1.0.2.
!SUBENTRY 2 net.sf.ictalive.aliveclipse 2 0 2013-07-17 10:29:50.397
!MESSAGE Missing required bundle net.sf.ictalive.service.enactmenttab_0.0.2.
!SUBENTRY 2 net.sf.ictalive.aliveclipse 2 0 2013-07-17 10:29:50.397
!MESSAGE Missing required bundle net.sf.ictalive.coordination.tasks.diagram_0.4.3.
!SUBENTRY 2 net.sf.ictalive.aliveclipse 2 0 2013-07-17 10:29:50.397
!MESSAGE Missing required bundle net.sf.ictalive.service.owlseditor.diagram_1.0.0.
!SUBENTRY 2 net.sf.ictalive.aliveclipse 2 0 2013-07-17 10:29:50.397
!MESSAGE Missing required bundle net.sf.ictalive.coordination.wfannotation.mapping.edit_0.1.0.

!ENTRY org.eclipse.osgi 2 0 2013-07-17 10:29:50.402
!MESSAGE The following is a complete list of bundles which are not resolved, see the prior log entry for the root cause if it exists:
!SUBENTRY 1 org.eclipse.osgi 2 0 2013-07-17 10:29:50.402
!MESSAGE Bundle net.sf.ictalive.operetta.diagram.is_2.0.0.qualifier [15] was not resolved.
!SUBENTRY 2 net.sf.ictalive.operetta.diagram.is 2 0 2013-07-17 10:29:50.402
!MESSAGE Missing required bundle net.sf.ictalive.operetta.psdeditor_1.0.0.
!SUBENTRY 1 org.eclipse.osgi 2 0 2013-07-17 10:29:50.402
!MESSAGE Bundle net.sf.ictalive.operetta.diagram.ss_2.0.0.qualifier [16] was not resolved.
!SUBENTRY 2 net.sf.ictalive.operetta.diagram.ss 2 0 2013-07-17 10:29:50.403
!MESSAGE Missing required bundle net.sf.ictalive.operetta.psdeditor_1.0.0.
!SUBENTRY 1 org.eclipse.osgi 2 0 2013-07-17 10:29:50.403
!MESSAGE Bundle net.sf.ictalive.operetta.editor_2.0.0.qualifier [18] was not resolved.
!SUBENTRY 2 net.sf.ictalive.operetta.editor 2 0 2013-07-17 10:29:50.403
!MESSAGE Missing required bundle net.sf.ictalive.operetta.diagram.ss_1.0.0.
!SUBENTRY 2 net.sf.ictalive.operetta.editor 2 0 2013-07-17 10:29:50.403
!MESSAGE Missing required bundle net.sf.ictalive.operetta.diagram.is_1.0.0.
!SUBENTRY 1 org.eclipse.osgi 2 0 2013-07-17 10:29:50.403
!MESSAGE Bundle net.sf.ictalive.operetta.modeltracker_2.0.0.qualifier [19] was not resolved.
!SUBENTRY 2 net.sf.ictalive.operetta.modeltracker 2 0 2013-07-17 10:29:50.403
!MESSAGE Missing required bundle net.sf.ictalive.operetta.editor_1.0.0.
!SUBENTRY 1 org.eclipse.osgi 2 0 2013-07-17 10:29:50.404
!MESSAGE Bundle net.sf.ictalive.operetta.ontology_2.0.0.qualifier [20] was not resolved.
!SUBENTRY 2 net.sf.ictalive.operetta.ontology 2 0 2013-07-17 10:29:50.404
!MESSAGE Missing required bundle net.sf.ictalive.operetta.editor_1.0.0.
!SUBENTRY 1 org.eclipse.osgi 2 0 2013-07-17 10:29:50.404
!MESSAGE Bundle net.sf.ictalive.aliveclipse_3.0.7.qualifier [286] was not resolved.
!SUBENTRY 2 net.sf.ictalive.aliveclipse 2 0 2013-07-17 10:29:50.404
!MESSAGE Missing required bundle net.sf.ictalive.operetta.editor_1.0.0.
!SUBENTRY 2 net.sf.ictalive.aliveclipse 2 0 2013-07-17 10:29:50.404
!MESSAGE Missing required bundle net.sf.ictalive.operetta.ontology_1.0.0.
!SUBENTRY 2 net.sf.ictalive.aliveclipse 2 0 2013-07-17 10:29:50.404
!MESSAGE Missing required bundle net.sf.ictalive.operetta.modeltracker_1.0.0.
!SUBENTRY 2 net.sf.ictalive.aliveclipse 2 0 2013-07-17 10:29:50.405
!MESSAGE Missing required bundle net.sf.ictalive.EventMetamodel_1.0.0.
!SUBENTRY 2 net.sf.ictalive.aliveclipse 2 0 2013-07-17 10:29:50.405
!MESSAGE Missing required bundle net.sf.ictalive.XSDSchema_1.0.0.
!SUBENTRY 2 net.sf.ictalive.aliveclipse 2 0 2013-07-17 10:29:50.405
!MESSAGE Missing required bundle net.sf.ictalive.coordination_1.0.2.
!SUBENTRY 2 net.sf.ictalive.aliveclipse 2 0 2013-07-17 10:29:50.405
!MESSAGE Missing required bundle net.sf.ictalive.coordination.actions.diagram_0.4.2.
!SUBENTRY 2 net.sf.ictalive.aliveclipse 2 0 2013-07-17 10:29:50.405
!MESSAGE Missing required bundle net.sf.ictalive.coordination.agents.diagram_1.0.0.
!SUBENTRY 2 net.sf.ictalive.aliveclipse 2 0 2013-07-17 10:29:50.405
!MESSAGE Missing required bundle net.sf.ictalive.coordination.agents.diagram.library_1.0.0.
!SUBENTRY 2 net.sf.ictalive.aliveclipse 2 0 2013-07-17 10:29:50.406
!MESSAGE Missing required bundle net.sf.ictalive.coordination.agents.diagram.oaw_1.0.4.
!SUBENTRY 2 net.sf.ictalive.aliveclipse 2 0 2013-07-17 10:29:50.406
!MESSAGE Missing required bundle net.sf.ictalive.coordination.edit_0.4.2.
!SUBENTRY 2 net.sf.ictalive.aliveclipse 2 0 2013-07-17 10:29:50.406
!MESSAGE Missing required bundle net.sf.ictalive.coordination.editor_0.4.3.
!SUBENTRY 2 net.sf.ictalive.aliveclipse 2 0 2013-07-17 10:29:50.406
!MESSAGE Missing required bundle net.sf.ictalive.coordination.plans.diagram_0.4.2.
!SUBENTRY 2 net.sf.ictalive.aliveclipse 2 0 2013-07-17 10:29:50.406
!MESSAGE Missing required bundle net.sf.ictalive.coordination.plansynthesis.eclipseplugin_0.4.5.
!SUBENTRY 2 net.sf.ictalive.aliveclipse 2 0 2013-07-17 10:29:50.406
!MESSAGE Missing required bundle net.sf.ictalive.coordination.tasks.diagram_0.4.3.
!SUBENTRY 2 net.sf.ictalive.aliveclipse 2 0 2013-07-17 10:29:50.406
!MESSAGE Missing required bundle net.sf.ictalive.coordination.wfannotation.bpel.diagram_1.0.0.
!SUBENTRY 2 net.sf.ictalive.aliveclipse 2 0 2013-07-17 10:29:50.407
!MESSAGE Missing required bundle net.sf.ictalive.coordination.wfannotation.bpel.diagram.diagram_1.0.0.
!SUBENTRY 2 net.sf.ictalive.aliveclipse 2 0 2013-07-17 10:29:50.407
!MESSAGE Missing required bundle net.sf.ictalive.coordination.wfannotation.bpel.diagram.edit_1.0.0.
!SUBENTRY 2 net.sf.ictalive.aliveclipse 2 0 2013-07-17 10:29:50.407
!MESSAGE Missing required bundle net.sf.ictalive.coordination.wfannotation.bpel.diagram.editor_1.0.0.
!SUBENTRY 2 net.sf.ictalive.aliveclipse 2 0 2013-07-17 10:29:50.407
!MESSAGE Missing required bundle net.sf.ictalive.coordination.wfannotation.mapping_0.1.0.
!SUBENTRY 2 net.sf.ictalive.aliveclipse 2 0 2013-07-17 10:29:50.407
!MESSAGE Missing required bundle net.sf.ictalive.coordination.wfannotation.mapping.diagram_1.0.0.
!SUBENTRY 2 net.sf.ictalive.aliveclipse 2 0 2013-07-17 10:29:50.407
!MESSAGE Missing required bundle net.sf.ictalive.coordination.wfannotation.mapping.edit_0.1.0.
!SUBENTRY 2 net.sf.ictalive.aliveclipse 2 0 2013-07-17 10:29:50.407
!MESSAGE Missing required bundle net.sf.ictalive.coordination.wfannotation.mapping.editor_0.1.0.
!SUBENTRY 2 net.sf.ictalive.aliveclipse 2 0 2013-07-17 10:29:50.408
!MESSAGE Missing required bundle net.sf.ictalive.coordination.wfvv_1.0.0.
!SUBENTRY 2 net.sf.ictalive.aliveclipse 2 0 2013-07-17 10:29:50.408
!MESSAGE Missing required bundle net.sf.ictalive.coordination.wfvv.diagram_1.0.0.
!SUBENTRY 2 net.sf.ictalive.aliveclipse 2 0 2013-07-17 10:29:50.408
!MESSAGE Missing required bundle net.sf.ictalive.coordination.wfvv.edit_1.0.0.
!SUBENTRY 2 net.sf.ictalive.aliveclipse 2 0 2013-07-17 10:29:50.408
!MESSAGE Missing required bundle net.sf.ictalive.coordination.wfvv.editor_1.0.0.
!SUBENTRY 2 net.sf.ictalive.aliveclipse 2 0 2013-07-17 10:29:50.408
!MESSAGE Missing required bundle net.sf.ictalive.eventbus_0.0.1.
!SUBENTRY 2 net.sf.ictalive.aliveclipse 2 0 2013-07-17 10:29:50.408
!MESSAGE Missing required bundle net.sf.ictalive.eventbus.dashboard_1.0.0.
!SUBENTRY 2 net.sf.ictalive.aliveclipse 2 0 2013-07-17 10:29:50.409
!MESSAGE Missing required bundle net.sf.ictalive.eventlog_0.0.1.
!SUBENTRY 2 net.sf.ictalive.aliveclipse 2 0 2013-07-17 10:29:50.409
!MESSAGE Missing required bundle net.sf.ictalive.eventlog.dashboard_1.0.0.
!SUBENTRY 2 net.sf.ictalive.aliveclipse 2 0 2013-07-17 10:29:50.409
!MESSAGE Missing required bundle net.sf.ictalive.log.analysis_2.0.0.
!SUBENTRY 2 net.sf.ictalive.aliveclipse 2 0 2013-07-17 10:29:50.409
!MESSAGE Missing required bundle net.sf.ictalive.matchmaker.agent_1.0.0.
!SUBENTRY 2 net.sf.ictalive.aliveclipse 2 0 2013-07-17 10:29:50.409
!MESSAGE Missing required bundle net.sf.ictalive.metamodel.utils_0.0.1.
!SUBENTRY 2 net.sf.ictalive.aliveclipse 2 0 2013-07-17 10:29:50.409
!MESSAGE Missing required bundle net.sf.ictalive.monitoring_0.0.1.
!SUBENTRY 2 net.sf.ictalive.aliveclipse 2 0 2013-07-17 10:29:50.409
!MESSAGE Missing required bundle net.sf.ictalive.monitortool_1.0.1.
!SUBENTRY 2 net.sf.ictalive.aliveclipse 2 0 2013-07-17 10:29:50.410
!MESSAGE Missing required bundle net.sf.ictalive.operetta.diagram.is_2.0.0.
!SUBENTRY 2 net.sf.ictalive.aliveclipse 2 0 2013-07-17 10:29:50.410
!MESSAGE Missing required bundle net.sf.ictalive.operetta.diagram.ss_2.0.0.
!SUBENTRY 2 net.sf.ictalive.aliveclipse 2 0 2013-07-17 10:29:50.410
!MESSAGE Missing required bundle net.sf.ictalive.operetta.psdeditor_2.0.0.
!SUBENTRY 2 net.sf.ictalive.aliveclipse 2 0 2013-07-17 10:29:50.410
!MESSAGE Missing required bundle net.sf.ictalive.owls_1.0.2.
!SUBENTRY 2 net.sf.ictalive.aliveclipse 2 0 2013-07-17 10:29:50.410
!MESSAGE Missing required bundle net.sf.ictalive.owls.edit_1.0.1.
!SUBENTRY 2 net.sf.ictalive.aliveclipse 2 0 2013-07-17 10:29:50.410
!MESSAGE Missing required bundle net.sf.ictalive.rules_1.0.4.
!SUBENTRY 2 net.sf.ictalive.aliveclipse 2 0 2013-07-17 10:29:50.411
!MESSAGE Missing required bundle net.sf.ictalive.rules.edit_1.0.2.
!SUBENTRY 2 net.sf.ictalive.aliveclipse 2 0 2013-07-17 10:29:50.411
!MESSAGE Missing required bundle net.sf.ictalive.runtime_1.0.5.
!SUBENTRY 2 net.sf.ictalive.aliveclipse 2 0 2013-07-17 10:29:50.411
!MESSAGE Missing required bundle net.sf.ictalive.runtime.NormInstances_1.0.0.
!SUBENTRY 2 net.sf.ictalive.aliveclipse 2 0 2013-07-17 10:29:50.411
!MESSAGE Missing required bundle net.sf.ictalive.runtime.NormInstances.edit_1.0.0.
!SUBENTRY 2 net.sf.ictalive.aliveclipse 2 0 2013-07-17 10:29:50.411
!MESSAGE Missing required bundle net.sf.ictalive.runtime.edit_1.0.1.
!SUBENTRY 2 net.sf.ictalive.aliveclipse 2 0 2013-07-17 10:29:50.411
!MESSAGE Missing required bundle net.sf.ictalive.runtime.editor_1.0.1.
!SUBENTRY 2 net.sf.ictalive.aliveclipse 2 0 2013-07-17 10:29:50.411
!MESSAGE Missing required bundle net.sf.ictalive.schema.edit_1.0.0.
!SUBENTRY 2 net.sf.ictalive.aliveclipse 2 0 2013-07-17 10:29:50.412
!MESSAGE Missing required bundle net.sf.ictalive.service.enactment_1.0.0.
!SUBENTRY 2 net.sf.ictalive.aliveclipse 2 0 2013-07-17 10:29:50.412
!MESSAGE Missing required bundle net.sf.ictalive.service.enactmenttab_0.0.2.
!SUBENTRY 2 net.sf.ictalive.aliveclipse 2 0 2013-07-17 10:29:50.412
!MESSAGE Missing required bundle net.sf.ictalive.service.matchmakertab_1.0.0.
!SUBENTRY 2 net.sf.ictalive.aliveclipse 2 0 2013-07-17 10:29:50.412
!MESSAGE Missing required bundle net.sf.ictalive.service.owlseditor_1.0.0.
!SUBENTRY 2 net.sf.ictalive.aliveclipse 2 0 2013-07-17 10:29:50.412
!MESSAGE Missing required bundle net.sf.ictalive.service.owlseditor.diagram_1.0.0.
!SUBENTRY 2 net.sf.ictalive.aliveclipse 2 0 2013-07-17 10:29:50.412
!MESSAGE Missing required bundle net.sf.ictalive.service.owlseditor.edit_1.0.0.
!SUBENTRY 2 net.sf.ictalive.aliveclipse 2 0 2013-07-17 10:29:50.412
!MESSAGE Missing required bundle net.sf.ictalive.service.owlseditor.editor_1.0.0.
!SUBENTRY 2 net.sf.ictalive.aliveclipse 2 0 2013-07-17 10:29:50.413
!MESSAGE Missing required bundle net.sf.ictalive.service.repositorytools_1.0.1.
!SUBENTRY 2 net.sf.ictalive.aliveclipse 2 0 2013-07-17 10:29:50.413
!MESSAGE Missing required bundle net.sf.ictalive.service.template.ui_1.0.0.
!SUBENTRY 2 net.sf.ictalive.aliveclipse 2 0 2013-07-17 10:29:50.413
!MESSAGE Missing required bundle net.sf.ictalive.service.templates_1.0.0.
!SUBENTRY 2 net.sf.ictalive.aliveclipse 2 0 2013-07-17 10:29:50.413
!MESSAGE Missing required bundle net.sf.ictalive.services_1.0.3.
!SUBENTRY 2 net.sf.ictalive.aliveclipse 2 0 2013-07-17 10:29:50.413
!MESSAGE Missing required bundle net.sf.ictalive.services.edit_1.0.3.
!SUBENTRY 2 net.sf.ictalive.aliveclipse 2 0 2013-07-17 10:29:50.413
!MESSAGE Missing required bundle net.sf.ictalive.serviceui_1.0.2.
!SUBENTRY 1 org.eclipse.osgi 2 0 2013-07-17 10:29:50.413
!MESSAGE Bundle net.sf.ictalive.operetta.psdeditor_2.0.0.qualifier [291] was not resolved.
!SUBENTRY 2 net.sf.ictalive.operetta.psdeditor 2 0 2013-07-17 10:29:50.414
!MESSAGE Package uses conflict: Require-Bundle: net.sf.ictalive.operetta.edit; bundle-version="2.0.0"

!ENTRY org.eclipse.osgi 4 0 2013-07-17 10:29:50.415
!MESSAGE Application error
!STACK 1
java.lang.RuntimeException: No application id has been found.
	at org.eclipse.equinox.internal.app.EclipseAppContainer.startDefaultApp(EclipseAppContainer.java:242)
	at org.eclipse.equinox.internal.app.MainApplicationLauncher.run(MainApplicationLauncher.java:29)
	at org.eclipse.core.runtime.internal.adaptor.EclipseAppLauncher.runApplication(EclipseAppLauncher.java:110)
	at org.eclipse.core.runtime.internal.adaptor.EclipseAppLauncher.start(EclipseAppLauncher.java:79)
	at org.eclipse.core.runtime.adaptor.EclipseStarter.run(EclipseStarter.java:354)
	at org.eclipse.core.runtime.adaptor.EclipseStarter.run(EclipseStarter.java:181)
	at sun.reflect.NativeMethodAccessorImpl.invoke0(Native Method)
	at sun.reflect.NativeMethodAccessorImpl.invoke(NativeMethodAccessorImpl.java:57)
	at sun.reflect.DelegatingMethodAccessorImpl.invoke(DelegatingMethodAccessorImpl.java:43)
	at java.lang.reflect.Method.invoke(Method.java:601)
	at org.eclipse.equinox.launcher.Main.invokeFramework(Main.java:636)
	at org.eclipse.equinox.launcher.Main.basicRun(Main.java:591)
	at org.eclipse.equinox.launcher.Main.run(Main.java:1450)
	at org.eclipse.equinox.launcher.Main.main(Main.java:1426)
