!SESSION 2013-07-17 11:04:37.588 -----------------------------------------------
eclipse.buildId=unknown
java.version=1.7.0_17
java.vendor=Oracle Corporation
BootLoader constants: OS=macosx, ARCH=x86_64, WS=cocoa, NL=en_US
Framework arguments:  -product net.sf.ictalive.aliveclipse.product
Command-line arguments:  -product net.sf.ictalive.aliveclipse.product -data /Users/sergio/Documents/Research/aliveclipse/../runtime-ALIVEclipse.macosx64.product -dev file:/Users/sergio/Documents/Research/aliveclipse/.metadata/.plugins/org.eclipse.pde.core/ALIVEclipse.macosx64.product/dev.properties -os macosx -ws cocoa -arch x86_64 -consoleLog

!ENTRY org.eclipse.equinox.app 0 0 2013-07-17 11:04:40.078
!MESSAGE Product net.sf.ictalive.aliveclipse.product could not be found.

!ENTRY org.eclipse.osgi 2 0 2013-07-17 11:04:40.149
!MESSAGE One or more bundles are not resolved because the following root constraints are not resolved:
!SUBENTRY 1 org.eclipse.osgi 2 0 2013-07-17 11:04:40.149
!MESSAGE Bundle reference:file:/Users/sergio/Documents/Research/aliveclipse/net.sf.ictalive.aliveclipse/ was not resolved.
!SUBENTRY 2 net.sf.ictalive.aliveclipse 2 0 2013-07-17 11:04:40.150
!MESSAGE Missing required bundle net.sf.ictalive.service.enactment_1.0.0.
!SUBENTRY 2 net.sf.ictalive.aliveclipse 2 0 2013-07-17 11:04:40.150
!MESSAGE Missing required bundle net.sf.ictalive.coordination.wfvv.editor_1.0.0.
!SUBENTRY 2 net.sf.ictalive.aliveclipse 2 0 2013-07-17 11:04:40.150
!MESSAGE Missing required bundle net.sf.ictalive.coordination.plans.diagram_0.4.2.
!SUBENTRY 2 net.sf.ictalive.aliveclipse 2 0 2013-07-17 11:04:40.150
!MESSAGE Missing required bundle net.sf.ictalive.coordination.wfannotation.bpel.diagram.editor_1.0.0.
!SUBENTRY 2 net.sf.ictalive.aliveclipse 2 0 2013-07-17 11:04:40.150
!MESSAGE Missing required bundle net.sf.ictalive.service.owlseditor_1.0.0.
!SUBENTRY 2 net.sf.ictalive.aliveclipse 2 0 2013-07-17 11:04:40.151
!MESSAGE Missing required bundle net.sf.ictalive.service.enactmenttab_0.0.2.
!SUBENTRY 2 net.sf.ictalive.aliveclipse 2 0 2013-07-17 11:04:40.151
!MESSAGE Missing required bundle net.sf.ictalive.services.edit_1.0.3.
!SUBENTRY 2 net.sf.ictalive.aliveclipse 2 0 2013-07-17 11:04:40.151
!MESSAGE Missing required bundle net.sf.ictalive.coordination.plansynthesis.eclipseplugin_0.4.5.
!SUBENTRY 2 net.sf.ictalive.aliveclipse 2 0 2013-07-17 11:04:40.151
!MESSAGE Missing required bundle net.sf.ictalive.eventlog_0.0.1.
!SUBENTRY 2 net.sf.ictalive.aliveclipse 2 0 2013-07-17 11:04:40.151
!MESSAGE Missing required bundle net.sf.ictalive.runtime.edit_1.0.1.
!SUBENTRY 2 net.sf.ictalive.aliveclipse 2 0 2013-07-17 11:04:40.151
!MESSAGE Missing required bundle net.sf.ictalive.coordination.wfvv_1.0.0.
!SUBENTRY 2 net.sf.ictalive.aliveclipse 2 0 2013-07-17 11:04:40.152
!MESSAGE Missing required bundle net.sf.ictalive.rules.edit_1.0.2.
!SUBENTRY 2 net.sf.ictalive.aliveclipse 2 0 2013-07-17 11:04:40.152
!MESSAGE Missing required bundle net.sf.ictalive.coordination_1.0.2.
!SUBENTRY 2 net.sf.ictalive.aliveclipse 2 0 2013-07-17 11:04:40.152
!MESSAGE Missing required bundle net.sf.ictalive.schema.edit_1.0.0.
!SUBENTRY 2 net.sf.ictalive.aliveclipse 2 0 2013-07-17 11:04:40.152
!MESSAGE Missing required bundle net.sf.ictalive.log.analysis_2.0.0.
!SUBENTRY 2 net.sf.ictalive.aliveclipse 2 0 2013-07-17 11:04:40.152
!MESSAGE Missing required bundle net.sf.ictalive.service.matchmakertab_1.0.0.
!SUBENTRY 2 net.sf.ictalive.aliveclipse 2 0 2013-07-17 11:04:40.153
!MESSAGE Missing required bundle net.sf.ictalive.coordination.edit_0.4.2.
!SUBENTRY 2 net.sf.ictalive.aliveclipse 2 0 2013-07-17 11:04:40.153
!MESSAGE Missing required bundle net.sf.ictalive.service.template.ui_1.0.0.
!SUBENTRY 2 net.sf.ictalive.aliveclipse 2 0 2013-07-17 11:04:40.153
!MESSAGE Missing required bundle net.sf.ictalive.metamodel.utils_0.0.1.
!SUBENTRY 2 net.sf.ictalive.aliveclipse 2 0 2013-07-17 11:04:40.153
!MESSAGE Missing required bundle net.sf.ictalive.runtime.NormInstances_1.0.0.
!SUBENTRY 2 net.sf.ictalive.aliveclipse 2 0 2013-07-17 11:04:40.153
!MESSAGE Missing required bundle net.sf.ictalive.coordination.wfannotation.bpel.diagram.diagram_1.0.0.
!SUBENTRY 2 net.sf.ictalive.aliveclipse 2 0 2013-07-17 11:04:40.154
!MESSAGE Missing required bundle net.sf.ictalive.EventMetamodel_1.0.0.
!SUBENTRY 2 net.sf.ictalive.aliveclipse 2 0 2013-07-17 11:04:40.154
!MESSAGE Missing required bundle net.sf.ictalive.coordination.wfannotation.mapping.editor_0.1.0.
!SUBENTRY 2 net.sf.ictalive.aliveclipse 2 0 2013-07-17 11:04:40.154
!MESSAGE Missing required bundle net.sf.ictalive.coordination.wfannotation.bpel.diagram.edit_1.0.0.
!SUBENTRY 2 net.sf.ictalive.aliveclipse 2 0 2013-07-17 11:04:40.154
!MESSAGE Missing required bundle net.sf.ictalive.matchmaker.agent_1.0.0.
!SUBENTRY 2 net.sf.ictalive.aliveclipse 2 0 2013-07-17 11:04:40.154
!MESSAGE Missing required bundle net.sf.ictalive.monitoring_0.0.1.
!SUBENTRY 2 net.sf.ictalive.aliveclipse 2 0 2013-07-17 11:04:40.155
!MESSAGE Missing required bundle net.sf.ictalive.serviceui_1.0.2.
!SUBENTRY 2 net.sf.ictalive.aliveclipse 2 0 2013-07-17 11:04:40.155
!MESSAGE Missing required bundle net.sf.ictalive.coordination.wfvv.edit_1.0.0.
!SUBENTRY 2 net.sf.ictalive.aliveclipse 2 0 2013-07-17 11:04:40.155
!MESSAGE Missing required bundle net.sf.ictalive.coordination.wfvv.diagram_1.0.0.
!SUBENTRY 2 net.sf.ictalive.aliveclipse 2 0 2013-07-17 11:04:40.155
!MESSAGE Missing required bundle net.sf.ictalive.service.owlseditor.diagram_1.0.0.
!SUBENTRY 2 net.sf.ictalive.aliveclipse 2 0 2013-07-17 11:04:40.155
!MESSAGE Missing required bundle net.sf.ictalive.service.owlseditor.editor_1.0.0.
!SUBENTRY 2 net.sf.ictalive.aliveclipse 2 0 2013-07-17 11:04:40.156
!MESSAGE Missing required bundle net.sf.ictalive.service.templates_1.0.0.
!SUBENTRY 2 net.sf.ictalive.aliveclipse 2 0 2013-07-17 11:04:40.156
!MESSAGE Missing required bundle net.sf.ictalive.service.owlseditor.edit_1.0.0.
!SUBENTRY 2 net.sf.ictalive.aliveclipse 2 0 2013-07-17 11:04:40.156
!MESSAGE Missing required bundle net.sf.ictalive.owls_1.0.2.
!SUBENTRY 2 net.sf.ictalive.aliveclipse 2 0 2013-07-17 11:04:40.156
!MESSAGE Missing required bundle net.sf.ictalive.eventlog.dashboard_1.0.0.
!SUBENTRY 2 net.sf.ictalive.aliveclipse 2 0 2013-07-17 11:04:40.156
!MESSAGE Missing required bundle net.sf.ictalive.rules_1.0.4.
!SUBENTRY 2 net.sf.ictalive.aliveclipse 2 0 2013-07-17 11:04:40.157
!MESSAGE Missing required bundle net.sf.ictalive.coordination.wfannotation.bpel.diagram_1.0.0.
!SUBENTRY 2 net.sf.ictalive.aliveclipse 2 0 2013-07-17 11:04:40.157
!MESSAGE Missing required bundle net.sf.ictalive.runtime_1.0.5.
!SUBENTRY 2 net.sf.ictalive.aliveclipse 2 0 2013-07-17 11:04:40.157
!MESSAGE Missing required bundle net.sf.ictalive.owls.edit_1.0.1.
!SUBENTRY 2 net.sf.ictalive.aliveclipse 2 0 2013-07-17 11:04:40.157
!MESSAGE Missing required bundle net.sf.ictalive.runtime.NormInstances.edit_1.0.0.
!SUBENTRY 2 net.sf.ictalive.aliveclipse 2 0 2013-07-17 11:04:40.157
!MESSAGE Missing required bundle net.sf.ictalive.runtime.editor_1.0.1.
!SUBENTRY 2 net.sf.ictalive.aliveclipse 2 0 2013-07-17 11:04:40.158
!MESSAGE Missing required bundle net.sf.ictalive.coordination.tasks.diagram_0.4.3.
!SUBENTRY 2 net.sf.ictalive.aliveclipse 2 0 2013-07-17 11:04:40.158
!MESSAGE Missing required bundle net.sf.ictalive.coordination.wfannotation.mapping.edit_0.1.0.
!SUBENTRY 2 net.sf.ictalive.aliveclipse 2 0 2013-07-17 11:04:40.158
!MESSAGE Missing required bundle net.sf.ictalive.eventbus.dashboard_1.0.0.
!SUBENTRY 2 net.sf.ictalive.aliveclipse 2 0 2013-07-17 11:04:40.158
!MESSAGE Missing required bundle net.sf.ictalive.monitortool_1.0.1.
!SUBENTRY 2 net.sf.ictalive.aliveclipse 2 0 2013-07-17 11:04:40.158
!MESSAGE Missing required bundle net.sf.ictalive.coordination.wfannotation.mapping_0.1.0.
!SUBENTRY 2 net.sf.ictalive.aliveclipse 2 0 2013-07-17 11:04:40.158
!MESSAGE Missing required bundle net.sf.ictalive.coordination.agents.diagram.oaw_1.0.4.
!SUBENTRY 2 net.sf.ictalive.aliveclipse 2 0 2013-07-17 11:04:40.159
!MESSAGE Missing required bundle net.sf.ictalive.coordination.agents.diagram.library_1.0.0.
!SUBENTRY 2 net.sf.ictalive.aliveclipse 2 0 2013-07-17 11:04:40.159
!MESSAGE Missing required bundle net.sf.ictalive.XSDSchema_1.0.0.
!SUBENTRY 2 net.sf.ictalive.aliveclipse 2 0 2013-07-17 11:04:40.159
!MESSAGE Missing required bundle net.sf.ictalive.coordination.editor_0.4.3.
!SUBENTRY 2 net.sf.ictalive.aliveclipse 2 0 2013-07-17 11:04:40.159
!MESSAGE Missing required bundle net.sf.ictalive.service.repositorytools_1.0.1.
!SUBENTRY 2 net.sf.ictalive.aliveclipse 2 0 2013-07-17 11:04:40.159
!MESSAGE Missing required bundle net.sf.ictalive.coordination.wfannotation.mapping.diagram_1.0.0.
!SUBENTRY 2 net.sf.ictalive.aliveclipse 2 0 2013-07-17 11:04:40.160
!MESSAGE Missing required bundle net.sf.ictalive.services_1.0.3.
!SUBENTRY 2 net.sf.ictalive.aliveclipse 2 0 2013-07-17 11:04:40.160
!MESSAGE Missing required bundle net.sf.ictalive.coordination.actions.diagram_0.4.2.
!SUBENTRY 2 net.sf.ictalive.aliveclipse 2 0 2013-07-17 11:04:40.160
!MESSAGE Missing required bundle net.sf.ictalive.coordination.agents.diagram_1.0.0.
!SUBENTRY 2 net.sf.ictalive.aliveclipse 2 0 2013-07-17 11:04:40.160
!MESSAGE Missing required bundle net.sf.ictalive.eventbus_0.0.1.

!ENTRY org.eclipse.osgi 2 0 2013-07-17 11:04:40.168
!MESSAGE The following is a complete list of bundles which are not resolved, see the prior log entry for the root cause if it exists:
!SUBENTRY 1 org.eclipse.osgi 2 0 2013-07-17 11:04:40.168
!MESSAGE Bundle net.sf.ictalive.operetta.diagram.is_2.0.0.qualifier [15] was not resolved.
!SUBENTRY 2 net.sf.ictalive.operetta.diagram.is 2 0 2013-07-17 11:04:40.168
!MESSAGE Missing required bundle net.sf.ictalive.operetta.psdeditor_1.0.0.
!SUBENTRY 1 org.eclipse.osgi 2 0 2013-07-17 11:04:40.168
!MESSAGE Bundle net.sf.ictalive.operetta.diagram.ss_2.0.0.qualifier [16] was not resolved.
!SUBENTRY 2 net.sf.ictalive.operetta.diagram.ss 2 0 2013-07-17 11:04:40.169
!MESSAGE Missing required bundle net.sf.ictalive.operetta.psdeditor_1.0.0.
!SUBENTRY 1 org.eclipse.osgi 2 0 2013-07-17 11:04:40.169
!MESSAGE Bundle net.sf.ictalive.operetta.editor_2.0.0.qualifier [18] was not resolved.
!SUBENTRY 2 net.sf.ictalive.operetta.editor 2 0 2013-07-17 11:04:40.169
!MESSAGE Missing required bundle net.sf.ictalive.operetta.diagram.ss_1.0.0.
!SUBENTRY 2 net.sf.ictalive.operetta.editor 2 0 2013-07-17 11:04:40.170
!MESSAGE Missing required bundle net.sf.ictalive.operetta.diagram.is_1.0.0.
!SUBENTRY 1 org.eclipse.osgi 2 0 2013-07-17 11:04:40.170
!MESSAGE Bundle net.sf.ictalive.aliveclipse_3.0.7.qualifier [286] was not resolved.
!SUBENTRY 2 net.sf.ictalive.aliveclipse 2 0 2013-07-17 11:04:40.170
!MESSAGE Missing required bundle net.sf.ictalive.operetta.editor_1.0.0.
!SUBENTRY 2 net.sf.ictalive.aliveclipse 2 0 2013-07-17 11:04:40.170
!MESSAGE Missing required bundle net.sf.ictalive.operetta.ontology_1.0.0.
!SUBENTRY 2 net.sf.ictalive.aliveclipse 2 0 2013-07-17 11:04:40.171
!MESSAGE Missing required bundle net.sf.ictalive.operetta.modeltracker_1.0.0.
!SUBENTRY 2 net.sf.ictalive.aliveclipse 2 0 2013-07-17 11:04:40.171
!MESSAGE Missing required bundle net.sf.ictalive.EventMetamodel_1.0.0.
!SUBENTRY 2 net.sf.ictalive.aliveclipse 2 0 2013-07-17 11:04:40.171
!MESSAGE Missing required bundle net.sf.ictalive.XSDSchema_1.0.0.
!SUBENTRY 2 net.sf.ictalive.aliveclipse 2 0 2013-07-17 11:04:40.171
!MESSAGE Missing required bundle net.sf.ictalive.coordination_1.0.2.
!SUBENTRY 2 net.sf.ictalive.aliveclipse 2 0 2013-07-17 11:04:40.172
!MESSAGE Missing required bundle net.sf.ictalive.coordination.actions.diagram_0.4.2.
!SUBENTRY 2 net.sf.ictalive.aliveclipse 2 0 2013-07-17 11:04:40.172
!MESSAGE Missing required bundle net.sf.ictalive.coordination.agents.diagram_1.0.0.
!SUBENTRY 2 net.sf.ictalive.aliveclipse 2 0 2013-07-17 11:04:40.172
!MESSAGE Missing required bundle net.sf.ictalive.coordination.agents.diagram.library_1.0.0.
!SUBENTRY 2 net.sf.ictalive.aliveclipse 2 0 2013-07-17 11:04:40.172
!MESSAGE Missing required bundle net.sf.ictalive.coordination.agents.diagram.oaw_1.0.4.
!SUBENTRY 2 net.sf.ictalive.aliveclipse 2 0 2013-07-17 11:04:40.173
!MESSAGE Missing required bundle net.sf.ictalive.coordination.edit_0.4.2.
!SUBENTRY 2 net.sf.ictalive.aliveclipse 2 0 2013-07-17 11:04:40.173
!MESSAGE Missing required bundle net.sf.ictalive.coordination.editor_0.4.3.
!SUBENTRY 2 net.sf.ictalive.aliveclipse 2 0 2013-07-17 11:04:40.173
!MESSAGE Missing required bundle net.sf.ictalive.coordination.plans.diagram_0.4.2.
!SUBENTRY 2 net.sf.ictalive.aliveclipse 2 0 2013-07-17 11:04:40.173
!MESSAGE Missing required bundle net.sf.ictalive.coordination.plansynthesis.eclipseplugin_0.4.5.
!SUBENTRY 2 net.sf.ictalive.aliveclipse 2 0 2013-07-17 11:04:40.173
!MESSAGE Missing required bundle net.sf.ictalive.coordination.tasks.diagram_0.4.3.
!SUBENTRY 2 net.sf.ictalive.aliveclipse 2 0 2013-07-17 11:04:40.173
!MESSAGE Missing required bundle net.sf.ictalive.coordination.wfannotation.bpel.diagram_1.0.0.
!SUBENTRY 2 net.sf.ictalive.aliveclipse 2 0 2013-07-17 11:04:40.174
!MESSAGE Missing required bundle net.sf.ictalive.coordination.wfannotation.bpel.diagram.diagram_1.0.0.
!SUBENTRY 2 net.sf.ictalive.aliveclipse 2 0 2013-07-17 11:04:40.174
!MESSAGE Missing required bundle net.sf.ictalive.coordination.wfannotation.bpel.diagram.edit_1.0.0.
!SUBENTRY 2 net.sf.ictalive.aliveclipse 2 0 2013-07-17 11:04:40.174
!MESSAGE Missing required bundle net.sf.ictalive.coordination.wfannotation.bpel.diagram.editor_1.0.0.
!SUBENTRY 2 net.sf.ictalive.aliveclipse 2 0 2013-07-17 11:04:40.174
!MESSAGE Missing required bundle net.sf.ictalive.coordination.wfannotation.mapping_0.1.0.
!SUBENTRY 2 net.sf.ictalive.aliveclipse 2 0 2013-07-17 11:04:40.174
!MESSAGE Missing required bundle net.sf.ictalive.coordination.wfannotation.mapping.diagram_1.0.0.
!SUBENTRY 2 net.sf.ictalive.aliveclipse 2 0 2013-07-17 11:04:40.174
!MESSAGE Missing required bundle net.sf.ictalive.coordination.wfannotation.mapping.edit_0.1.0.
!SUBENTRY 2 net.sf.ictalive.aliveclipse 2 0 2013-07-17 11:04:40.175
!MESSAGE Missing required bundle net.sf.ictalive.coordination.wfannotation.mapping.editor_0.1.0.
!SUBENTRY 2 net.sf.ictalive.aliveclipse 2 0 2013-07-17 11:04:40.175
!MESSAGE Missing required bundle net.sf.ictalive.coordination.wfvv_1.0.0.
!SUBENTRY 2 net.sf.ictalive.aliveclipse 2 0 2013-07-17 11:04:40.175
!MESSAGE Missing required bundle net.sf.ictalive.coordination.wfvv.diagram_1.0.0.
!SUBENTRY 2 net.sf.ictalive.aliveclipse 2 0 2013-07-17 11:04:40.175
!MESSAGE Missing required bundle net.sf.ictalive.coordination.wfvv.edit_1.0.0.
!SUBENTRY 2 net.sf.ictalive.aliveclipse 2 0 2013-07-17 11:04:40.175
!MESSAGE Missing required bundle net.sf.ictalive.coordination.wfvv.editor_1.0.0.
!SUBENTRY 2 net.sf.ictalive.aliveclipse 2 0 2013-07-17 11:04:40.175
!MESSAGE Missing required bundle net.sf.ictalive.eventbus_0.0.1.
!SUBENTRY 2 net.sf.ictalive.aliveclipse 2 0 2013-07-17 11:04:40.176
!MESSAGE Missing required bundle net.sf.ictalive.eventbus.dashboard_1.0.0.
!SUBENTRY 2 net.sf.ictalive.aliveclipse 2 0 2013-07-17 11:04:40.176
!MESSAGE Missing required bundle net.sf.ictalive.eventlog_0.0.1.
!SUBENTRY 2 net.sf.ictalive.aliveclipse 2 0 2013-07-17 11:04:40.176
!MESSAGE Missing required bundle net.sf.ictalive.eventlog.dashboard_1.0.0.
!SUBENTRY 2 net.sf.ictalive.aliveclipse 2 0 2013-07-17 11:04:40.176
!MESSAGE Missing required bundle net.sf.ictalive.log.analysis_2.0.0.
!SUBENTRY 2 net.sf.ictalive.aliveclipse 2 0 2013-07-17 11:04:40.176
!MESSAGE Missing required bundle net.sf.ictalive.matchmaker.agent_1.0.0.
!SUBENTRY 2 net.sf.ictalive.aliveclipse 2 0 2013-07-17 11:04:40.177
!MESSAGE Missing required bundle net.sf.ictalive.metamodel.utils_0.0.1.
!SUBENTRY 2 net.sf.ictalive.aliveclipse 2 0 2013-07-17 11:04:40.177
!MESSAGE Missing required bundle net.sf.ictalive.monitoring_0.0.1.
!SUBENTRY 2 net.sf.ictalive.aliveclipse 2 0 2013-07-17 11:04:40.177
!MESSAGE Missing required bundle net.sf.ictalive.monitortool_1.0.1.
!SUBENTRY 2 net.sf.ictalive.aliveclipse 2 0 2013-07-17 11:04:40.177
!MESSAGE Missing required bundle net.sf.ictalive.operetta.diagram.is_2.0.0.
!SUBENTRY 2 net.sf.ictalive.aliveclipse 2 0 2013-07-17 11:04:40.177
!MESSAGE Missing required bundle net.sf.ictalive.operetta.diagram.ss_2.0.0.
!SUBENTRY 2 net.sf.ictalive.aliveclipse 2 0 2013-07-17 11:04:40.177
!MESSAGE Missing required bundle net.sf.ictalive.operetta.psdeditor_2.0.0.
!SUBENTRY 2 net.sf.ictalive.aliveclipse 2 0 2013-07-17 11:04:40.178
!MESSAGE Missing required bundle net.sf.ictalive.owls_1.0.2.
!SUBENTRY 2 net.sf.ictalive.aliveclipse 2 0 2013-07-17 11:04:40.178
!MESSAGE Missing required bundle net.sf.ictalive.owls.edit_1.0.1.
!SUBENTRY 2 net.sf.ictalive.aliveclipse 2 0 2013-07-17 11:04:40.178
!MESSAGE Missing required bundle net.sf.ictalive.rules_1.0.4.
!SUBENTRY 2 net.sf.ictalive.aliveclipse 2 0 2013-07-17 11:04:40.178
!MESSAGE Missing required bundle net.sf.ictalive.rules.edit_1.0.2.
!SUBENTRY 2 net.sf.ictalive.aliveclipse 2 0 2013-07-17 11:04:40.178
!MESSAGE Missing required bundle net.sf.ictalive.runtime_1.0.5.
!SUBENTRY 2 net.sf.ictalive.aliveclipse 2 0 2013-07-17 11:04:40.178
!MESSAGE Missing required bundle net.sf.ictalive.runtime.NormInstances_1.0.0.
!SUBENTRY 2 net.sf.ictalive.aliveclipse 2 0 2013-07-17 11:04:40.179
!MESSAGE Missing required bundle net.sf.ictalive.runtime.NormInstances.edit_1.0.0.
!SUBENTRY 2 net.sf.ictalive.aliveclipse 2 0 2013-07-17 11:04:40.179
!MESSAGE Missing required bundle net.sf.ictalive.runtime.edit_1.0.1.
!SUBENTRY 2 net.sf.ictalive.aliveclipse 2 0 2013-07-17 11:04:40.179
!MESSAGE Missing required bundle net.sf.ictalive.runtime.editor_1.0.1.
!SUBENTRY 2 net.sf.ictalive.aliveclipse 2 0 2013-07-17 11:04:40.179
!MESSAGE Missing required bundle net.sf.ictalive.schema.edit_1.0.0.
!SUBENTRY 2 net.sf.ictalive.aliveclipse 2 0 2013-07-17 11:04:40.179
!MESSAGE Missing required bundle net.sf.ictalive.service.enactment_1.0.0.
!SUBENTRY 2 net.sf.ictalive.aliveclipse 2 0 2013-07-17 11:04:40.179
!MESSAGE Missing required bundle net.sf.ictalive.service.enactmenttab_0.0.2.
!SUBENTRY 2 net.sf.ictalive.aliveclipse 2 0 2013-07-17 11:04:40.180
!MESSAGE Missing required bundle net.sf.ictalive.service.matchmakertab_1.0.0.
!SUBENTRY 2 net.sf.ictalive.aliveclipse 2 0 2013-07-17 11:04:40.180
!MESSAGE Missing required bundle net.sf.ictalive.service.owlseditor_1.0.0.
!SUBENTRY 2 net.sf.ictalive.aliveclipse 2 0 2013-07-17 11:04:40.180
!MESSAGE Missing required bundle net.sf.ictalive.service.owlseditor.diagram_1.0.0.
!SUBENTRY 2 net.sf.ictalive.aliveclipse 2 0 2013-07-17 11:04:40.180
!MESSAGE Missing required bundle net.sf.ictalive.service.owlseditor.edit_1.0.0.
!SUBENTRY 2 net.sf.ictalive.aliveclipse 2 0 2013-07-17 11:04:40.180
!MESSAGE Missing required bundle net.sf.ictalive.service.owlseditor.editor_1.0.0.
!SUBENTRY 2 net.sf.ictalive.aliveclipse 2 0 2013-07-17 11:04:40.180
!MESSAGE Missing required bundle net.sf.ictalive.service.repositorytools_1.0.1.
!SUBENTRY 2 net.sf.ictalive.aliveclipse 2 0 2013-07-17 11:04:40.181
!MESSAGE Missing required bundle net.sf.ictalive.service.template.ui_1.0.0.
!SUBENTRY 2 net.sf.ictalive.aliveclipse 2 0 2013-07-17 11:04:40.181
!MESSAGE Missing required bundle net.sf.ictalive.service.templates_1.0.0.
!SUBENTRY 2 net.sf.ictalive.aliveclipse 2 0 2013-07-17 11:04:40.181
!MESSAGE Missing required bundle net.sf.ictalive.services_1.0.3.
!SUBENTRY 2 net.sf.ictalive.aliveclipse 2 0 2013-07-17 11:04:40.181
!MESSAGE Missing required bundle net.sf.ictalive.services.edit_1.0.3.
!SUBENTRY 2 net.sf.ictalive.aliveclipse 2 0 2013-07-17 11:04:40.181
!MESSAGE Missing required bundle net.sf.ictalive.serviceui_1.0.2.
!SUBENTRY 1 org.eclipse.osgi 2 0 2013-07-17 11:04:40.181
!MESSAGE Bundle net.sf.ictalive.operetta.modeltracker_2.0.0.qualifier [295] was not resolved.
!SUBENTRY 2 net.sf.ictalive.operetta.modeltracker 2 0 2013-07-17 11:04:40.193
!MESSAGE Missing required bundle net.sf.ictalive.operetta.editor_1.0.0.
!SUBENTRY 1 org.eclipse.osgi 2 0 2013-07-17 11:04:40.193
!MESSAGE Bundle net.sf.ictalive.operetta.ontology_2.0.0.qualifier [296] was not resolved.
!SUBENTRY 2 net.sf.ictalive.operetta.ontology 2 0 2013-07-17 11:04:40.193
!MESSAGE Missing required bundle net.sf.ictalive.operetta.editor_1.0.0.
!SUBENTRY 1 org.eclipse.osgi 2 0 2013-07-17 11:04:40.193
!MESSAGE Bundle net.sf.ictalive.operetta.psdeditor_2.0.0.qualifier [298] was not resolved.
!SUBENTRY 2 net.sf.ictalive.operetta.psdeditor 2 0 2013-07-17 11:04:40.194
!MESSAGE Package uses conflict: Require-Bundle: net.sf.ictalive.operetta; bundle-version="0.0.0"

!ENTRY org.eclipse.osgi 2 0 2013-07-17 11:04:40.230
!MESSAGE One or more bundles are not resolved because the following root constraints are not resolved:
!SUBENTRY 1 org.eclipse.osgi 2 0 2013-07-17 11:04:40.231
!MESSAGE Bundle reference:file:/Users/sergio/Documents/Research/aliveclipse/net.sf.ictalive.aliveclipse/ was not resolved.
!SUBENTRY 2 net.sf.ictalive.aliveclipse 2 0 2013-07-17 11:04:40.231
!MESSAGE Missing required bundle net.sf.ictalive.service.enactment_1.0.0.
!SUBENTRY 2 net.sf.ictalive.aliveclipse 2 0 2013-07-17 11:04:40.231
!MESSAGE Missing required bundle net.sf.ictalive.coordination.wfvv.editor_1.0.0.
!SUBENTRY 2 net.sf.ictalive.aliveclipse 2 0 2013-07-17 11:04:40.231
!MESSAGE Missing required bundle net.sf.ictalive.coordination.plans.diagram_0.4.2.
!SUBENTRY 2 net.sf.ictalive.aliveclipse 2 0 2013-07-17 11:04:40.231
!MESSAGE Missing required bundle net.sf.ictalive.coordination.wfannotation.bpel.diagram.editor_1.0.0.
!SUBENTRY 2 net.sf.ictalive.aliveclipse 2 0 2013-07-17 11:04:40.231
!MESSAGE Missing required bundle net.sf.ictalive.service.owlseditor_1.0.0.
!SUBENTRY 2 net.sf.ictalive.aliveclipse 2 0 2013-07-17 11:04:40.232
!MESSAGE Missing required bundle net.sf.ictalive.service.enactmenttab_0.0.2.
!SUBENTRY 2 net.sf.ictalive.aliveclipse 2 0 2013-07-17 11:04:40.232
!MESSAGE Missing required bundle net.sf.ictalive.services.edit_1.0.3.
!SUBENTRY 2 net.sf.ictalive.aliveclipse 2 0 2013-07-17 11:04:40.232
!MESSAGE Missing required bundle net.sf.ictalive.coordination.plansynthesis.eclipseplugin_0.4.5.
!SUBENTRY 2 net.sf.ictalive.aliveclipse 2 0 2013-07-17 11:04:40.232
!MESSAGE Missing required bundle net.sf.ictalive.eventlog_0.0.1.
!SUBENTRY 2 net.sf.ictalive.aliveclipse 2 0 2013-07-17 11:04:40.233
!MESSAGE Missing required bundle net.sf.ictalive.runtime.edit_1.0.1.
!SUBENTRY 2 net.sf.ictalive.aliveclipse 2 0 2013-07-17 11:04:40.233
!MESSAGE Missing required bundle net.sf.ictalive.coordination.wfvv_1.0.0.
!SUBENTRY 2 net.sf.ictalive.aliveclipse 2 0 2013-07-17 11:04:40.233
!MESSAGE Missing required bundle net.sf.ictalive.rules.edit_1.0.2.
!SUBENTRY 2 net.sf.ictalive.aliveclipse 2 0 2013-07-17 11:04:40.233
!MESSAGE Missing required bundle net.sf.ictalive.coordination_1.0.2.
!SUBENTRY 2 net.sf.ictalive.aliveclipse 2 0 2013-07-17 11:04:40.233
!MESSAGE Missing required bundle net.sf.ictalive.schema.edit_1.0.0.
!SUBENTRY 2 net.sf.ictalive.aliveclipse 2 0 2013-07-17 11:04:40.234
!MESSAGE Missing required bundle net.sf.ictalive.log.analysis_2.0.0.
!SUBENTRY 2 net.sf.ictalive.aliveclipse 2 0 2013-07-17 11:04:40.234
!MESSAGE Missing required bundle net.sf.ictalive.service.matchmakertab_1.0.0.
!SUBENTRY 2 net.sf.ictalive.aliveclipse 2 0 2013-07-17 11:04:40.234
!MESSAGE Missing required bundle net.sf.ictalive.coordination.edit_0.4.2.
!SUBENTRY 2 net.sf.ictalive.aliveclipse 2 0 2013-07-17 11:04:40.234
!MESSAGE Missing required bundle net.sf.ictalive.service.template.ui_1.0.0.
!SUBENTRY 2 net.sf.ictalive.aliveclipse 2 0 2013-07-17 11:04:40.235
!MESSAGE Missing required bundle net.sf.ictalive.metamodel.utils_0.0.1.
!SUBENTRY 2 net.sf.ictalive.aliveclipse 2 0 2013-07-17 11:04:40.235
!MESSAGE Missing required bundle net.sf.ictalive.runtime.NormInstances_1.0.0.
!SUBENTRY 2 net.sf.ictalive.aliveclipse 2 0 2013-07-17 11:04:40.235
!MESSAGE Missing required bundle net.sf.ictalive.coordination.wfannotation.bpel.diagram.diagram_1.0.0.
!SUBENTRY 2 net.sf.ictalive.aliveclipse 2 0 2013-07-17 11:04:40.236
!MESSAGE Missing required bundle net.sf.ictalive.EventMetamodel_1.0.0.
!SUBENTRY 2 net.sf.ictalive.aliveclipse 2 0 2013-07-17 11:04:40.236
!MESSAGE Missing required bundle net.sf.ictalive.coordination.wfannotation.mapping.editor_0.1.0.
!SUBENTRY 2 net.sf.ictalive.aliveclipse 2 0 2013-07-17 11:04:40.236
!MESSAGE Missing required bundle net.sf.ictalive.coordination.wfannotation.bpel.diagram.edit_1.0.0.
!SUBENTRY 2 net.sf.ictalive.aliveclipse 2 0 2013-07-17 11:04:40.236
!MESSAGE Missing required bundle net.sf.ictalive.matchmaker.agent_1.0.0.
!SUBENTRY 2 net.sf.ictalive.aliveclipse 2 0 2013-07-17 11:04:40.237
!MESSAGE Missing required bundle net.sf.ictalive.monitoring_0.0.1.
!SUBENTRY 2 net.sf.ictalive.aliveclipse 2 0 2013-07-17 11:04:40.237
!MESSAGE Missing required bundle net.sf.ictalive.serviceui_1.0.2.
!SUBENTRY 2 net.sf.ictalive.aliveclipse 2 0 2013-07-17 11:04:40.237
!MESSAGE Missing required bundle net.sf.ictalive.coordination.wfvv.edit_1.0.0.
!SUBENTRY 2 net.sf.ictalive.aliveclipse 2 0 2013-07-17 11:04:40.238
!MESSAGE Missing required bundle net.sf.ictalive.coordination.wfvv.diagram_1.0.0.
!SUBENTRY 2 net.sf.ictalive.aliveclipse 2 0 2013-07-17 11:04:40.238
!MESSAGE Missing required bundle net.sf.ictalive.service.owlseditor.diagram_1.0.0.
!SUBENTRY 2 net.sf.ictalive.aliveclipse 2 0 2013-07-17 11:04:40.239
!MESSAGE Missing required bundle net.sf.ictalive.service.owlseditor.editor_1.0.0.
!SUBENTRY 2 net.sf.ictalive.aliveclipse 2 0 2013-07-17 11:04:40.239
!MESSAGE Missing required bundle net.sf.ictalive.service.templates_1.0.0.
!SUBENTRY 2 net.sf.ictalive.aliveclipse 2 0 2013-07-17 11:04:40.239
!MESSAGE Missing required bundle net.sf.ictalive.service.owlseditor.edit_1.0.0.
!SUBENTRY 2 net.sf.ictalive.aliveclipse 2 0 2013-07-17 11:04:40.240
!MESSAGE Missing required bundle net.sf.ictalive.owls_1.0.2.
!SUBENTRY 2 net.sf.ictalive.aliveclipse 2 0 2013-07-17 11:04:40.240
!MESSAGE Missing required bundle net.sf.ictalive.eventlog.dashboard_1.0.0.
!SUBENTRY 2 net.sf.ictalive.aliveclipse 2 0 2013-07-17 11:04:40.240
!MESSAGE Missing required bundle net.sf.ictalive.rules_1.0.4.
!SUBENTRY 2 net.sf.ictalive.aliveclipse 2 0 2013-07-17 11:04:40.241
!MESSAGE Missing required bundle net.sf.ictalive.coordination.wfannotation.bpel.diagram_1.0.0.
!SUBENTRY 2 net.sf.ictalive.aliveclipse 2 0 2013-07-17 11:04:40.241
!MESSAGE Missing required bundle net.sf.ictalive.runtime_1.0.5.
!SUBENTRY 2 net.sf.ictalive.aliveclipse 2 0 2013-07-17 11:04:40.241
!MESSAGE Missing required bundle net.sf.ictalive.owls.edit_1.0.1.
!SUBENTRY 2 net.sf.ictalive.aliveclipse 2 0 2013-07-17 11:04:40.242
!MESSAGE Missing required bundle net.sf.ictalive.runtime.NormInstances.edit_1.0.0.
!SUBENTRY 2 net.sf.ictalive.aliveclipse 2 0 2013-07-17 11:04:40.242
!MESSAGE Missing required bundle net.sf.ictalive.runtime.editor_1.0.1.
!SUBENTRY 2 net.sf.ictalive.aliveclipse 2 0 2013-07-17 11:04:40.243
!MESSAGE Missing required bundle net.sf.ictalive.coordination.tasks.diagram_0.4.3.
!SUBENTRY 2 net.sf.ictalive.aliveclipse 2 0 2013-07-17 11:04:40.243
!MESSAGE Missing required bundle net.sf.ictalive.coordination.wfannotation.mapping.edit_0.1.0.
!SUBENTRY 2 net.sf.ictalive.aliveclipse 2 0 2013-07-17 11:04:40.243
!MESSAGE Missing required bundle net.sf.ictalive.eventbus.dashboard_1.0.0.
!SUBENTRY 2 net.sf.ictalive.aliveclipse 2 0 2013-07-17 11:04:40.244
!MESSAGE Missing required bundle net.sf.ictalive.monitortool_1.0.1.
!SUBENTRY 2 net.sf.ictalive.aliveclipse 2 0 2013-07-17 11:04:40.244
!MESSAGE Missing required bundle net.sf.ictalive.coordination.wfannotation.mapping_0.1.0.
!SUBENTRY 2 net.sf.ictalive.aliveclipse 2 0 2013-07-17 11:04:40.244
!MESSAGE Missing required bundle net.sf.ictalive.coordination.agents.diagram.oaw_1.0.4.
!SUBENTRY 2 net.sf.ictalive.aliveclipse 2 0 2013-07-17 11:04:40.245
!MESSAGE Missing required bundle net.sf.ictalive.coordination.agents.diagram.library_1.0.0.
!SUBENTRY 2 net.sf.ictalive.aliveclipse 2 0 2013-07-17 11:04:40.245
!MESSAGE Missing required bundle net.sf.ictalive.XSDSchema_1.0.0.
!SUBENTRY 2 net.sf.ictalive.aliveclipse 2 0 2013-07-17 11:04:40.245
!MESSAGE Missing required bundle net.sf.ictalive.coordination.editor_0.4.3.
!SUBENTRY 2 net.sf.ictalive.aliveclipse 2 0 2013-07-17 11:04:40.246
!MESSAGE Missing required bundle net.sf.ictalive.service.repositorytools_1.0.1.
!SUBENTRY 2 net.sf.ictalive.aliveclipse 2 0 2013-07-17 11:04:40.246
!MESSAGE Missing required bundle net.sf.ictalive.coordination.wfannotation.mapping.diagram_1.0.0.
!SUBENTRY 2 net.sf.ictalive.aliveclipse 2 0 2013-07-17 11:04:40.246
!MESSAGE Missing required bundle net.sf.ictalive.services_1.0.3.
!SUBENTRY 2 net.sf.ictalive.aliveclipse 2 0 2013-07-17 11:04:40.247
!MESSAGE Missing required bundle net.sf.ictalive.coordination.actions.diagram_0.4.2.
!SUBENTRY 2 net.sf.ictalive.aliveclipse 2 0 2013-07-17 11:04:40.247
!MESSAGE Missing required bundle net.sf.ictalive.coordination.agents.diagram_1.0.0.
!SUBENTRY 2 net.sf.ictalive.aliveclipse 2 0 2013-07-17 11:04:40.247
!MESSAGE Missing required bundle net.sf.ictalive.eventbus_0.0.1.

!ENTRY org.eclipse.osgi 2 0 2013-07-17 11:04:40.252
!MESSAGE The following is a complete list of bundles which are not resolved, see the prior log entry for the root cause if it exists:
!SUBENTRY 1 org.eclipse.osgi 2 0 2013-07-17 11:04:40.252
!MESSAGE Bundle net.sf.ictalive.operetta.diagram.is_2.0.0.qualifier [15] was not resolved.
!SUBENTRY 2 net.sf.ictalive.operetta.diagram.is 2 0 2013-07-17 11:04:40.252
!MESSAGE Missing required bundle net.sf.ictalive.operetta.psdeditor_1.0.0.
!SUBENTRY 1 org.eclipse.osgi 2 0 2013-07-17 11:04:40.252
!MESSAGE Bundle net.sf.ictalive.operetta.diagram.ss_2.0.0.qualifier [16] was not resolved.
!SUBENTRY 2 net.sf.ictalive.operetta.diagram.ss 2 0 2013-07-17 11:04:40.253
!MESSAGE Missing required bundle net.sf.ictalive.operetta.psdeditor_1.0.0.
!SUBENTRY 1 org.eclipse.osgi 2 0 2013-07-17 11:04:40.253
!MESSAGE Bundle net.sf.ictalive.operetta.editor_2.0.0.qualifier [18] was not resolved.
!SUBENTRY 2 net.sf.ictalive.operetta.editor 2 0 2013-07-17 11:04:40.253
!MESSAGE Missing required bundle net.sf.ictalive.operetta.diagram.ss_1.0.0.
!SUBENTRY 2 net.sf.ictalive.operetta.editor 2 0 2013-07-17 11:04:40.253
!MESSAGE Missing required bundle net.sf.ictalive.operetta.diagram.is_1.0.0.
!SUBENTRY 1 org.eclipse.osgi 2 0 2013-07-17 11:04:40.253
!MESSAGE Bundle net.sf.ictalive.aliveclipse_3.0.7.qualifier [286] was not resolved.
!SUBENTRY 2 net.sf.ictalive.aliveclipse 2 0 2013-07-17 11:04:40.253
!MESSAGE Missing required bundle net.sf.ictalive.operetta.editor_1.0.0.
!SUBENTRY 2 net.sf.ictalive.aliveclipse 2 0 2013-07-17 11:04:40.254
!MESSAGE Missing required bundle net.sf.ictalive.operetta.ontology_1.0.0.
!SUBENTRY 2 net.sf.ictalive.aliveclipse 2 0 2013-07-17 11:04:40.254
!MESSAGE Missing required bundle net.sf.ictalive.operetta.modeltracker_1.0.0.
!SUBENTRY 2 net.sf.ictalive.aliveclipse 2 0 2013-07-17 11:04:40.254
!MESSAGE Missing required bundle net.sf.ictalive.EventMetamodel_1.0.0.
!SUBENTRY 2 net.sf.ictalive.aliveclipse 2 0 2013-07-17 11:04:40.254
!MESSAGE Missing required bundle net.sf.ictalive.XSDSchema_1.0.0.
!SUBENTRY 2 net.sf.ictalive.aliveclipse 2 0 2013-07-17 11:04:40.254
!MESSAGE Missing required bundle net.sf.ictalive.coordination_1.0.2.
!SUBENTRY 2 net.sf.ictalive.aliveclipse 2 0 2013-07-17 11:04:40.254
!MESSAGE Missing required bundle net.sf.ictalive.coordination.actions.diagram_0.4.2.
!SUBENTRY 2 net.sf.ictalive.aliveclipse 2 0 2013-07-17 11:04:40.255
!MESSAGE Missing required bundle net.sf.ictalive.coordination.agents.diagram_1.0.0.
!SUBENTRY 2 net.sf.ictalive.aliveclipse 2 0 2013-07-17 11:04:40.255
!MESSAGE Missing required bundle net.sf.ictalive.coordination.agents.diagram.library_1.0.0.
!SUBENTRY 2 net.sf.ictalive.aliveclipse 2 0 2013-07-17 11:04:40.255
!MESSAGE Missing required bundle net.sf.ictalive.coordination.agents.diagram.oaw_1.0.4.
!SUBENTRY 2 net.sf.ictalive.aliveclipse 2 0 2013-07-17 11:04:40.255
!MESSAGE Missing required bundle net.sf.ictalive.coordination.edit_0.4.2.
!SUBENTRY 2 net.sf.ictalive.aliveclipse 2 0 2013-07-17 11:04:40.255
!MESSAGE Missing required bundle net.sf.ictalive.coordination.editor_0.4.3.
!SUBENTRY 2 net.sf.ictalive.aliveclipse 2 0 2013-07-17 11:04:40.255
!MESSAGE Missing required bundle net.sf.ictalive.coordination.plans.diagram_0.4.2.
!SUBENTRY 2 net.sf.ictalive.aliveclipse 2 0 2013-07-17 11:04:40.255
!MESSAGE Missing required bundle net.sf.ictalive.coordination.plansynthesis.eclipseplugin_0.4.5.
!SUBENTRY 2 net.sf.ictalive.aliveclipse 2 0 2013-07-17 11:04:40.256
!MESSAGE Missing required bundle net.sf.ictalive.coordination.tasks.diagram_0.4.3.
!SUBENTRY 2 net.sf.ictalive.aliveclipse 2 0 2013-07-17 11:04:40.256
!MESSAGE Missing required bundle net.sf.ictalive.coordination.wfannotation.bpel.diagram_1.0.0.
!SUBENTRY 2 net.sf.ictalive.aliveclipse 2 0 2013-07-17 11:04:40.256
!MESSAGE Missing required bundle net.sf.ictalive.coordination.wfannotation.bpel.diagram.diagram_1.0.0.
!SUBENTRY 2 net.sf.ictalive.aliveclipse 2 0 2013-07-17 11:04:40.256
!MESSAGE Missing required bundle net.sf.ictalive.coordination.wfannotation.bpel.diagram.edit_1.0.0.
!SUBENTRY 2 net.sf.ictalive.aliveclipse 2 0 2013-07-17 11:04:40.256
!MESSAGE Missing required bundle net.sf.ictalive.coordination.wfannotation.bpel.diagram.editor_1.0.0.
!SUBENTRY 2 net.sf.ictalive.aliveclipse 2 0 2013-07-17 11:04:40.256
!MESSAGE Missing required bundle net.sf.ictalive.coordination.wfannotation.mapping_0.1.0.
!SUBENTRY 2 net.sf.ictalive.aliveclipse 2 0 2013-07-17 11:04:40.256
!MESSAGE Missing required bundle net.sf.ictalive.coordination.wfannotation.mapping.diagram_1.0.0.
!SUBENTRY 2 net.sf.ictalive.aliveclipse 2 0 2013-07-17 11:04:40.257
!MESSAGE Missing required bundle net.sf.ictalive.coordination.wfannotation.mapping.edit_0.1.0.
!SUBENTRY 2 net.sf.ictalive.aliveclipse 2 0 2013-07-17 11:04:40.257
!MESSAGE Missing required bundle net.sf.ictalive.coordination.wfannotation.mapping.editor_0.1.0.
!SUBENTRY 2 net.sf.ictalive.aliveclipse 2 0 2013-07-17 11:04:40.257
!MESSAGE Missing required bundle net.sf.ictalive.coordination.wfvv_1.0.0.
!SUBENTRY 2 net.sf.ictalive.aliveclipse 2 0 2013-07-17 11:04:40.257
!MESSAGE Missing required bundle net.sf.ictalive.coordination.wfvv.diagram_1.0.0.
!SUBENTRY 2 net.sf.ictalive.aliveclipse 2 0 2013-07-17 11:04:40.257
!MESSAGE Missing required bundle net.sf.ictalive.coordination.wfvv.edit_1.0.0.
!SUBENTRY 2 net.sf.ictalive.aliveclipse 2 0 2013-07-17 11:04:40.257
!MESSAGE Missing required bundle net.sf.ictalive.coordination.wfvv.editor_1.0.0.
!SUBENTRY 2 net.sf.ictalive.aliveclipse 2 0 2013-07-17 11:04:40.258
!MESSAGE Missing required bundle net.sf.ictalive.eventbus_0.0.1.
!SUBENTRY 2 net.sf.ictalive.aliveclipse 2 0 2013-07-17 11:04:40.258
!MESSAGE Missing required bundle net.sf.ictalive.eventbus.dashboard_1.0.0.
!SUBENTRY 2 net.sf.ictalive.aliveclipse 2 0 2013-07-17 11:04:40.258
!MESSAGE Missing required bundle net.sf.ictalive.eventlog_0.0.1.
!SUBENTRY 2 net.sf.ictalive.aliveclipse 2 0 2013-07-17 11:04:40.258
!MESSAGE Missing required bundle net.sf.ictalive.eventlog.dashboard_1.0.0.
!SUBENTRY 2 net.sf.ictalive.aliveclipse 2 0 2013-07-17 11:04:40.258
!MESSAGE Missing required bundle net.sf.ictalive.log.analysis_2.0.0.
!SUBENTRY 2 net.sf.ictalive.aliveclipse 2 0 2013-07-17 11:04:40.258
!MESSAGE Missing required bundle net.sf.ictalive.matchmaker.agent_1.0.0.
!SUBENTRY 2 net.sf.ictalive.aliveclipse 2 0 2013-07-17 11:04:40.258
!MESSAGE Missing required bundle net.sf.ictalive.metamodel.utils_0.0.1.
!SUBENTRY 2 net.sf.ictalive.aliveclipse 2 0 2013-07-17 11:04:40.259
!MESSAGE Missing required bundle net.sf.ictalive.monitoring_0.0.1.
!SUBENTRY 2 net.sf.ictalive.aliveclipse 2 0 2013-07-17 11:04:40.259
!MESSAGE Missing required bundle net.sf.ictalive.monitortool_1.0.1.
!SUBENTRY 2 net.sf.ictalive.aliveclipse 2 0 2013-07-17 11:04:40.259
!MESSAGE Missing required bundle net.sf.ictalive.operetta.diagram.is_2.0.0.
!SUBENTRY 2 net.sf.ictalive.aliveclipse 2 0 2013-07-17 11:04:40.259
!MESSAGE Missing required bundle net.sf.ictalive.operetta.diagram.ss_2.0.0.
!SUBENTRY 2 net.sf.ictalive.aliveclipse 2 0 2013-07-17 11:04:40.259
!MESSAGE Missing required bundle net.sf.ictalive.operetta.psdeditor_2.0.0.
!SUBENTRY 2 net.sf.ictalive.aliveclipse 2 0 2013-07-17 11:04:40.259
!MESSAGE Missing required bundle net.sf.ictalive.owls_1.0.2.
!SUBENTRY 2 net.sf.ictalive.aliveclipse 2 0 2013-07-17 11:04:40.259
!MESSAGE Missing required bundle net.sf.ictalive.owls.edit_1.0.1.
!SUBENTRY 2 net.sf.ictalive.aliveclipse 2 0 2013-07-17 11:04:40.260
!MESSAGE Missing required bundle net.sf.ictalive.rules_1.0.4.
!SUBENTRY 2 net.sf.ictalive.aliveclipse 2 0 2013-07-17 11:04:40.260
!MESSAGE Missing required bundle net.sf.ictalive.rules.edit_1.0.2.
!SUBENTRY 2 net.sf.ictalive.aliveclipse 2 0 2013-07-17 11:04:40.260
!MESSAGE Missing required bundle net.sf.ictalive.runtime_1.0.5.
!SUBENTRY 2 net.sf.ictalive.aliveclipse 2 0 2013-07-17 11:04:40.260
!MESSAGE Missing required bundle net.sf.ictalive.runtime.NormInstances_1.0.0.
!SUBENTRY 2 net.sf.ictalive.aliveclipse 2 0 2013-07-17 11:04:40.260
!MESSAGE Missing required bundle net.sf.ictalive.runtime.NormInstances.edit_1.0.0.
!SUBENTRY 2 net.sf.ictalive.aliveclipse 2 0 2013-07-17 11:04:40.260
!MESSAGE Missing required bundle net.sf.ictalive.runtime.edit_1.0.1.
!SUBENTRY 2 net.sf.ictalive.aliveclipse 2 0 2013-07-17 11:04:40.261
!MESSAGE Missing required bundle net.sf.ictalive.runtime.editor_1.0.1.
!SUBENTRY 2 net.sf.ictalive.aliveclipse 2 0 2013-07-17 11:04:40.261
!MESSAGE Missing required bundle net.sf.ictalive.schema.edit_1.0.0.
!SUBENTRY 2 net.sf.ictalive.aliveclipse 2 0 2013-07-17 11:04:40.261
!MESSAGE Missing required bundle net.sf.ictalive.service.enactment_1.0.0.
!SUBENTRY 2 net.sf.ictalive.aliveclipse 2 0 2013-07-17 11:04:40.261
!MESSAGE Missing required bundle net.sf.ictalive.service.enactmenttab_0.0.2.
!SUBENTRY 2 net.sf.ictalive.aliveclipse 2 0 2013-07-17 11:04:40.261
!MESSAGE Missing required bundle net.sf.ictalive.service.matchmakertab_1.0.0.
!SUBENTRY 2 net.sf.ictalive.aliveclipse 2 0 2013-07-17 11:04:40.261
!MESSAGE Missing required bundle net.sf.ictalive.service.owlseditor_1.0.0.
!SUBENTRY 2 net.sf.ictalive.aliveclipse 2 0 2013-07-17 11:04:40.261
!MESSAGE Missing required bundle net.sf.ictalive.service.owlseditor.diagram_1.0.0.
!SUBENTRY 2 net.sf.ictalive.aliveclipse 2 0 2013-07-17 11:04:40.262
!MESSAGE Missing required bundle net.sf.ictalive.service.owlseditor.edit_1.0.0.
!SUBENTRY 2 net.sf.ictalive.aliveclipse 2 0 2013-07-17 11:04:40.262
!MESSAGE Missing required bundle net.sf.ictalive.service.owlseditor.editor_1.0.0.
!SUBENTRY 2 net.sf.ictalive.aliveclipse 2 0 2013-07-17 11:04:40.262
!MESSAGE Missing required bundle net.sf.ictalive.service.repositorytools_1.0.1.
!SUBENTRY 2 net.sf.ictalive.aliveclipse 2 0 2013-07-17 11:04:40.262
!MESSAGE Missing required bundle net.sf.ictalive.service.template.ui_1.0.0.
!SUBENTRY 2 net.sf.ictalive.aliveclipse 2 0 2013-07-17 11:04:40.262
!MESSAGE Missing required bundle net.sf.ictalive.service.templates_1.0.0.
!SUBENTRY 2 net.sf.ictalive.aliveclipse 2 0 2013-07-17 11:04:40.262
!MESSAGE Missing required bundle net.sf.ictalive.services_1.0.3.
!SUBENTRY 2 net.sf.ictalive.aliveclipse 2 0 2013-07-17 11:04:40.262
!MESSAGE Missing required bundle net.sf.ictalive.services.edit_1.0.3.
!SUBENTRY 2 net.sf.ictalive.aliveclipse 2 0 2013-07-17 11:04:40.263
!MESSAGE Missing required bundle net.sf.ictalive.serviceui_1.0.2.
!SUBENTRY 1 org.eclipse.osgi 2 0 2013-07-17 11:04:40.263
!MESSAGE Bundle net.sf.ictalive.operetta.modeltracker_2.0.0.qualifier [295] was not resolved.
!SUBENTRY 2 net.sf.ictalive.operetta.modeltracker 2 0 2013-07-17 11:04:40.263
!MESSAGE Missing required bundle net.sf.ictalive.operetta.editor_1.0.0.
!SUBENTRY 1 org.eclipse.osgi 2 0 2013-07-17 11:04:40.263
!MESSAGE Bundle net.sf.ictalive.operetta.ontology_2.0.0.qualifier [296] was not resolved.
!SUBENTRY 2 net.sf.ictalive.operetta.ontology 2 0 2013-07-17 11:04:40.263
!MESSAGE Missing required bundle net.sf.ictalive.operetta.editor_1.0.0.
!SUBENTRY 1 org.eclipse.osgi 2 0 2013-07-17 11:04:40.263
!MESSAGE Bundle net.sf.ictalive.operetta.psdeditor_2.0.0.qualifier [298] was not resolved.
!SUBENTRY 2 net.sf.ictalive.operetta.psdeditor 2 0 2013-07-17 11:04:40.264
!MESSAGE Package uses conflict: Require-Bundle: net.sf.ictalive.operetta; bundle-version="0.0.0"

!ENTRY org.eclipse.osgi 4 0 2013-07-17 11:04:40.265
!MESSAGE Application error
!STACK 1
java.lang.RuntimeException: No application id has been found.
	at org.eclipse.equinox.internal.app.EclipseAppContainer.startDefaultApp(EclipseAppContainer.java:242)
	at org.eclipse.equinox.internal.app.MainApplicationLauncher.run(MainApplicationLauncher.java:29)
	at org.eclipse.core.runtime.internal.adaptor.EclipseAppLauncher.runApplication(EclipseAppLauncher.java:110)
	at org.eclipse.core.runtime.internal.adaptor.EclipseAppLauncher.start(EclipseAppLauncher.java:79)
	at org.eclipse.core.runtime.adaptor.EclipseStarter.run(EclipseStarter.java:354)
	at org.eclipse.core.runtime.adaptor.EclipseStarter.run(EclipseStarter.java:181)
	at sun.reflect.NativeMethodAccessorImpl.invoke0(Native Method)
	at sun.reflect.NativeMethodAccessorImpl.invoke(NativeMethodAccessorImpl.java:57)
	at sun.reflect.DelegatingMethodAccessorImpl.invoke(DelegatingMethodAccessorImpl.java:43)
	at java.lang.reflect.Method.invoke(Method.java:601)
	at org.eclipse.equinox.launcher.Main.invokeFramework(Main.java:636)
	at org.eclipse.equinox.launcher.Main.basicRun(Main.java:591)
	at org.eclipse.equinox.launcher.Main.run(Main.java:1450)
	at org.eclipse.equinox.launcher.Main.main(Main.java:1426)
