<?xml version="1.0" encoding="UTF-8"?>
<trace:TraceModel xmi:version="2.0"
    xmlns:xmi="http://www.omg.org/XMI"
    xmlns:trace="http://www.eclipse.org/gmf/2006/Trace">
  <nodeTraces
      visualID="2003"
      queryText="(let _eClass_:ecore::EClass = modelFacet.metaClass.ecoreClass in _eClass_.ePackage.nsURI = 'http://www.example.org' and _eClass_.name = 'Loc') and (let _containmentMF_:ecore::EStructuralFeature = modelFacet.containmentMetaFeature.ecoreFeature in (let _eClass_:ecore::EClass = _containmentMF_.eContainingClass in _eClass_.ePackage.nsURI = 'http://www.example.org' and _eClass_.name = 'OuterProcess') and _containmentMF_.name = 'outerLocals')">
    <nodeLabelTraces
        visualID="5003"
        queryText="true"/>
  </nodeTraces>
  <nodeTraces
      visualID="2004"
      queryText="(let _eClass_:ecore::EClass = modelFacet.metaClass.ecoreClass in _eClass_.ePackage.nsURI = 'http://www.example.org' and _eClass_.name = 'Sequence') and (let _containmentMF_:ecore::EStructuralFeature = modelFacet.containmentMetaFeature.ecoreFeature in (let _eClass_:ecore::EClass = _containmentMF_.eContainingClass in _eClass_.ePackage.nsURI = 'http://www.example.org' and _eClass_.name = 'OuterProcess') and _containmentMF_.name = 'construct')">
    <nodeLabelTraces
        visualID="5097"
        queryText="true"/>
    <compartmentTraces
        visualID="7001"
        queryText="true"/>
  </nodeTraces>
  <nodeTraces
      visualID="2005"
      queryText="(let _eClass_:ecore::EClass = modelFacet.metaClass.ecoreClass in _eClass_.ePackage.nsURI = 'http://www.example.org' and _eClass_.name = 'Choice') and (let _containmentMF_:ecore::EStructuralFeature = modelFacet.containmentMetaFeature.ecoreFeature in (let _eClass_:ecore::EClass = _containmentMF_.eContainingClass in _eClass_.ePackage.nsURI = 'http://www.example.org' and _eClass_.name = 'OuterProcess') and _containmentMF_.name = 'construct')">
    <nodeLabelTraces
        visualID="5098"
        queryText="true"/>
    <compartmentTraces
        visualID="7090"
        queryText="true"/>
  </nodeTraces>
  <nodeTraces
      visualID="2006"
      queryText="(let _eClass_:ecore::EClass = modelFacet.metaClass.ecoreClass in _eClass_.ePackage.nsURI = 'http://www.example.org' and _eClass_.name = 'AnyOrder') and (let _containmentMF_:ecore::EStructuralFeature = modelFacet.containmentMetaFeature.ecoreFeature in (let _eClass_:ecore::EClass = _containmentMF_.eContainingClass in _eClass_.ePackage.nsURI = 'http://www.example.org' and _eClass_.name = 'OuterProcess') and _containmentMF_.name = 'construct')">
    <nodeLabelTraces
        visualID="5099"
        queryText="true"/>
    <compartmentTraces
        visualID="7091"
        queryText="true"/>
  </nodeTraces>
  <nodeTraces
      visualID="2007"
      queryText="(let _eClass_:ecore::EClass = modelFacet.metaClass.ecoreClass in _eClass_.ePackage.nsURI = 'http://www.example.org' and _eClass_.name = 'Split') and (let _containmentMF_:ecore::EStructuralFeature = modelFacet.containmentMetaFeature.ecoreFeature in (let _eClass_:ecore::EClass = _containmentMF_.eContainingClass in _eClass_.ePackage.nsURI = 'http://www.example.org' and _eClass_.name = 'OuterProcess') and _containmentMF_.name = 'construct')">
    <nodeLabelTraces
        visualID="5100"
        queryText="true"/>
    <compartmentTraces
        visualID="7092"
        queryText="true"/>
  </nodeTraces>
  <nodeTraces
      visualID="2008"
      queryText="(let _eClass_:ecore::EClass = modelFacet.metaClass.ecoreClass in _eClass_.ePackage.nsURI = 'http://www.example.org' and _eClass_.name = 'SplitJoin') and (let _containmentMF_:ecore::EStructuralFeature = modelFacet.containmentMetaFeature.ecoreFeature in (let _eClass_:ecore::EClass = _containmentMF_.eContainingClass in _eClass_.ePackage.nsURI = 'http://www.example.org' and _eClass_.name = 'OuterProcess') and _containmentMF_.name = 'construct')">
    <nodeLabelTraces
        visualID="5101"
        queryText="true"/>
    <compartmentTraces
        visualID="7093"
        queryText="true"/>
  </nodeTraces>
  <nodeTraces
      visualID="2009"
      queryText="(let _eClass_:ecore::EClass = modelFacet.metaClass.ecoreClass in _eClass_.ePackage.nsURI = 'http://www.example.org' and _eClass_.name = 'IfThenElse') and (let _containmentMF_:ecore::EStructuralFeature = modelFacet.containmentMetaFeature.ecoreFeature in (let _eClass_:ecore::EClass = _containmentMF_.eContainingClass in _eClass_.ePackage.nsURI = 'http://www.example.org' and _eClass_.name = 'OuterProcess') and _containmentMF_.name = 'construct')">
    <nodeLabelTraces
        visualID="5102"
        queryText="true"/>
    <compartmentTraces
        visualID="7094"
        queryText="true"/>
    <compartmentTraces
        visualID="7095"
        queryText="true"/>
    <compartmentTraces
        visualID="7153"
        queryText="true"/>
  </nodeTraces>
  <nodeTraces
      visualID="2010"
      queryText="(let _eClass_:ecore::EClass = modelFacet.metaClass.ecoreClass in _eClass_.ePackage.nsURI = 'http://www.example.org' and _eClass_.name = 'RepeatUntil') and (let _containmentMF_:ecore::EStructuralFeature = modelFacet.containmentMetaFeature.ecoreFeature in (let _eClass_:ecore::EClass = _containmentMF_.eContainingClass in _eClass_.ePackage.nsURI = 'http://www.example.org' and _eClass_.name = 'OuterProcess') and _containmentMF_.name = 'construct')">
    <nodeLabelTraces
        visualID="5103"
        queryText="true"/>
    <compartmentTraces
        visualID="7096"
        queryText="true"/>
    <compartmentTraces
        visualID="7154"
        queryText="true"/>
  </nodeTraces>
  <nodeTraces
      visualID="2011"
      queryText="(let _eClass_:ecore::EClass = modelFacet.metaClass.ecoreClass in _eClass_.ePackage.nsURI = 'http://www.example.org' and _eClass_.name = 'RepeatWhile') and (let _containmentMF_:ecore::EStructuralFeature = modelFacet.containmentMetaFeature.ecoreFeature in (let _eClass_:ecore::EClass = _containmentMF_.eContainingClass in _eClass_.ePackage.nsURI = 'http://www.example.org' and _eClass_.name = 'OuterProcess') and _containmentMF_.name = 'construct')">
    <nodeLabelTraces
        visualID="5104"
        queryText="true"/>
    <compartmentTraces
        visualID="7097"
        queryText="true"/>
    <compartmentTraces
        visualID="7155"
        queryText="true"/>
  </nodeTraces>
  <nodeTraces
      visualID="2012"
      queryText="(let _eClass_:ecore::EClass = modelFacet.metaClass.ecoreClass in _eClass_.ePackage.nsURI = 'http://www.example.org' and _eClass_.name = 'Perform') and (let _containmentMF_:ecore::EStructuralFeature = modelFacet.containmentMetaFeature.ecoreFeature in (let _eClass_:ecore::EClass = _containmentMF_.eContainingClass in _eClass_.ePackage.nsURI = 'http://www.example.org' and _eClass_.name = 'OuterProcess') and _containmentMF_.name = 'construct')">
    <nodeLabelTraces
        visualID="5105"
        queryText="true"/>
    <compartmentTraces
        visualID="7098"
        queryText="true"/>
  </nodeTraces>
  <nodeTraces
      visualID="2013"
      queryText="(let _eClass_:ecore::EClass = modelFacet.metaClass.ecoreClass in _eClass_.ePackage.nsURI = 'http://www.example.org' and _eClass_.name = 'Produce') and (let _containmentMF_:ecore::EStructuralFeature = modelFacet.containmentMetaFeature.ecoreFeature in (let _eClass_:ecore::EClass = _containmentMF_.eContainingClass in _eClass_.ePackage.nsURI = 'http://www.example.org' and _eClass_.name = 'OuterProcess') and _containmentMF_.name = 'construct')">
    <nodeLabelTraces
        visualID="5106"
        queryText="true"/>
    <compartmentTraces
        visualID="7099"
        queryText="true"/>
  </nodeTraces>
  <nodeTraces
      visualID="2014"
      queryText="(let _eClass_:ecore::EClass = modelFacet.metaClass.ecoreClass in _eClass_.ePackage.nsURI = 'http://www.example.org' and _eClass_.name = 'Set') and (let _containmentMF_:ecore::EStructuralFeature = modelFacet.containmentMetaFeature.ecoreFeature in (let _eClass_:ecore::EClass = _containmentMF_.eContainingClass in _eClass_.ePackage.nsURI = 'http://www.example.org' and _eClass_.name = 'OuterProcess') and _containmentMF_.name = 'construct')">
    <nodeLabelTraces
        visualID="5107"
        queryText="true"/>
    <compartmentTraces
        visualID="7100"
        queryText="true"/>
  </nodeTraces>
  <nodeTraces
      visualID="2015"
      queryText="(let _eClass_:ecore::EClass = modelFacet.metaClass.ecoreClass in _eClass_.ePackage.nsURI = 'http://www.example.org' and _eClass_.name = 'Link') and (let _containmentMF_:ecore::EStructuralFeature = modelFacet.containmentMetaFeature.ecoreFeature in (let _eClass_:ecore::EClass = _containmentMF_.eContainingClass in _eClass_.ePackage.nsURI = 'http://www.example.org' and _eClass_.name = 'OuterProcess') and _containmentMF_.name = 'outerLinks')">
    <nodeLabelTraces
        visualID="5108"
        queryText="true"/>
  </nodeTraces>
  <nodeTraces
      visualID="2017"
      queryText="(let _eClass_:ecore::EClass = modelFacet.metaClass.ecoreClass in _eClass_.ePackage.nsURI = 'http://www.example.org' and _eClass_.name = 'Condition') and (let _containmentMF_:ecore::EStructuralFeature = modelFacet.containmentMetaFeature.ecoreFeature in (let _eClass_:ecore::EClass = _containmentMF_.eContainingClass in _eClass_.ePackage.nsURI = 'http://www.example.org' and _eClass_.name = 'OuterProcess') and _containmentMF_.name = 'hasPrecondition')">
    <nodeLabelTraces
        visualID="5110"
        queryText="true"/>
  </nodeTraces>
  <nodeTraces
      visualID="2018"
      queryText="(let _eClass_:ecore::EClass = modelFacet.metaClass.ecoreClass in _eClass_.ePackage.nsURI = 'http://www.example.org' and _eClass_.name = 'Result') and (let _containmentMF_:ecore::EStructuralFeature = modelFacet.containmentMetaFeature.ecoreFeature in (let _eClass_:ecore::EClass = _containmentMF_.eContainingClass in _eClass_.ePackage.nsURI = 'http://www.example.org' and _eClass_.name = 'OuterProcess') and _containmentMF_.name = 'hasResult')">
    <nodeLabelTraces
        visualID="5119"
        queryText="true"/>
    <compartmentTraces
        visualID="7102"
        queryText="true"/>
    <compartmentTraces
        visualID="7103"
        queryText="true"/>
    <compartmentTraces
        visualID="7104"
        queryText="true"/>
    <compartmentTraces
        visualID="7105"
        queryText="true"/>
  </nodeTraces>
  <nodeTraces
      visualID="2019"
      queryText="(let _eClass_:ecore::EClass = modelFacet.metaClass.ecoreClass in _eClass_.ePackage.nsURI = 'http://www.example.org' and _eClass_.name = 'Expr') and (let _containmentMF_:ecore::EStructuralFeature = modelFacet.containmentMetaFeature.ecoreFeature in (let _eClass_:ecore::EClass = _containmentMF_.eContainingClass in _eClass_.ePackage.nsURI = 'http://www.example.org' and _eClass_.name = 'OuterProcess') and _containmentMF_.name = 'hasPrecondition')">
    <nodeLabelTraces
        visualID="5120"
        queryText="true"/>
  </nodeTraces>
  <nodeTraces
      visualID="2027"
      queryText="(let _eClass_:ecore::EClass = modelFacet.metaClass.ecoreClass in _eClass_.ePackage.nsURI = 'http://www.example.org' and _eClass_.name = 'Input') and (let _containmentMF_:ecore::EStructuralFeature = modelFacet.containmentMetaFeature.ecoreFeature in (let _eClass_:ecore::EClass = _containmentMF_.eContainingClass in _eClass_.ePackage.nsURI = 'http://www.example.org' and _eClass_.name = 'OuterProcess') and _containmentMF_.name = 'hasInput')">
    <nodeLabelTraces
        visualID="5129"
        queryText="true"/>
  </nodeTraces>
  <nodeTraces
      visualID="2028"
      queryText="(let _eClass_:ecore::EClass = modelFacet.metaClass.ecoreClass in _eClass_.ePackage.nsURI = 'http://www.example.org' and _eClass_.name = 'Output') and (let _containmentMF_:ecore::EStructuralFeature = modelFacet.containmentMetaFeature.ecoreFeature in (let _eClass_:ecore::EClass = _containmentMF_.eContainingClass in _eClass_.ePackage.nsURI = 'http://www.example.org' and _eClass_.name = 'OuterProcess') and _containmentMF_.name = 'hasOutput')">
    <nodeLabelTraces
        visualID="5130"
        queryText="true"/>
  </nodeTraces>
  <nodeTraces
      visualID="2029"
      queryText="(let _eClass_:ecore::EClass = modelFacet.metaClass.ecoreClass in _eClass_.ePackage.nsURI = 'http://www.example.org' and _eClass_.name = 'Ontology') and (let _containmentMF_:ecore::EStructuralFeature = modelFacet.containmentMetaFeature.ecoreFeature in (let _eClass_:ecore::EClass = _containmentMF_.eContainingClass in _eClass_.ePackage.nsURI = 'http://www.example.org' and _eClass_.name = 'OuterProcess') and _containmentMF_.name = 'ontologies')">
    <nodeLabelTraces
        visualID="5145"
        queryText="true"/>
  </nodeTraces>
  <nodeTraces
      visualID="2030"
      queryText="(let _eClass_:ecore::EClass = modelFacet.metaClass.ecoreClass in _eClass_.ePackage.nsURI = 'http://www.example.org' and _eClass_.name = 'TemplateConstraint') and (let _containmentMF_:ecore::EStructuralFeature = modelFacet.containmentMetaFeature.ecoreFeature in (let _eClass_:ecore::EClass = _containmentMF_.eContainingClass in _eClass_.ePackage.nsURI = 'http://www.example.org' and _eClass_.name = 'OuterProcess') and _containmentMF_.name = 'templateConstraints')">
    <nodeLabelTraces
        visualID="5146"
        queryText="true"/>
  </nodeTraces>
  <childNodeTraces
      visualID="3001"
      queryText="(let _eClass_:ecore::EClass = modelFacet.metaClass.ecoreClass in _eClass_.ePackage.nsURI = 'http://www.example.org' and _eClass_.name = 'ControlConstructList') and (let _containmentMF_:ecore::EStructuralFeature = modelFacet.containmentMetaFeature.ecoreFeature in (let _eClass_:ecore::EClass = _containmentMF_.eContainingClass in _eClass_.ePackage.nsURI = 'http://www.example.org' and _eClass_.name = 'Sequence') and _containmentMF_.name = 'components')">
    <nodeLabelTraces
        visualID="5096"
        queryText="true"/>
    <compartmentTraces
        visualID="7002"
        queryText="true"/>
    <compartmentTraces
        visualID="7003"
        queryText="true"/>
  </childNodeTraces>
  <childNodeTraces
      visualID="3002"
      queryText="(let _eClass_:ecore::EClass = modelFacet.metaClass.ecoreClass in _eClass_.ePackage.nsURI = 'http://www.example.org' and _eClass_.name = 'Sequence') and (let _containmentMF_:ecore::EStructuralFeature = modelFacet.containmentMetaFeature.ecoreFeature in (let _eClass_:ecore::EClass = _containmentMF_.eContainingClass in _eClass_.ePackage.nsURI = 'http://www.example.org' and _eClass_.name = 'ControlConstructList') and _containmentMF_.name = 'first')">
    <nodeLabelTraces
        visualID="5004"
        queryText="true"/>
    <compartmentTraces
        visualID="7004"
        queryText="true"/>
  </childNodeTraces>
  <childNodeTraces
      visualID="3003"
      queryText="(let _eClass_:ecore::EClass = modelFacet.metaClass.ecoreClass in _eClass_.ePackage.nsURI = 'http://www.example.org' and _eClass_.name = 'Choice') and (let _containmentMF_:ecore::EStructuralFeature = modelFacet.containmentMetaFeature.ecoreFeature in (let _eClass_:ecore::EClass = _containmentMF_.eContainingClass in _eClass_.ePackage.nsURI = 'http://www.example.org' and _eClass_.name = 'ControlConstructList') and _containmentMF_.name = 'first')">
    <nodeLabelTraces
        visualID="5084"
        queryText="true"/>
    <compartmentTraces
        visualID="7005"
        queryText="true"/>
  </childNodeTraces>
  <childNodeTraces
      visualID="3004"
      queryText="(let _eClass_:ecore::EClass = modelFacet.metaClass.ecoreClass in _eClass_.ePackage.nsURI = 'http://www.example.org' and _eClass_.name = 'ControlConstructBag') and (let _containmentMF_:ecore::EStructuralFeature = modelFacet.containmentMetaFeature.ecoreFeature in (let _eClass_:ecore::EClass = _containmentMF_.eContainingClass in _eClass_.ePackage.nsURI = 'http://www.example.org' and _eClass_.name = 'Choice') and _containmentMF_.name = 'components')">
    <nodeLabelTraces
        visualID="5083"
        queryText="true"/>
    <compartmentTraces
        visualID="7006"
        queryText="true"/>
    <compartmentTraces
        visualID="7007"
        queryText="true"/>
  </childNodeTraces>
  <childNodeTraces
      visualID="3005"
      queryText="(let _eClass_:ecore::EClass = modelFacet.metaClass.ecoreClass in _eClass_.ePackage.nsURI = 'http://www.example.org' and _eClass_.name = 'Sequence') and (let _containmentMF_:ecore::EStructuralFeature = modelFacet.containmentMetaFeature.ecoreFeature in (let _eClass_:ecore::EClass = _containmentMF_.eContainingClass in _eClass_.ePackage.nsURI = 'http://www.example.org' and _eClass_.name = 'ControlConstructBag') and _containmentMF_.name = 'first')">
    <nodeLabelTraces
        visualID="5005"
        queryText="true"/>
    <compartmentTraces
        visualID="7008"
        queryText="true"/>
  </childNodeTraces>
  <childNodeTraces
      visualID="3006"
      queryText="(let _eClass_:ecore::EClass = modelFacet.metaClass.ecoreClass in _eClass_.ePackage.nsURI = 'http://www.example.org' and _eClass_.name = 'Choice') and (let _containmentMF_:ecore::EStructuralFeature = modelFacet.containmentMetaFeature.ecoreFeature in (let _eClass_:ecore::EClass = _containmentMF_.eContainingClass in _eClass_.ePackage.nsURI = 'http://www.example.org' and _eClass_.name = 'ControlConstructBag') and _containmentMF_.name = 'first')">
    <nodeLabelTraces
        visualID="5006"
        queryText="true"/>
    <compartmentTraces
        visualID="7009"
        queryText="true"/>
  </childNodeTraces>
  <childNodeTraces
      visualID="3007"
      queryText="(let _eClass_:ecore::EClass = modelFacet.metaClass.ecoreClass in _eClass_.ePackage.nsURI = 'http://www.example.org' and _eClass_.name = 'AnyOrder') and (let _containmentMF_:ecore::EStructuralFeature = modelFacet.containmentMetaFeature.ecoreFeature in (let _eClass_:ecore::EClass = _containmentMF_.eContainingClass in _eClass_.ePackage.nsURI = 'http://www.example.org' and _eClass_.name = 'ControlConstructBag') and _containmentMF_.name = 'first')">
    <nodeLabelTraces
        visualID="5082"
        queryText="true"/>
    <compartmentTraces
        visualID="7010"
        queryText="true"/>
  </childNodeTraces>
  <childNodeTraces
      visualID="3008"
      queryText="(let _eClass_:ecore::EClass = modelFacet.metaClass.ecoreClass in _eClass_.ePackage.nsURI = 'http://www.example.org' and _eClass_.name = 'ControlConstructBag') and (let _containmentMF_:ecore::EStructuralFeature = modelFacet.containmentMetaFeature.ecoreFeature in (let _eClass_:ecore::EClass = _containmentMF_.eContainingClass in _eClass_.ePackage.nsURI = 'http://www.example.org' and _eClass_.name = 'AnyOrder') and _containmentMF_.name = 'components')">
    <nodeLabelTraces
        visualID="5081"
        queryText="true"/>
    <compartmentTraces
        visualID="7011"
        queryText="true"/>
    <compartmentTraces
        visualID="7012"
        queryText="true"/>
  </childNodeTraces>
  <childNodeTraces
      visualID="3009"
      queryText="(let _eClass_:ecore::EClass = modelFacet.metaClass.ecoreClass in _eClass_.ePackage.nsURI = 'http://www.example.org' and _eClass_.name = 'Split') and (let _containmentMF_:ecore::EStructuralFeature = modelFacet.containmentMetaFeature.ecoreFeature in (let _eClass_:ecore::EClass = _containmentMF_.eContainingClass in _eClass_.ePackage.nsURI = 'http://www.example.org' and _eClass_.name = 'ControlConstructBag') and _containmentMF_.name = 'first')">
    <nodeLabelTraces
        visualID="5080"
        queryText="true"/>
    <compartmentTraces
        visualID="7013"
        queryText="true"/>
  </childNodeTraces>
  <childNodeTraces
      visualID="3010"
      queryText="(let _eClass_:ecore::EClass = modelFacet.metaClass.ecoreClass in _eClass_.ePackage.nsURI = 'http://www.example.org' and _eClass_.name = 'ControlConstructBag') and (let _containmentMF_:ecore::EStructuralFeature = modelFacet.containmentMetaFeature.ecoreFeature in (let _eClass_:ecore::EClass = _containmentMF_.eContainingClass in _eClass_.ePackage.nsURI = 'http://www.example.org' and _eClass_.name = 'Split') and _containmentMF_.name = 'components')">
    <nodeLabelTraces
        visualID="5079"
        queryText="true"/>
    <compartmentTraces
        visualID="7014"
        queryText="true"/>
    <compartmentTraces
        visualID="7015"
        queryText="true"/>
  </childNodeTraces>
  <childNodeTraces
      visualID="3011"
      queryText="(let _eClass_:ecore::EClass = modelFacet.metaClass.ecoreClass in _eClass_.ePackage.nsURI = 'http://www.example.org' and _eClass_.name = 'SplitJoin') and (let _containmentMF_:ecore::EStructuralFeature = modelFacet.containmentMetaFeature.ecoreFeature in (let _eClass_:ecore::EClass = _containmentMF_.eContainingClass in _eClass_.ePackage.nsURI = 'http://www.example.org' and _eClass_.name = 'ControlConstructBag') and _containmentMF_.name = 'first')">
    <nodeLabelTraces
        visualID="5078"
        queryText="true"/>
    <compartmentTraces
        visualID="7016"
        queryText="true"/>
  </childNodeTraces>
  <childNodeTraces
      visualID="3012"
      queryText="(let _eClass_:ecore::EClass = modelFacet.metaClass.ecoreClass in _eClass_.ePackage.nsURI = 'http://www.example.org' and _eClass_.name = 'ControlConstructBag') and (let _containmentMF_:ecore::EStructuralFeature = modelFacet.containmentMetaFeature.ecoreFeature in (let _eClass_:ecore::EClass = _containmentMF_.eContainingClass in _eClass_.ePackage.nsURI = 'http://www.example.org' and _eClass_.name = 'SplitJoin') and _containmentMF_.name = 'components')">
    <nodeLabelTraces
        visualID="5077"
        queryText="true"/>
    <compartmentTraces
        visualID="7017"
        queryText="true"/>
    <compartmentTraces
        visualID="7018"
        queryText="true"/>
  </childNodeTraces>
  <childNodeTraces
      visualID="3013"
      queryText="(let _eClass_:ecore::EClass = modelFacet.metaClass.ecoreClass in _eClass_.ePackage.nsURI = 'http://www.example.org' and _eClass_.name = 'IfThenElse') and (let _containmentMF_:ecore::EStructuralFeature = modelFacet.containmentMetaFeature.ecoreFeature in (let _eClass_:ecore::EClass = _containmentMF_.eContainingClass in _eClass_.ePackage.nsURI = 'http://www.example.org' and _eClass_.name = 'ControlConstructBag') and _containmentMF_.name = 'first')">
    <nodeLabelTraces
        visualID="5069"
        queryText="true"/>
    <compartmentTraces
        visualID="7019"
        queryText="true"/>
    <compartmentTraces
        visualID="7020"
        queryText="true"/>
    <compartmentTraces
        visualID="7129"
        queryText="true"/>
  </childNodeTraces>
  <childNodeTraces
      visualID="3014"
      queryText="(let _eClass_:ecore::EClass = modelFacet.metaClass.ecoreClass in _eClass_.ePackage.nsURI = 'http://www.example.org' and _eClass_.name = 'Sequence') and (let _containmentMF_:ecore::EStructuralFeature = modelFacet.containmentMetaFeature.ecoreFeature in (let _eClass_:ecore::EClass = _containmentMF_.eContainingClass in _eClass_.ePackage.nsURI = 'http://www.example.org' and _eClass_.name = 'IfThenElse') and _containmentMF_.name = 'then')">
    <nodeLabelTraces
        visualID="5007"
        queryText="true"/>
    <compartmentTraces
        visualID="7021"
        queryText="true"/>
  </childNodeTraces>
  <childNodeTraces
      visualID="3015"
      queryText="(let _eClass_:ecore::EClass = modelFacet.metaClass.ecoreClass in _eClass_.ePackage.nsURI = 'http://www.example.org' and _eClass_.name = 'Choice') and (let _containmentMF_:ecore::EStructuralFeature = modelFacet.containmentMetaFeature.ecoreFeature in (let _eClass_:ecore::EClass = _containmentMF_.eContainingClass in _eClass_.ePackage.nsURI = 'http://www.example.org' and _eClass_.name = 'IfThenElse') and _containmentMF_.name = 'then')">
    <nodeLabelTraces
        visualID="5008"
        queryText="true"/>
    <compartmentTraces
        visualID="7022"
        queryText="true"/>
  </childNodeTraces>
  <childNodeTraces
      visualID="3016"
      queryText="(let _eClass_:ecore::EClass = modelFacet.metaClass.ecoreClass in _eClass_.ePackage.nsURI = 'http://www.example.org' and _eClass_.name = 'AnyOrder') and (let _containmentMF_:ecore::EStructuralFeature = modelFacet.containmentMetaFeature.ecoreFeature in (let _eClass_:ecore::EClass = _containmentMF_.eContainingClass in _eClass_.ePackage.nsURI = 'http://www.example.org' and _eClass_.name = 'IfThenElse') and _containmentMF_.name = 'then')">
    <nodeLabelTraces
        visualID="5009"
        queryText="true"/>
    <compartmentTraces
        visualID="7023"
        queryText="true"/>
  </childNodeTraces>
  <childNodeTraces
      visualID="3017"
      queryText="(let _eClass_:ecore::EClass = modelFacet.metaClass.ecoreClass in _eClass_.ePackage.nsURI = 'http://www.example.org' and _eClass_.name = 'Split') and (let _containmentMF_:ecore::EStructuralFeature = modelFacet.containmentMetaFeature.ecoreFeature in (let _eClass_:ecore::EClass = _containmentMF_.eContainingClass in _eClass_.ePackage.nsURI = 'http://www.example.org' and _eClass_.name = 'IfThenElse') and _containmentMF_.name = 'then')">
    <nodeLabelTraces
        visualID="5010"
        queryText="true"/>
    <compartmentTraces
        visualID="7024"
        queryText="true"/>
  </childNodeTraces>
  <childNodeTraces
      visualID="3018"
      queryText="(let _eClass_:ecore::EClass = modelFacet.metaClass.ecoreClass in _eClass_.ePackage.nsURI = 'http://www.example.org' and _eClass_.name = 'SplitJoin') and (let _containmentMF_:ecore::EStructuralFeature = modelFacet.containmentMetaFeature.ecoreFeature in (let _eClass_:ecore::EClass = _containmentMF_.eContainingClass in _eClass_.ePackage.nsURI = 'http://www.example.org' and _eClass_.name = 'IfThenElse') and _containmentMF_.name = 'then')">
    <nodeLabelTraces
        visualID="5011"
        queryText="true"/>
    <compartmentTraces
        visualID="7025"
        queryText="true"/>
  </childNodeTraces>
  <childNodeTraces
      visualID="3019"
      queryText="(let _eClass_:ecore::EClass = modelFacet.metaClass.ecoreClass in _eClass_.ePackage.nsURI = 'http://www.example.org' and _eClass_.name = 'IfThenElse') and (let _containmentMF_:ecore::EStructuralFeature = modelFacet.containmentMetaFeature.ecoreFeature in (let _eClass_:ecore::EClass = _containmentMF_.eContainingClass in _eClass_.ePackage.nsURI = 'http://www.example.org' and _eClass_.name = 'IfThenElse') and _containmentMF_.name = 'then')">
    <nodeLabelTraces
        visualID="5068"
        queryText="true"/>
    <compartmentTraces
        visualID="7026"
        queryText="true"/>
    <compartmentTraces
        visualID="7027"
        queryText="true"/>
    <compartmentTraces
        visualID="7130"
        queryText="true"/>
  </childNodeTraces>
  <childNodeTraces
      visualID="3020"
      queryText="(let _eClass_:ecore::EClass = modelFacet.metaClass.ecoreClass in _eClass_.ePackage.nsURI = 'http://www.example.org' and _eClass_.name = 'RepeatUntil') and (let _containmentMF_:ecore::EStructuralFeature = modelFacet.containmentMetaFeature.ecoreFeature in (let _eClass_:ecore::EClass = _containmentMF_.eContainingClass in _eClass_.ePackage.nsURI = 'http://www.example.org' and _eClass_.name = 'IfThenElse') and _containmentMF_.name = 'then')">
    <nodeLabelTraces
        visualID="5067"
        queryText="true"/>
    <compartmentTraces
        visualID="7028"
        queryText="true"/>
    <compartmentTraces
        visualID="7131"
        queryText="true"/>
  </childNodeTraces>
  <childNodeTraces
      visualID="3021"
      queryText="(let _eClass_:ecore::EClass = modelFacet.metaClass.ecoreClass in _eClass_.ePackage.nsURI = 'http://www.example.org' and _eClass_.name = 'Sequence') and (let _containmentMF_:ecore::EStructuralFeature = modelFacet.containmentMetaFeature.ecoreFeature in (let _eClass_:ecore::EClass = _containmentMF_.eContainingClass in _eClass_.ePackage.nsURI = 'http://www.example.org' and _eClass_.name = 'RepeatUntil') and _containmentMF_.name = 'untilProcess')">
    <nodeLabelTraces
        visualID="5012"
        queryText="true"/>
    <compartmentTraces
        visualID="7029"
        queryText="true"/>
  </childNodeTraces>
  <childNodeTraces
      visualID="3022"
      queryText="(let _eClass_:ecore::EClass = modelFacet.metaClass.ecoreClass in _eClass_.ePackage.nsURI = 'http://www.example.org' and _eClass_.name = 'Choice') and (let _containmentMF_:ecore::EStructuralFeature = modelFacet.containmentMetaFeature.ecoreFeature in (let _eClass_:ecore::EClass = _containmentMF_.eContainingClass in _eClass_.ePackage.nsURI = 'http://www.example.org' and _eClass_.name = 'RepeatUntil') and _containmentMF_.name = 'untilProcess')">
    <nodeLabelTraces
        visualID="5013"
        queryText="true"/>
    <compartmentTraces
        visualID="7030"
        queryText="true"/>
  </childNodeTraces>
  <childNodeTraces
      visualID="3023"
      queryText="(let _eClass_:ecore::EClass = modelFacet.metaClass.ecoreClass in _eClass_.ePackage.nsURI = 'http://www.example.org' and _eClass_.name = 'AnyOrder') and (let _containmentMF_:ecore::EStructuralFeature = modelFacet.containmentMetaFeature.ecoreFeature in (let _eClass_:ecore::EClass = _containmentMF_.eContainingClass in _eClass_.ePackage.nsURI = 'http://www.example.org' and _eClass_.name = 'RepeatUntil') and _containmentMF_.name = 'untilProcess')">
    <nodeLabelTraces
        visualID="5014"
        queryText="true"/>
    <compartmentTraces
        visualID="7031"
        queryText="true"/>
  </childNodeTraces>
  <childNodeTraces
      visualID="3024"
      queryText="(let _eClass_:ecore::EClass = modelFacet.metaClass.ecoreClass in _eClass_.ePackage.nsURI = 'http://www.example.org' and _eClass_.name = 'Split') and (let _containmentMF_:ecore::EStructuralFeature = modelFacet.containmentMetaFeature.ecoreFeature in (let _eClass_:ecore::EClass = _containmentMF_.eContainingClass in _eClass_.ePackage.nsURI = 'http://www.example.org' and _eClass_.name = 'RepeatUntil') and _containmentMF_.name = 'untilProcess')">
    <nodeLabelTraces
        visualID="5015"
        queryText="true"/>
    <compartmentTraces
        visualID="7032"
        queryText="true"/>
  </childNodeTraces>
  <childNodeTraces
      visualID="3025"
      queryText="(let _eClass_:ecore::EClass = modelFacet.metaClass.ecoreClass in _eClass_.ePackage.nsURI = 'http://www.example.org' and _eClass_.name = 'SplitJoin') and (let _containmentMF_:ecore::EStructuralFeature = modelFacet.containmentMetaFeature.ecoreFeature in (let _eClass_:ecore::EClass = _containmentMF_.eContainingClass in _eClass_.ePackage.nsURI = 'http://www.example.org' and _eClass_.name = 'RepeatUntil') and _containmentMF_.name = 'untilProcess')">
    <nodeLabelTraces
        visualID="5016"
        queryText="true"/>
    <compartmentTraces
        visualID="7033"
        queryText="true"/>
  </childNodeTraces>
  <childNodeTraces
      visualID="3026"
      queryText="(let _eClass_:ecore::EClass = modelFacet.metaClass.ecoreClass in _eClass_.ePackage.nsURI = 'http://www.example.org' and _eClass_.name = 'IfThenElse') and (let _containmentMF_:ecore::EStructuralFeature = modelFacet.containmentMetaFeature.ecoreFeature in (let _eClass_:ecore::EClass = _containmentMF_.eContainingClass in _eClass_.ePackage.nsURI = 'http://www.example.org' and _eClass_.name = 'RepeatUntil') and _containmentMF_.name = 'untilProcess')">
    <nodeLabelTraces
        visualID="5066"
        queryText="true"/>
    <compartmentTraces
        visualID="7034"
        queryText="true"/>
    <compartmentTraces
        visualID="7035"
        queryText="true"/>
    <compartmentTraces
        visualID="7132"
        queryText="true"/>
  </childNodeTraces>
  <childNodeTraces
      visualID="3027"
      queryText="(let _eClass_:ecore::EClass = modelFacet.metaClass.ecoreClass in _eClass_.ePackage.nsURI = 'http://www.example.org' and _eClass_.name = 'RepeatWhile') and (let _containmentMF_:ecore::EStructuralFeature = modelFacet.containmentMetaFeature.ecoreFeature in (let _eClass_:ecore::EClass = _containmentMF_.eContainingClass in _eClass_.ePackage.nsURI = 'http://www.example.org' and _eClass_.name = 'IfThenElse') and _containmentMF_.name = 'then')">
    <nodeLabelTraces
        visualID="5065"
        queryText="true"/>
    <compartmentTraces
        visualID="7036"
        queryText="true"/>
    <compartmentTraces
        visualID="7133"
        queryText="true"/>
  </childNodeTraces>
  <childNodeTraces
      visualID="3028"
      queryText="(let _eClass_:ecore::EClass = modelFacet.metaClass.ecoreClass in _eClass_.ePackage.nsURI = 'http://www.example.org' and _eClass_.name = 'Sequence') and (let _containmentMF_:ecore::EStructuralFeature = modelFacet.containmentMetaFeature.ecoreFeature in (let _eClass_:ecore::EClass = _containmentMF_.eContainingClass in _eClass_.ePackage.nsURI = 'http://www.example.org' and _eClass_.name = 'RepeatWhile') and _containmentMF_.name = 'whileProcess')">
    <nodeLabelTraces
        visualID="5017"
        queryText="true"/>
    <compartmentTraces
        visualID="7037"
        queryText="true"/>
  </childNodeTraces>
  <childNodeTraces
      visualID="3029"
      queryText="(let _eClass_:ecore::EClass = modelFacet.metaClass.ecoreClass in _eClass_.ePackage.nsURI = 'http://www.example.org' and _eClass_.name = 'Choice') and (let _containmentMF_:ecore::EStructuralFeature = modelFacet.containmentMetaFeature.ecoreFeature in (let _eClass_:ecore::EClass = _containmentMF_.eContainingClass in _eClass_.ePackage.nsURI = 'http://www.example.org' and _eClass_.name = 'RepeatWhile') and _containmentMF_.name = 'whileProcess')">
    <nodeLabelTraces
        visualID="5018"
        queryText="true"/>
    <compartmentTraces
        visualID="7038"
        queryText="true"/>
  </childNodeTraces>
  <childNodeTraces
      visualID="3030"
      queryText="(let _eClass_:ecore::EClass = modelFacet.metaClass.ecoreClass in _eClass_.ePackage.nsURI = 'http://www.example.org' and _eClass_.name = 'AnyOrder') and (let _containmentMF_:ecore::EStructuralFeature = modelFacet.containmentMetaFeature.ecoreFeature in (let _eClass_:ecore::EClass = _containmentMF_.eContainingClass in _eClass_.ePackage.nsURI = 'http://www.example.org' and _eClass_.name = 'RepeatWhile') and _containmentMF_.name = 'whileProcess')">
    <nodeLabelTraces
        visualID="5019"
        queryText="true"/>
    <compartmentTraces
        visualID="7039"
        queryText="true"/>
  </childNodeTraces>
  <childNodeTraces
      visualID="3031"
      queryText="(let _eClass_:ecore::EClass = modelFacet.metaClass.ecoreClass in _eClass_.ePackage.nsURI = 'http://www.example.org' and _eClass_.name = 'Split') and (let _containmentMF_:ecore::EStructuralFeature = modelFacet.containmentMetaFeature.ecoreFeature in (let _eClass_:ecore::EClass = _containmentMF_.eContainingClass in _eClass_.ePackage.nsURI = 'http://www.example.org' and _eClass_.name = 'RepeatWhile') and _containmentMF_.name = 'whileProcess')">
    <nodeLabelTraces
        visualID="5020"
        queryText="true"/>
    <compartmentTraces
        visualID="7040"
        queryText="true"/>
  </childNodeTraces>
  <childNodeTraces
      visualID="3032"
      queryText="(let _eClass_:ecore::EClass = modelFacet.metaClass.ecoreClass in _eClass_.ePackage.nsURI = 'http://www.example.org' and _eClass_.name = 'SplitJoin') and (let _containmentMF_:ecore::EStructuralFeature = modelFacet.containmentMetaFeature.ecoreFeature in (let _eClass_:ecore::EClass = _containmentMF_.eContainingClass in _eClass_.ePackage.nsURI = 'http://www.example.org' and _eClass_.name = 'RepeatWhile') and _containmentMF_.name = 'whileProcess')">
    <nodeLabelTraces
        visualID="5021"
        queryText="true"/>
    <compartmentTraces
        visualID="7041"
        queryText="true"/>
  </childNodeTraces>
  <childNodeTraces
      visualID="3033"
      queryText="(let _eClass_:ecore::EClass = modelFacet.metaClass.ecoreClass in _eClass_.ePackage.nsURI = 'http://www.example.org' and _eClass_.name = 'IfThenElse') and (let _containmentMF_:ecore::EStructuralFeature = modelFacet.containmentMetaFeature.ecoreFeature in (let _eClass_:ecore::EClass = _containmentMF_.eContainingClass in _eClass_.ePackage.nsURI = 'http://www.example.org' and _eClass_.name = 'RepeatWhile') and _containmentMF_.name = 'whileProcess')">
    <nodeLabelTraces
        visualID="5064"
        queryText="true"/>
    <compartmentTraces
        visualID="7042"
        queryText="true"/>
    <compartmentTraces
        visualID="7043"
        queryText="true"/>
    <compartmentTraces
        visualID="7134"
        queryText="true"/>
  </childNodeTraces>
  <childNodeTraces
      visualID="3034"
      queryText="(let _eClass_:ecore::EClass = modelFacet.metaClass.ecoreClass in _eClass_.ePackage.nsURI = 'http://www.example.org' and _eClass_.name = 'Perform') and (let _containmentMF_:ecore::EStructuralFeature = modelFacet.containmentMetaFeature.ecoreFeature in (let _eClass_:ecore::EClass = _containmentMF_.eContainingClass in _eClass_.ePackage.nsURI = 'http://www.example.org' and _eClass_.name = 'IfThenElse') and _containmentMF_.name = 'then')">
    <nodeLabelTraces
        visualID="5030"
        queryText="true"/>
    <compartmentTraces
        visualID="7044"
        queryText="true"/>
  </childNodeTraces>
  <childNodeTraces
      visualID="3043"
      queryText="(let _eClass_:ecore::EClass = modelFacet.metaClass.ecoreClass in _eClass_.ePackage.nsURI = 'http://www.example.org' and _eClass_.name = 'Produce') and (let _containmentMF_:ecore::EStructuralFeature = modelFacet.containmentMetaFeature.ecoreFeature in (let _eClass_:ecore::EClass = _containmentMF_.eContainingClass in _eClass_.ePackage.nsURI = 'http://www.example.org' and _eClass_.name = 'IfThenElse') and _containmentMF_.name = 'then')">
    <nodeLabelTraces
        visualID="5034"
        queryText="true"/>
    <compartmentTraces
        visualID="7047"
        queryText="true"/>
  </childNodeTraces>
  <childNodeTraces
      visualID="3044"
      queryText="(let _eClass_:ecore::EClass = modelFacet.metaClass.ecoreClass in _eClass_.ePackage.nsURI = 'http://www.example.org' and _eClass_.name = 'ValueSource') and (let _containmentMF_:ecore::EStructuralFeature = modelFacet.containmentMetaFeature.ecoreFeature in (let _eClass_:ecore::EClass = _containmentMF_.eContainingClass in _eClass_.ePackage.nsURI = 'http://www.example.org' and _eClass_.name = 'Produce') and _containmentMF_.name = 'producedBindingValueSpecifier')">
    <nodeLabelTraces
        visualID="5031"
        queryText="true"/>
  </childNodeTraces>
  <childNodeTraces
      visualID="3045"
      queryText="(let _eClass_:ecore::EClass = modelFacet.metaClass.ecoreClass in _eClass_.ePackage.nsURI = 'http://www.example.org' and _eClass_.name = 'ValueForm') and (let _containmentMF_:ecore::EStructuralFeature = modelFacet.containmentMetaFeature.ecoreFeature in (let _eClass_:ecore::EClass = _containmentMF_.eContainingClass in _eClass_.ePackage.nsURI = 'http://www.example.org' and _eClass_.name = 'Produce') and _containmentMF_.name = 'producedBindingValueSpecifier')">
    <nodeLabelTraces
        visualID="5032"
        queryText="true"/>
  </childNodeTraces>
  <childNodeTraces
      visualID="3046"
      queryText="(let _eClass_:ecore::EClass = modelFacet.metaClass.ecoreClass in _eClass_.ePackage.nsURI = 'http://www.example.org' and _eClass_.name = 'ValueFunction') and (let _containmentMF_:ecore::EStructuralFeature = modelFacet.containmentMetaFeature.ecoreFeature in (let _eClass_:ecore::EClass = _containmentMF_.eContainingClass in _eClass_.ePackage.nsURI = 'http://www.example.org' and _eClass_.name = 'Produce') and _containmentMF_.name = 'producedBindingValueSpecifier')">
    <nodeLabelTraces
        visualID="5033"
        queryText="true"/>
  </childNodeTraces>
  <childNodeTraces
      visualID="3047"
      queryText="(let _eClass_:ecore::EClass = modelFacet.metaClass.ecoreClass in _eClass_.ePackage.nsURI = 'http://www.example.org' and _eClass_.name = 'Set') and (let _containmentMF_:ecore::EStructuralFeature = modelFacet.containmentMetaFeature.ecoreFeature in (let _eClass_:ecore::EClass = _containmentMF_.eContainingClass in _eClass_.ePackage.nsURI = 'http://www.example.org' and _eClass_.name = 'IfThenElse') and _containmentMF_.name = 'then')">
    <nodeLabelTraces
        visualID="5038"
        queryText="true"/>
    <compartmentTraces
        visualID="7048"
        queryText="true"/>
  </childNodeTraces>
  <childNodeTraces
      visualID="3048"
      queryText="(let _eClass_:ecore::EClass = modelFacet.metaClass.ecoreClass in _eClass_.ePackage.nsURI = 'http://www.example.org' and _eClass_.name = 'ValueSource') and (let _containmentMF_:ecore::EStructuralFeature = modelFacet.containmentMetaFeature.ecoreFeature in (let _eClass_:ecore::EClass = _containmentMF_.eContainingClass in _eClass_.ePackage.nsURI = 'http://www.example.org' and _eClass_.name = 'Set') and _containmentMF_.name = 'producedBindingValueSpecifier')">
    <nodeLabelTraces
        visualID="5035"
        queryText="true"/>
  </childNodeTraces>
  <childNodeTraces
      visualID="3049"
      queryText="(let _eClass_:ecore::EClass = modelFacet.metaClass.ecoreClass in _eClass_.ePackage.nsURI = 'http://www.example.org' and _eClass_.name = 'ValueForm') and (let _containmentMF_:ecore::EStructuralFeature = modelFacet.containmentMetaFeature.ecoreFeature in (let _eClass_:ecore::EClass = _containmentMF_.eContainingClass in _eClass_.ePackage.nsURI = 'http://www.example.org' and _eClass_.name = 'Set') and _containmentMF_.name = 'producedBindingValueSpecifier')">
    <nodeLabelTraces
        visualID="5036"
        queryText="true"/>
  </childNodeTraces>
  <childNodeTraces
      visualID="3050"
      queryText="(let _eClass_:ecore::EClass = modelFacet.metaClass.ecoreClass in _eClass_.ePackage.nsURI = 'http://www.example.org' and _eClass_.name = 'ValueFunction') and (let _containmentMF_:ecore::EStructuralFeature = modelFacet.containmentMetaFeature.ecoreFeature in (let _eClass_:ecore::EClass = _containmentMF_.eContainingClass in _eClass_.ePackage.nsURI = 'http://www.example.org' and _eClass_.name = 'Set') and _containmentMF_.name = 'producedBindingValueSpecifier')">
    <nodeLabelTraces
        visualID="5037"
        queryText="true"/>
  </childNodeTraces>
  <childNodeTraces
      visualID="3051"
      queryText="(let _eClass_:ecore::EClass = modelFacet.metaClass.ecoreClass in _eClass_.ePackage.nsURI = 'http://www.example.org' and _eClass_.name = 'Sequence') and (let _containmentMF_:ecore::EStructuralFeature = modelFacet.containmentMetaFeature.ecoreFeature in (let _eClass_:ecore::EClass = _containmentMF_.eContainingClass in _eClass_.ePackage.nsURI = 'http://www.example.org' and _eClass_.name = 'IfThenElse') and _containmentMF_.name = 'else')">
    <nodeLabelTraces
        visualID="5039"
        queryText="true"/>
    <compartmentTraces
        visualID="7049"
        queryText="true"/>
  </childNodeTraces>
  <childNodeTraces
      visualID="3052"
      queryText="(let _eClass_:ecore::EClass = modelFacet.metaClass.ecoreClass in _eClass_.ePackage.nsURI = 'http://www.example.org' and _eClass_.name = 'Choice') and (let _containmentMF_:ecore::EStructuralFeature = modelFacet.containmentMetaFeature.ecoreFeature in (let _eClass_:ecore::EClass = _containmentMF_.eContainingClass in _eClass_.ePackage.nsURI = 'http://www.example.org' and _eClass_.name = 'IfThenElse') and _containmentMF_.name = 'else')">
    <nodeLabelTraces
        visualID="5040"
        queryText="true"/>
    <compartmentTraces
        visualID="7050"
        queryText="true"/>
  </childNodeTraces>
  <childNodeTraces
      visualID="3053"
      queryText="(let _eClass_:ecore::EClass = modelFacet.metaClass.ecoreClass in _eClass_.ePackage.nsURI = 'http://www.example.org' and _eClass_.name = 'AnyOrder') and (let _containmentMF_:ecore::EStructuralFeature = modelFacet.containmentMetaFeature.ecoreFeature in (let _eClass_:ecore::EClass = _containmentMF_.eContainingClass in _eClass_.ePackage.nsURI = 'http://www.example.org' and _eClass_.name = 'IfThenElse') and _containmentMF_.name = 'else')">
    <nodeLabelTraces
        visualID="5041"
        queryText="true"/>
    <compartmentTraces
        visualID="7051"
        queryText="true"/>
  </childNodeTraces>
  <childNodeTraces
      visualID="3054"
      queryText="(let _eClass_:ecore::EClass = modelFacet.metaClass.ecoreClass in _eClass_.ePackage.nsURI = 'http://www.example.org' and _eClass_.name = 'Split') and (let _containmentMF_:ecore::EStructuralFeature = modelFacet.containmentMetaFeature.ecoreFeature in (let _eClass_:ecore::EClass = _containmentMF_.eContainingClass in _eClass_.ePackage.nsURI = 'http://www.example.org' and _eClass_.name = 'IfThenElse') and _containmentMF_.name = 'else')">
    <nodeLabelTraces
        visualID="5042"
        queryText="true"/>
    <compartmentTraces
        visualID="7052"
        queryText="true"/>
  </childNodeTraces>
  <childNodeTraces
      visualID="3055"
      queryText="(let _eClass_:ecore::EClass = modelFacet.metaClass.ecoreClass in _eClass_.ePackage.nsURI = 'http://www.example.org' and _eClass_.name = 'SplitJoin') and (let _containmentMF_:ecore::EStructuralFeature = modelFacet.containmentMetaFeature.ecoreFeature in (let _eClass_:ecore::EClass = _containmentMF_.eContainingClass in _eClass_.ePackage.nsURI = 'http://www.example.org' and _eClass_.name = 'IfThenElse') and _containmentMF_.name = 'else')">
    <nodeLabelTraces
        visualID="5043"
        queryText="true"/>
    <compartmentTraces
        visualID="7053"
        queryText="true"/>
  </childNodeTraces>
  <childNodeTraces
      visualID="3056"
      queryText="(let _eClass_:ecore::EClass = modelFacet.metaClass.ecoreClass in _eClass_.ePackage.nsURI = 'http://www.example.org' and _eClass_.name = 'IfThenElse') and (let _containmentMF_:ecore::EStructuralFeature = modelFacet.containmentMetaFeature.ecoreFeature in (let _eClass_:ecore::EClass = _containmentMF_.eContainingClass in _eClass_.ePackage.nsURI = 'http://www.example.org' and _eClass_.name = 'IfThenElse') and _containmentMF_.name = 'else')">
    <nodeLabelTraces
        visualID="5063"
        queryText="true"/>
    <compartmentTraces
        visualID="7054"
        queryText="true"/>
    <compartmentTraces
        visualID="7055"
        queryText="true"/>
    <compartmentTraces
        visualID="7135"
        queryText="true"/>
  </childNodeTraces>
  <childNodeTraces
      visualID="3057"
      queryText="(let _eClass_:ecore::EClass = modelFacet.metaClass.ecoreClass in _eClass_.ePackage.nsURI = 'http://www.example.org' and _eClass_.name = 'RepeatUntil') and (let _containmentMF_:ecore::EStructuralFeature = modelFacet.containmentMetaFeature.ecoreFeature in (let _eClass_:ecore::EClass = _containmentMF_.eContainingClass in _eClass_.ePackage.nsURI = 'http://www.example.org' and _eClass_.name = 'IfThenElse') and _containmentMF_.name = 'else')">
    <nodeLabelTraces
        visualID="5056"
        queryText="true"/>
    <compartmentTraces
        visualID="7056"
        queryText="true"/>
    <compartmentTraces
        visualID="7136"
        queryText="true"/>
  </childNodeTraces>
  <childNodeTraces
      visualID="3058"
      queryText="(let _eClass_:ecore::EClass = modelFacet.metaClass.ecoreClass in _eClass_.ePackage.nsURI = 'http://www.example.org' and _eClass_.name = 'RepeatUntil') and (let _containmentMF_:ecore::EStructuralFeature = modelFacet.containmentMetaFeature.ecoreFeature in (let _eClass_:ecore::EClass = _containmentMF_.eContainingClass in _eClass_.ePackage.nsURI = 'http://www.example.org' and _eClass_.name = 'RepeatUntil') and _containmentMF_.name = 'untilProcess')">
    <nodeLabelTraces
        visualID="5055"
        queryText="true"/>
    <compartmentTraces
        visualID="7057"
        queryText="true"/>
    <compartmentTraces
        visualID="7137"
        queryText="true"/>
  </childNodeTraces>
  <childNodeTraces
      visualID="3059"
      queryText="(let _eClass_:ecore::EClass = modelFacet.metaClass.ecoreClass in _eClass_.ePackage.nsURI = 'http://www.example.org' and _eClass_.name = 'RepeatWhile') and (let _containmentMF_:ecore::EStructuralFeature = modelFacet.containmentMetaFeature.ecoreFeature in (let _eClass_:ecore::EClass = _containmentMF_.eContainingClass in _eClass_.ePackage.nsURI = 'http://www.example.org' and _eClass_.name = 'RepeatUntil') and _containmentMF_.name = 'untilProcess')">
    <nodeLabelTraces
        visualID="5054"
        queryText="true"/>
    <compartmentTraces
        visualID="7058"
        queryText="true"/>
    <compartmentTraces
        visualID="7138"
        queryText="true"/>
  </childNodeTraces>
  <childNodeTraces
      visualID="3060"
      queryText="(let _eClass_:ecore::EClass = modelFacet.metaClass.ecoreClass in _eClass_.ePackage.nsURI = 'http://www.example.org' and _eClass_.name = 'RepeatUntil') and (let _containmentMF_:ecore::EStructuralFeature = modelFacet.containmentMetaFeature.ecoreFeature in (let _eClass_:ecore::EClass = _containmentMF_.eContainingClass in _eClass_.ePackage.nsURI = 'http://www.example.org' and _eClass_.name = 'RepeatWhile') and _containmentMF_.name = 'whileProcess')">
    <nodeLabelTraces
        visualID="5048"
        queryText="true"/>
    <compartmentTraces
        visualID="7059"
        queryText="true"/>
    <compartmentTraces
        visualID="7139"
        queryText="true"/>
  </childNodeTraces>
  <childNodeTraces
      visualID="3061"
      queryText="(let _eClass_:ecore::EClass = modelFacet.metaClass.ecoreClass in _eClass_.ePackage.nsURI = 'http://www.example.org' and _eClass_.name = 'Perform') and (let _containmentMF_:ecore::EStructuralFeature = modelFacet.containmentMetaFeature.ecoreFeature in (let _eClass_:ecore::EClass = _containmentMF_.eContainingClass in _eClass_.ePackage.nsURI = 'http://www.example.org' and _eClass_.name = 'RepeatUntil') and _containmentMF_.name = 'untilProcess')">
    <nodeLabelTraces
        visualID="5044"
        queryText="true"/>
    <compartmentTraces
        visualID="7060"
        queryText="true"/>
  </childNodeTraces>
  <childNodeTraces
      visualID="3062"
      queryText="(let _eClass_:ecore::EClass = modelFacet.metaClass.ecoreClass in _eClass_.ePackage.nsURI = 'http://www.example.org' and _eClass_.name = 'Produce') and (let _containmentMF_:ecore::EStructuralFeature = modelFacet.containmentMetaFeature.ecoreFeature in (let _eClass_:ecore::EClass = _containmentMF_.eContainingClass in _eClass_.ePackage.nsURI = 'http://www.example.org' and _eClass_.name = 'RepeatUntil') and _containmentMF_.name = 'untilProcess')">
    <nodeLabelTraces
        visualID="5045"
        queryText="true"/>
    <compartmentTraces
        visualID="7061"
        queryText="true"/>
  </childNodeTraces>
  <childNodeTraces
      visualID="3063"
      queryText="(let _eClass_:ecore::EClass = modelFacet.metaClass.ecoreClass in _eClass_.ePackage.nsURI = 'http://www.example.org' and _eClass_.name = 'Set') and (let _containmentMF_:ecore::EStructuralFeature = modelFacet.containmentMetaFeature.ecoreFeature in (let _eClass_:ecore::EClass = _containmentMF_.eContainingClass in _eClass_.ePackage.nsURI = 'http://www.example.org' and _eClass_.name = 'RepeatUntil') and _containmentMF_.name = 'untilProcess')">
    <nodeLabelTraces
        visualID="5046"
        queryText="true"/>
    <compartmentTraces
        visualID="7062"
        queryText="true"/>
  </childNodeTraces>
  <childNodeTraces
      visualID="3065"
      queryText="(let _eClass_:ecore::EClass = modelFacet.metaClass.ecoreClass in _eClass_.ePackage.nsURI = 'http://www.example.org' and _eClass_.name = 'RepeatWhile') and (let _containmentMF_:ecore::EStructuralFeature = modelFacet.containmentMetaFeature.ecoreFeature in (let _eClass_:ecore::EClass = _containmentMF_.eContainingClass in _eClass_.ePackage.nsURI = 'http://www.example.org' and _eClass_.name = 'RepeatWhile') and _containmentMF_.name = 'whileProcess')">
    <nodeLabelTraces
        visualID="5053"
        queryText="true"/>
    <compartmentTraces
        visualID="7063"
        queryText="true"/>
    <compartmentTraces
        visualID="7142"
        queryText="true"/>
  </childNodeTraces>
  <childNodeTraces
      visualID="3066"
      queryText="(let _eClass_:ecore::EClass = modelFacet.metaClass.ecoreClass in _eClass_.ePackage.nsURI = 'http://www.example.org' and _eClass_.name = 'Perform') and (let _containmentMF_:ecore::EStructuralFeature = modelFacet.containmentMetaFeature.ecoreFeature in (let _eClass_:ecore::EClass = _containmentMF_.eContainingClass in _eClass_.ePackage.nsURI = 'http://www.example.org' and _eClass_.name = 'RepeatWhile') and _containmentMF_.name = 'whileProcess')">
    <nodeLabelTraces
        visualID="5049"
        queryText="true"/>
    <compartmentTraces
        visualID="7064"
        queryText="true"/>
  </childNodeTraces>
  <childNodeTraces
      visualID="3067"
      queryText="(let _eClass_:ecore::EClass = modelFacet.metaClass.ecoreClass in _eClass_.ePackage.nsURI = 'http://www.example.org' and _eClass_.name = 'Produce') and (let _containmentMF_:ecore::EStructuralFeature = modelFacet.containmentMetaFeature.ecoreFeature in (let _eClass_:ecore::EClass = _containmentMF_.eContainingClass in _eClass_.ePackage.nsURI = 'http://www.example.org' and _eClass_.name = 'RepeatWhile') and _containmentMF_.name = 'whileProcess')">
    <nodeLabelTraces
        visualID="5050"
        queryText="true"/>
    <compartmentTraces
        visualID="7065"
        queryText="true"/>
  </childNodeTraces>
  <childNodeTraces
      visualID="3068"
      queryText="(let _eClass_:ecore::EClass = modelFacet.metaClass.ecoreClass in _eClass_.ePackage.nsURI = 'http://www.example.org' and _eClass_.name = 'Set') and (let _containmentMF_:ecore::EStructuralFeature = modelFacet.containmentMetaFeature.ecoreFeature in (let _eClass_:ecore::EClass = _containmentMF_.eContainingClass in _eClass_.ePackage.nsURI = 'http://www.example.org' and _eClass_.name = 'RepeatWhile') and _containmentMF_.name = 'whileProcess')">
    <nodeLabelTraces
        visualID="5051"
        queryText="true"/>
    <compartmentTraces
        visualID="7066"
        queryText="true"/>
  </childNodeTraces>
  <childNodeTraces
      visualID="3070"
      queryText="(let _eClass_:ecore::EClass = modelFacet.metaClass.ecoreClass in _eClass_.ePackage.nsURI = 'http://www.example.org' and _eClass_.name = 'RepeatWhile') and (let _containmentMF_:ecore::EStructuralFeature = modelFacet.containmentMetaFeature.ecoreFeature in (let _eClass_:ecore::EClass = _containmentMF_.eContainingClass in _eClass_.ePackage.nsURI = 'http://www.example.org' and _eClass_.name = 'IfThenElse') and _containmentMF_.name = 'else')">
    <nodeLabelTraces
        visualID="5057"
        queryText="true"/>
    <compartmentTraces
        visualID="7067"
        queryText="true"/>
    <compartmentTraces
        visualID="7145"
        queryText="true"/>
  </childNodeTraces>
  <childNodeTraces
      visualID="3071"
      queryText="(let _eClass_:ecore::EClass = modelFacet.metaClass.ecoreClass in _eClass_.ePackage.nsURI = 'http://www.example.org' and _eClass_.name = 'Perform') and (let _containmentMF_:ecore::EStructuralFeature = modelFacet.containmentMetaFeature.ecoreFeature in (let _eClass_:ecore::EClass = _containmentMF_.eContainingClass in _eClass_.ePackage.nsURI = 'http://www.example.org' and _eClass_.name = 'IfThenElse') and _containmentMF_.name = 'else')">
    <nodeLabelTraces
        visualID="5058"
        queryText="true"/>
    <compartmentTraces
        visualID="7068"
        queryText="true"/>
  </childNodeTraces>
  <childNodeTraces
      visualID="3072"
      queryText="(let _eClass_:ecore::EClass = modelFacet.metaClass.ecoreClass in _eClass_.ePackage.nsURI = 'http://www.example.org' and _eClass_.name = 'Produce') and (let _containmentMF_:ecore::EStructuralFeature = modelFacet.containmentMetaFeature.ecoreFeature in (let _eClass_:ecore::EClass = _containmentMF_.eContainingClass in _eClass_.ePackage.nsURI = 'http://www.example.org' and _eClass_.name = 'IfThenElse') and _containmentMF_.name = 'else')">
    <nodeLabelTraces
        visualID="5059"
        queryText="true"/>
    <compartmentTraces
        visualID="7069"
        queryText="true"/>
  </childNodeTraces>
  <childNodeTraces
      visualID="3073"
      queryText="(let _eClass_:ecore::EClass = modelFacet.metaClass.ecoreClass in _eClass_.ePackage.nsURI = 'http://www.example.org' and _eClass_.name = 'Set') and (let _containmentMF_:ecore::EStructuralFeature = modelFacet.containmentMetaFeature.ecoreFeature in (let _eClass_:ecore::EClass = _containmentMF_.eContainingClass in _eClass_.ePackage.nsURI = 'http://www.example.org' and _eClass_.name = 'IfThenElse') and _containmentMF_.name = 'else')">
    <nodeLabelTraces
        visualID="5060"
        queryText="true"/>
    <compartmentTraces
        visualID="7070"
        queryText="true"/>
  </childNodeTraces>
  <childNodeTraces
      visualID="3076"
      queryText="(let _eClass_:ecore::EClass = modelFacet.metaClass.ecoreClass in _eClass_.ePackage.nsURI = 'http://www.example.org' and _eClass_.name = 'RepeatUntil') and (let _containmentMF_:ecore::EStructuralFeature = modelFacet.containmentMetaFeature.ecoreFeature in (let _eClass_:ecore::EClass = _containmentMF_.eContainingClass in _eClass_.ePackage.nsURI = 'http://www.example.org' and _eClass_.name = 'ControlConstructBag') and _containmentMF_.name = 'first')">
    <nodeLabelTraces
        visualID="5070"
        queryText="true"/>
    <compartmentTraces
        visualID="7071"
        queryText="true"/>
    <compartmentTraces
        visualID="7148"
        queryText="true"/>
  </childNodeTraces>
  <childNodeTraces
      visualID="3077"
      queryText="(let _eClass_:ecore::EClass = modelFacet.metaClass.ecoreClass in _eClass_.ePackage.nsURI = 'http://www.example.org' and _eClass_.name = 'RepeatWhile') and (let _containmentMF_:ecore::EStructuralFeature = modelFacet.containmentMetaFeature.ecoreFeature in (let _eClass_:ecore::EClass = _containmentMF_.eContainingClass in _eClass_.ePackage.nsURI = 'http://www.example.org' and _eClass_.name = 'ControlConstructBag') and _containmentMF_.name = 'first')">
    <nodeLabelTraces
        visualID="5071"
        queryText="true"/>
    <compartmentTraces
        visualID="7072"
        queryText="true"/>
    <compartmentTraces
        visualID="7149"
        queryText="true"/>
  </childNodeTraces>
  <childNodeTraces
      visualID="3078"
      queryText="(let _eClass_:ecore::EClass = modelFacet.metaClass.ecoreClass in _eClass_.ePackage.nsURI = 'http://www.example.org' and _eClass_.name = 'Perform') and (let _containmentMF_:ecore::EStructuralFeature = modelFacet.containmentMetaFeature.ecoreFeature in (let _eClass_:ecore::EClass = _containmentMF_.eContainingClass in _eClass_.ePackage.nsURI = 'http://www.example.org' and _eClass_.name = 'ControlConstructBag') and _containmentMF_.name = 'first')">
    <nodeLabelTraces
        visualID="5072"
        queryText="true"/>
    <compartmentTraces
        visualID="7073"
        queryText="true"/>
  </childNodeTraces>
  <childNodeTraces
      visualID="3079"
      queryText="(let _eClass_:ecore::EClass = modelFacet.metaClass.ecoreClass in _eClass_.ePackage.nsURI = 'http://www.example.org' and _eClass_.name = 'Produce') and (let _containmentMF_:ecore::EStructuralFeature = modelFacet.containmentMetaFeature.ecoreFeature in (let _eClass_:ecore::EClass = _containmentMF_.eContainingClass in _eClass_.ePackage.nsURI = 'http://www.example.org' and _eClass_.name = 'ControlConstructBag') and _containmentMF_.name = 'first')">
    <nodeLabelTraces
        visualID="5073"
        queryText="true"/>
    <compartmentTraces
        visualID="7074"
        queryText="true"/>
  </childNodeTraces>
  <childNodeTraces
      visualID="3080"
      queryText="(let _eClass_:ecore::EClass = modelFacet.metaClass.ecoreClass in _eClass_.ePackage.nsURI = 'http://www.example.org' and _eClass_.name = 'Set') and (let _containmentMF_:ecore::EStructuralFeature = modelFacet.containmentMetaFeature.ecoreFeature in (let _eClass_:ecore::EClass = _containmentMF_.eContainingClass in _eClass_.ePackage.nsURI = 'http://www.example.org' and _eClass_.name = 'ControlConstructBag') and _containmentMF_.name = 'first')">
    <nodeLabelTraces
        visualID="5074"
        queryText="true"/>
    <compartmentTraces
        visualID="7075"
        queryText="true"/>
  </childNodeTraces>
  <childNodeTraces
      visualID="3082"
      queryText="(let _eClass_:ecore::EClass = modelFacet.metaClass.ecoreClass in _eClass_.ePackage.nsURI = 'http://www.example.org' and _eClass_.name = 'ControlConstructBag') and (let _containmentMF_:ecore::EStructuralFeature = modelFacet.containmentMetaFeature.ecoreFeature in (let _eClass_:ecore::EClass = _containmentMF_.eContainingClass in _eClass_.ePackage.nsURI = 'http://www.example.org' and _eClass_.name = 'ControlConstructBag') and _containmentMF_.name = 'rest')">
    <nodeLabelTraces
        visualID="5076"
        queryText="true"/>
    <compartmentTraces
        visualID="7076"
        queryText="true"/>
    <compartmentTraces
        visualID="7077"
        queryText="true"/>
  </childNodeTraces>
  <childNodeTraces
      visualID="3083"
      queryText="(let _eClass_:ecore::EClass = modelFacet.metaClass.ecoreClass in _eClass_.ePackage.nsURI = 'http://www.example.org' and _eClass_.name = 'AnyOrder') and (let _containmentMF_:ecore::EStructuralFeature = modelFacet.containmentMetaFeature.ecoreFeature in (let _eClass_:ecore::EClass = _containmentMF_.eContainingClass in _eClass_.ePackage.nsURI = 'http://www.example.org' and _eClass_.name = 'ControlConstructList') and _containmentMF_.name = 'first')">
    <nodeLabelTraces
        visualID="5085"
        queryText="true"/>
    <compartmentTraces
        visualID="7078"
        queryText="true"/>
  </childNodeTraces>
  <childNodeTraces
      visualID="3084"
      queryText="(let _eClass_:ecore::EClass = modelFacet.metaClass.ecoreClass in _eClass_.ePackage.nsURI = 'http://www.example.org' and _eClass_.name = 'Split') and (let _containmentMF_:ecore::EStructuralFeature = modelFacet.containmentMetaFeature.ecoreFeature in (let _eClass_:ecore::EClass = _containmentMF_.eContainingClass in _eClass_.ePackage.nsURI = 'http://www.example.org' and _eClass_.name = 'ControlConstructList') and _containmentMF_.name = 'first')">
    <nodeLabelTraces
        visualID="5086"
        queryText="true"/>
    <compartmentTraces
        visualID="7079"
        queryText="true"/>
  </childNodeTraces>
  <childNodeTraces
      visualID="3085"
      queryText="(let _eClass_:ecore::EClass = modelFacet.metaClass.ecoreClass in _eClass_.ePackage.nsURI = 'http://www.example.org' and _eClass_.name = 'SplitJoin') and (let _containmentMF_:ecore::EStructuralFeature = modelFacet.containmentMetaFeature.ecoreFeature in (let _eClass_:ecore::EClass = _containmentMF_.eContainingClass in _eClass_.ePackage.nsURI = 'http://www.example.org' and _eClass_.name = 'ControlConstructList') and _containmentMF_.name = 'first')">
    <nodeLabelTraces
        visualID="5087"
        queryText="true"/>
    <compartmentTraces
        visualID="7080"
        queryText="true"/>
  </childNodeTraces>
  <childNodeTraces
      visualID="3086"
      queryText="(let _eClass_:ecore::EClass = modelFacet.metaClass.ecoreClass in _eClass_.ePackage.nsURI = 'http://www.example.org' and _eClass_.name = 'IfThenElse') and (let _containmentMF_:ecore::EStructuralFeature = modelFacet.containmentMetaFeature.ecoreFeature in (let _eClass_:ecore::EClass = _containmentMF_.eContainingClass in _eClass_.ePackage.nsURI = 'http://www.example.org' and _eClass_.name = 'ControlConstructList') and _containmentMF_.name = 'first')">
    <nodeLabelTraces
        visualID="5088"
        queryText="true"/>
    <compartmentTraces
        visualID="7081"
        queryText="true"/>
    <compartmentTraces
        visualID="7082"
        queryText="true"/>
    <compartmentTraces
        visualID="7150"
        queryText="true"/>
  </childNodeTraces>
  <childNodeTraces
      visualID="3087"
      queryText="(let _eClass_:ecore::EClass = modelFacet.metaClass.ecoreClass in _eClass_.ePackage.nsURI = 'http://www.example.org' and _eClass_.name = 'RepeatUntil') and (let _containmentMF_:ecore::EStructuralFeature = modelFacet.containmentMetaFeature.ecoreFeature in (let _eClass_:ecore::EClass = _containmentMF_.eContainingClass in _eClass_.ePackage.nsURI = 'http://www.example.org' and _eClass_.name = 'ControlConstructList') and _containmentMF_.name = 'first')">
    <nodeLabelTraces
        visualID="5089"
        queryText="true"/>
    <compartmentTraces
        visualID="7083"
        queryText="true"/>
    <compartmentTraces
        visualID="7151"
        queryText="true"/>
  </childNodeTraces>
  <childNodeTraces
      visualID="3088"
      queryText="(let _eClass_:ecore::EClass = modelFacet.metaClass.ecoreClass in _eClass_.ePackage.nsURI = 'http://www.example.org' and _eClass_.name = 'RepeatWhile') and (let _containmentMF_:ecore::EStructuralFeature = modelFacet.containmentMetaFeature.ecoreFeature in (let _eClass_:ecore::EClass = _containmentMF_.eContainingClass in _eClass_.ePackage.nsURI = 'http://www.example.org' and _eClass_.name = 'ControlConstructList') and _containmentMF_.name = 'first')">
    <nodeLabelTraces
        visualID="5090"
        queryText="true"/>
    <compartmentTraces
        visualID="7084"
        queryText="true"/>
    <compartmentTraces
        visualID="7152"
        queryText="true"/>
  </childNodeTraces>
  <childNodeTraces
      visualID="3089"
      queryText="(let _eClass_:ecore::EClass = modelFacet.metaClass.ecoreClass in _eClass_.ePackage.nsURI = 'http://www.example.org' and _eClass_.name = 'Perform') and (let _containmentMF_:ecore::EStructuralFeature = modelFacet.containmentMetaFeature.ecoreFeature in (let _eClass_:ecore::EClass = _containmentMF_.eContainingClass in _eClass_.ePackage.nsURI = 'http://www.example.org' and _eClass_.name = 'ControlConstructList') and _containmentMF_.name = 'first')">
    <nodeLabelTraces
        visualID="5091"
        queryText="true"/>
    <compartmentTraces
        visualID="7085"
        queryText="true"/>
  </childNodeTraces>
  <childNodeTraces
      visualID="3090"
      queryText="(let _eClass_:ecore::EClass = modelFacet.metaClass.ecoreClass in _eClass_.ePackage.nsURI = 'http://www.example.org' and _eClass_.name = 'Produce') and (let _containmentMF_:ecore::EStructuralFeature = modelFacet.containmentMetaFeature.ecoreFeature in (let _eClass_:ecore::EClass = _containmentMF_.eContainingClass in _eClass_.ePackage.nsURI = 'http://www.example.org' and _eClass_.name = 'ControlConstructList') and _containmentMF_.name = 'first')">
    <nodeLabelTraces
        visualID="5092"
        queryText="true"/>
    <compartmentTraces
        visualID="7086"
        queryText="true"/>
  </childNodeTraces>
  <childNodeTraces
      visualID="3091"
      queryText="(let _eClass_:ecore::EClass = modelFacet.metaClass.ecoreClass in _eClass_.ePackage.nsURI = 'http://www.example.org' and _eClass_.name = 'Set') and (let _containmentMF_:ecore::EStructuralFeature = modelFacet.containmentMetaFeature.ecoreFeature in (let _eClass_:ecore::EClass = _containmentMF_.eContainingClass in _eClass_.ePackage.nsURI = 'http://www.example.org' and _eClass_.name = 'ControlConstructList') and _containmentMF_.name = 'first')">
    <nodeLabelTraces
        visualID="5093"
        queryText="true"/>
    <compartmentTraces
        visualID="7087"
        queryText="true"/>
  </childNodeTraces>
  <childNodeTraces
      visualID="3093"
      queryText="(let _eClass_:ecore::EClass = modelFacet.metaClass.ecoreClass in _eClass_.ePackage.nsURI = 'http://www.example.org' and _eClass_.name = 'ControlConstructList') and (let _containmentMF_:ecore::EStructuralFeature = modelFacet.containmentMetaFeature.ecoreFeature in (let _eClass_:ecore::EClass = _containmentMF_.eContainingClass in _eClass_.ePackage.nsURI = 'http://www.example.org' and _eClass_.name = 'ControlConstructList') and _containmentMF_.name = 'rest')">
    <nodeLabelTraces
        visualID="5095"
        queryText="true"/>
    <compartmentTraces
        visualID="7088"
        queryText="true"/>
    <compartmentTraces
        visualID="7089"
        queryText="true"/>
  </childNodeTraces>
  <childNodeTraces
      visualID="3094"
      queryText="(let _eClass_:ecore::EClass = modelFacet.metaClass.ecoreClass in _eClass_.ePackage.nsURI = 'http://www.example.org' and _eClass_.name = 'ValueSource') and (let _containmentMF_:ecore::EStructuralFeature = modelFacet.containmentMetaFeature.ecoreFeature in (let _eClass_:ecore::EClass = _containmentMF_.eContainingClass in _eClass_.ePackage.nsURI = 'http://www.example.org' and _eClass_.name = 'Result') and _containmentMF_.name = 'bindingSource')">
    <nodeLabelTraces
        visualID="5111"
        queryText="true"/>
  </childNodeTraces>
  <childNodeTraces
      visualID="3095"
      queryText="(let _eClass_:ecore::EClass = modelFacet.metaClass.ecoreClass in _eClass_.ePackage.nsURI = 'http://www.example.org' and _eClass_.name = 'ValueForm') and (let _containmentMF_:ecore::EStructuralFeature = modelFacet.containmentMetaFeature.ecoreFeature in (let _eClass_:ecore::EClass = _containmentMF_.eContainingClass in _eClass_.ePackage.nsURI = 'http://www.example.org' and _eClass_.name = 'Result') and _containmentMF_.name = 'bindingSource')">
    <nodeLabelTraces
        visualID="5112"
        queryText="true"/>
  </childNodeTraces>
  <childNodeTraces
      visualID="3096"
      queryText="(let _eClass_:ecore::EClass = modelFacet.metaClass.ecoreClass in _eClass_.ePackage.nsURI = 'http://www.example.org' and _eClass_.name = 'ValueFunction') and (let _containmentMF_:ecore::EStructuralFeature = modelFacet.containmentMetaFeature.ecoreFeature in (let _eClass_:ecore::EClass = _containmentMF_.eContainingClass in _eClass_.ePackage.nsURI = 'http://www.example.org' and _eClass_.name = 'Result') and _containmentMF_.name = 'bindingSource')">
    <nodeLabelTraces
        visualID="5113"
        queryText="true"/>
  </childNodeTraces>
  <childNodeTraces
      visualID="3097"
      queryText="(let _eClass_:ecore::EClass = modelFacet.metaClass.ecoreClass in _eClass_.ePackage.nsURI = 'http://www.example.org' and _eClass_.name = 'ResultVar') and (let _containmentMF_:ecore::EStructuralFeature = modelFacet.containmentMetaFeature.ecoreFeature in (let _eClass_:ecore::EClass = _containmentMF_.eContainingClass in _eClass_.ePackage.nsURI = 'http://www.example.org' and _eClass_.name = 'Result') and _containmentMF_.name = 'hasResultVar')">
    <nodeLabelTraces
        visualID="5114"
        queryText="true"/>
  </childNodeTraces>
  <childNodeTraces
      visualID="3098"
      queryText="(let _eClass_:ecore::EClass = modelFacet.metaClass.ecoreClass in _eClass_.ePackage.nsURI = 'http://www.example.org' and _eClass_.name = 'Condition') and (let _containmentMF_:ecore::EStructuralFeature = modelFacet.containmentMetaFeature.ecoreFeature in (let _eClass_:ecore::EClass = _containmentMF_.eContainingClass in _eClass_.ePackage.nsURI = 'http://www.example.org' and _eClass_.name = 'Result') and _containmentMF_.name = 'inCondition')">
    <nodeLabelTraces
        visualID="5115"
        queryText="true"/>
  </childNodeTraces>
  <childNodeTraces
      visualID="3099"
      queryText="(let _eClass_:ecore::EClass = modelFacet.metaClass.ecoreClass in _eClass_.ePackage.nsURI = 'http://www.example.org' and _eClass_.name = 'Condition') and (let _containmentMF_:ecore::EStructuralFeature = modelFacet.containmentMetaFeature.ecoreFeature in (let _eClass_:ecore::EClass = _containmentMF_.eContainingClass in _eClass_.ePackage.nsURI = 'http://www.example.org' and _eClass_.name = 'Result') and _containmentMF_.name = 'hasEffect')">
    <nodeLabelTraces
        visualID="5116"
        queryText="true"/>
  </childNodeTraces>
  <childNodeTraces
      visualID="3100"
      queryText="(let _eClass_:ecore::EClass = modelFacet.metaClass.ecoreClass in _eClass_.ePackage.nsURI = 'http://www.example.org' and _eClass_.name = 'Expr') and (let _containmentMF_:ecore::EStructuralFeature = modelFacet.containmentMetaFeature.ecoreFeature in (let _eClass_:ecore::EClass = _containmentMF_.eContainingClass in _eClass_.ePackage.nsURI = 'http://www.example.org' and _eClass_.name = 'Result') and _containmentMF_.name = 'inCondition')">
    <nodeLabelTraces
        visualID="5117"
        queryText="true"/>
  </childNodeTraces>
  <childNodeTraces
      visualID="3101"
      queryText="(let _eClass_:ecore::EClass = modelFacet.metaClass.ecoreClass in _eClass_.ePackage.nsURI = 'http://www.example.org' and _eClass_.name = 'Expr') and (let _containmentMF_:ecore::EStructuralFeature = modelFacet.containmentMetaFeature.ecoreFeature in (let _eClass_:ecore::EClass = _containmentMF_.eContainingClass in _eClass_.ePackage.nsURI = 'http://www.example.org' and _eClass_.name = 'Result') and _containmentMF_.name = 'hasEffect')">
    <nodeLabelTraces
        visualID="5118"
        queryText="true"/>
  </childNodeTraces>
  <childNodeTraces
      visualID="3104"
      queryText="(let _eClass_:ecore::EClass = modelFacet.metaClass.ecoreClass in _eClass_.ePackage.nsURI = 'http://www.example.org' and _eClass_.name = 'RemoteProcess') and (let _containmentMF_:ecore::EStructuralFeature = modelFacet.containmentMetaFeature.ecoreFeature in (let _eClass_:ecore::EClass = _containmentMF_.eContainingClass in _eClass_.ePackage.nsURI = 'http://www.example.org' and _eClass_.name = 'Perform') and _containmentMF_.name = 'theProcess')">
    <nodeLabelTraces
        visualID="5137"
        queryText="true"/>
  </childNodeTraces>
  <childNodeTraces
      visualID="3105"
      queryText="(let _eClass_:ecore::EClass = modelFacet.metaClass.ecoreClass in _eClass_.ePackage.nsURI = 'http://www.example.org' and _eClass_.name = 'Input') and (let _containmentMF_:ecore::EStructuralFeature = modelFacet.containmentMetaFeature.ecoreFeature in (let _eClass_:ecore::EClass = _containmentMF_.eContainingClass in _eClass_.ePackage.nsURI = 'http://www.example.org' and _eClass_.name = 'AbstractProcess') and _containmentMF_.name = 'hasInput')">
    <nodeLabelTraces
        visualID="5132"
        queryText="true"/>
  </childNodeTraces>
  <childNodeTraces
      visualID="3106"
      queryText="(let _eClass_:ecore::EClass = modelFacet.metaClass.ecoreClass in _eClass_.ePackage.nsURI = 'http://www.example.org' and _eClass_.name = 'Output') and (let _containmentMF_:ecore::EStructuralFeature = modelFacet.containmentMetaFeature.ecoreFeature in (let _eClass_:ecore::EClass = _containmentMF_.eContainingClass in _eClass_.ePackage.nsURI = 'http://www.example.org' and _eClass_.name = 'AbstractProcess') and _containmentMF_.name = 'hasOutput')">
    <nodeLabelTraces
        visualID="5133"
        queryText="true"/>
  </childNodeTraces>
  <childNodeTraces
      visualID="3107"
      queryText="(let _eClass_:ecore::EClass = modelFacet.metaClass.ecoreClass in _eClass_.ePackage.nsURI = 'http://www.example.org' and _eClass_.name = 'Result') and (let _containmentMF_:ecore::EStructuralFeature = modelFacet.containmentMetaFeature.ecoreFeature in (let _eClass_:ecore::EClass = _containmentMF_.eContainingClass in _eClass_.ePackage.nsURI = 'http://www.example.org' and _eClass_.name = 'RemoteProcess') and _containmentMF_.name = 'hasResult')">
    <nodeLabelTraces
        visualID="5134"
        queryText="true"/>
    <compartmentTraces
        visualID="7123"
        queryText="true"/>
    <compartmentTraces
        visualID="7124"
        queryText="true"/>
    <compartmentTraces
        visualID="7125"
        queryText="true"/>
    <compartmentTraces
        visualID="7126"
        queryText="true"/>
  </childNodeTraces>
  <childNodeTraces
      visualID="3108"
      queryText="(let _eClass_:ecore::EClass = modelFacet.metaClass.ecoreClass in _eClass_.ePackage.nsURI = 'http://www.example.org' and _eClass_.name = 'Condition') and (let _containmentMF_:ecore::EStructuralFeature = modelFacet.containmentMetaFeature.ecoreFeature in (let _eClass_:ecore::EClass = _containmentMF_.eContainingClass in _eClass_.ePackage.nsURI = 'http://www.example.org' and _eClass_.name = 'RemoteProcess') and _containmentMF_.name = 'expressions')">
    <nodeLabelTraces
        visualID="5135"
        queryText="true"/>
  </childNodeTraces>
  <childNodeTraces
      visualID="3109"
      queryText="(let _eClass_:ecore::EClass = modelFacet.metaClass.ecoreClass in _eClass_.ePackage.nsURI = 'http://www.example.org' and _eClass_.name = 'Expr') and (let _containmentMF_:ecore::EStructuralFeature = modelFacet.containmentMetaFeature.ecoreFeature in (let _eClass_:ecore::EClass = _containmentMF_.eContainingClass in _eClass_.ePackage.nsURI = 'http://www.example.org' and _eClass_.name = 'RemoteProcess') and _containmentMF_.name = 'expressions')">
    <nodeLabelTraces
        visualID="5136"
        queryText="true"/>
  </childNodeTraces>
  <childNodeTraces
      visualID="3110"
      queryText="(let _eClass_:ecore::EClass = modelFacet.metaClass.ecoreClass in _eClass_.ePackage.nsURI = 'http://www.example.org' and _eClass_.name = 'TemplateProcess') and (let _containmentMF_:ecore::EStructuralFeature = modelFacet.containmentMetaFeature.ecoreFeature in (let _eClass_:ecore::EClass = _containmentMF_.eContainingClass in _eClass_.ePackage.nsURI = 'http://www.example.org' and _eClass_.name = 'Perform') and _containmentMF_.name = 'theProcess')">
    <nodeLabelTraces
        visualID="5138"
        queryText="true"/>
  </childNodeTraces>
  <childNodeTraces
      visualID="3111"
      queryText="(let _eClass_:ecore::EClass = modelFacet.metaClass.ecoreClass in _eClass_.ePackage.nsURI = 'http://www.example.org' and _eClass_.name = 'Condition') and (let _containmentMF_:ecore::EStructuralFeature = modelFacet.containmentMetaFeature.ecoreFeature in (let _eClass_:ecore::EClass = _containmentMF_.eContainingClass in _eClass_.ePackage.nsURI = 'http://www.example.org' and _eClass_.name = 'RepeatUntil') and _containmentMF_.name = 'untilCondition')">
    <nodeLabelTraces
        visualID="5139"
        queryText="true"/>
  </childNodeTraces>
  <childNodeTraces
      visualID="3112"
      queryText="(let _eClass_:ecore::EClass = modelFacet.metaClass.ecoreClass in _eClass_.ePackage.nsURI = 'http://www.example.org' and _eClass_.name = 'Expr') and (let _containmentMF_:ecore::EStructuralFeature = modelFacet.containmentMetaFeature.ecoreFeature in (let _eClass_:ecore::EClass = _containmentMF_.eContainingClass in _eClass_.ePackage.nsURI = 'http://www.example.org' and _eClass_.name = 'RepeatUntil') and _containmentMF_.name = 'untilCondition')">
    <nodeLabelTraces
        visualID="5140"
        queryText="true"/>
  </childNodeTraces>
  <childNodeTraces
      visualID="3113"
      queryText="(let _eClass_:ecore::EClass = modelFacet.metaClass.ecoreClass in _eClass_.ePackage.nsURI = 'http://www.example.org' and _eClass_.name = 'Condition') and (let _containmentMF_:ecore::EStructuralFeature = modelFacet.containmentMetaFeature.ecoreFeature in (let _eClass_:ecore::EClass = _containmentMF_.eContainingClass in _eClass_.ePackage.nsURI = 'http://www.example.org' and _eClass_.name = 'RepeatWhile') and _containmentMF_.name = 'whileCondition')">
    <nodeLabelTraces
        visualID="5141"
        queryText="true"/>
  </childNodeTraces>
  <childNodeTraces
      visualID="3114"
      queryText="(let _eClass_:ecore::EClass = modelFacet.metaClass.ecoreClass in _eClass_.ePackage.nsURI = 'http://www.example.org' and _eClass_.name = 'Expr') and (let _containmentMF_:ecore::EStructuralFeature = modelFacet.containmentMetaFeature.ecoreFeature in (let _eClass_:ecore::EClass = _containmentMF_.eContainingClass in _eClass_.ePackage.nsURI = 'http://www.example.org' and _eClass_.name = 'RepeatWhile') and _containmentMF_.name = 'whileCondition')">
    <nodeLabelTraces
        visualID="5142"
        queryText="true"/>
  </childNodeTraces>
  <childNodeTraces
      visualID="3115"
      queryText="(let _eClass_:ecore::EClass = modelFacet.metaClass.ecoreClass in _eClass_.ePackage.nsURI = 'http://www.example.org' and _eClass_.name = 'Condition') and (let _containmentMF_:ecore::EStructuralFeature = modelFacet.containmentMetaFeature.ecoreFeature in (let _eClass_:ecore::EClass = _containmentMF_.eContainingClass in _eClass_.ePackage.nsURI = 'http://www.example.org' and _eClass_.name = 'IfThenElse') and _containmentMF_.name = 'ifCondition')">
    <nodeLabelTraces
        visualID="5143"
        queryText="true"/>
  </childNodeTraces>
  <childNodeTraces
      visualID="3116"
      queryText="(let _eClass_:ecore::EClass = modelFacet.metaClass.ecoreClass in _eClass_.ePackage.nsURI = 'http://www.example.org' and _eClass_.name = 'Expr') and (let _containmentMF_:ecore::EStructuralFeature = modelFacet.containmentMetaFeature.ecoreFeature in (let _eClass_:ecore::EClass = _containmentMF_.eContainingClass in _eClass_.ePackage.nsURI = 'http://www.example.org' and _eClass_.name = 'IfThenElse') and _containmentMF_.name = 'ifCondition')">
    <nodeLabelTraces
        visualID="5144"
        queryText="true"/>
  </childNodeTraces>
  <linkTraces
      visualID="4001"
      queryText="modelFacet.oclIsKindOf(gmfgen::TypeLinkModelFacet) and (let _eClass_:ecore::EClass = modelFacet.oclAsType(gmfgen::TypeLinkModelFacet).metaClass.ecoreClass in _eClass_.ePackage.nsURI = 'http://www.example.org' and _eClass_.name = 'LocBinding')"/>
  <linkTraces
      visualID="4002"
      queryText="modelFacet.oclIsKindOf(gmfgen::TypeLinkModelFacet) and (let _eClass_:ecore::EClass = modelFacet.oclAsType(gmfgen::TypeLinkModelFacet).metaClass.ecoreClass in _eClass_.ePackage.nsURI = 'http://www.example.org' and _eClass_.name = 'InputBinding')"/>
  <linkTraces
      visualID="4003"
      queryText="modelFacet.oclIsKindOf(gmfgen::TypeLinkModelFacet) and (let _eClass_:ecore::EClass = modelFacet.oclAsType(gmfgen::TypeLinkModelFacet).metaClass.ecoreClass in _eClass_.ePackage.nsURI = 'http://www.example.org' and _eClass_.name = 'OutputBinding')"/>
  <linkTraces
      visualID="4004"
      queryText="modelFacet.oclIsKindOf(gmfgen::TypeLinkModelFacet) and (let _eClass_:ecore::EClass = modelFacet.oclAsType(gmfgen::TypeLinkModelFacet).metaClass.ecoreClass in _eClass_.ePackage.nsURI = 'http://www.example.org' and _eClass_.name = 'LinkBinding')"/>
  <linkTraces
      visualID="4005"
      queryText="modelFacet.oclIsKindOf(gmfgen::TypeLinkModelFacet) and (let _eClass_:ecore::EClass = modelFacet.oclAsType(gmfgen::TypeLinkModelFacet).metaClass.ecoreClass in _eClass_.ePackage.nsURI = 'http://www.example.org' and _eClass_.name = 'outputBindingSource')"/>
</trace:TraceModel>
