<?xml version="1.0" encoding="UTF-8"?>
<trace:TraceModel xmi:version="2.0"
    xmlns:xmi="http://www.omg.org/XMI"
    xmlns:trace="http://www.eclipse.org/gmf/2006/Trace">
  <nodeTraces
      visualID="2014"
      queryText="let _eClass_:ecore::EClass = modelFacet.metaClass.ecoreClass in _eClass_.ePackage.nsURI = 'http://ict-alive.sourceforge.net/coordination/tasks' and _eClass_.name = 'Plan'"/>
  <nodeTraces
      visualID="2015"
      queryText="let _eClass_:ecore::EClass = modelFacet.metaClass.ecoreClass in _eClass_.ePackage.nsURI = 'http://ict-alive.sourceforge.net/coordination/agents' and _eClass_.name = 'Agent'">
    <nodeLabelTraces
        visualID="5018"
        queryText="true"/>
  </nodeTraces>
  <nodeTraces
      visualID="2016"
      queryText="let _eClass_:ecore::EClass = modelFacet.metaClass.ecoreClass in _eClass_.ePackage.nsURI = 'http://ict-alive.sourceforge.net/owls/service' and _eClass_.name = 'Service'"/>
  <nodeTraces
      visualID="2017"
      queryText="let _eClass_:ecore::EClass = modelFacet.metaClass.ecoreClass in _eClass_.ePackage.nsURI = 'http://ict-alive.sourceforge.net/operetta/OM/1.0' and _eClass_.name = 'Objective'">
    <nodeLabelTraces
        visualID="5019"
        queryText="true"/>
  </nodeTraces>
  <nodeTraces
      visualID="2018"
      queryText="let _eClass_:ecore::EClass = modelFacet.metaClass.ecoreClass in _eClass_.ePackage.nsURI = 'http://ict-alive.sourceforge.net/coordination/actions' and _eClass_.name = 'AtomicAction'">
    <nodeLabelTraces
        visualID="5020"
        queryText="true"/>
  </nodeTraces>
  <nodeTraces
      visualID="2019"
      queryText="let _eClass_:ecore::EClass = modelFacet.metaClass.ecoreClass in _eClass_.ePackage.nsURI = 'http://ict-alive.sourceforge.net/coordination/actions' and _eClass_.name = 'CompositeAction'"/>
  <nodeTraces
      visualID="2020"
      queryText="let _eClass_:ecore::EClass = modelFacet.metaClass.ecoreClass in _eClass_.ePackage.nsURI = 'http://ict-alive.sourceforge.net/RunTime/enactment' and _eClass_.name = 'ActionEnactment'">
    <nodeLabelTraces
        visualID="5021"
        queryText="true"/>
    <nodeLabelTraces
        visualID="5022"
        queryText="true"/>
    <nodeLabelTraces
        visualID="5023"
        queryText="true"/>
    <nodeLabelTraces
        visualID="5024"
        queryText="true"/>
  </nodeTraces>
  <nodeTraces
      visualID="2021"
      queryText="let _eClass_:ecore::EClass = modelFacet.metaClass.ecoreClass in _eClass_.ePackage.nsURI = 'http://ict-alive.sourceforge.net/RunTime/enactment' and _eClass_.name = 'PlanEnactment'">
    <nodeLabelTraces
        visualID="5025"
        queryText="true"/>
    <nodeLabelTraces
        visualID="5026"
        queryText="true"/>
    <nodeLabelTraces
        visualID="5027"
        queryText="true"/>
    <nodeLabelTraces
        visualID="5028"
        queryText="true"/>
  </nodeTraces>
  <nodeTraces
      visualID="2022"
      queryText="let _eClass_:ecore::EClass = modelFacet.metaClass.ecoreClass in _eClass_.ePackage.nsURI = 'http://ict-alive.sourceforge.net/coordination/tasks' and _eClass_.name = 'ActionGroundingList'">
    <compartmentTraces
        visualID="7019"
        queryText="true"/>
  </nodeTraces>
  <nodeTraces
      visualID="2023"
      queryText="let _eClass_:ecore::EClass = modelFacet.metaClass.ecoreClass in _eClass_.ePackage.nsURI = 'http://ict-alive.sourceforge.net/RunTime/events' and _eClass_.name = 'Event'">
    <nodeLabelTraces
        visualID="5029"
        queryText="true"/>
    <compartmentTraces
        visualID="7020"
        queryText="true"/>
  </nodeTraces>
  <nodeTraces
      visualID="2024"
      queryText="let _eClass_:ecore::EClass = modelFacet.metaClass.ecoreClass in _eClass_.ePackage.nsURI = 'http://ict-alive.sourceforge.net/RunTime/events' and _eClass_.name = 'Event'">
    <nodeLabelTraces
        visualID="5030"
        queryText="true"/>
  </nodeTraces>
  <nodeTraces
      visualID="2025"
      queryText="let _eClass_:ecore::EClass = modelFacet.metaClass.ecoreClass in _eClass_.ePackage.nsURI = 'http://ict-alive.sourceforge.net/RunTime/enactment' and _eClass_.name = 'Enactment'">
    <nodeLabelTraces
        visualID="5031"
        queryText="true"/>
    <nodeLabelTraces
        visualID="5032"
        queryText="true"/>
    <nodeLabelTraces
        visualID="5033"
        queryText="true"/>
    <nodeLabelTraces
        visualID="5034"
        queryText="true"/>
  </nodeTraces>
  <nodeTraces
      visualID="2026"
      queryText="let _eClass_:ecore::EClass = modelFacet.metaClass.ecoreClass in _eClass_.ePackage.nsURI = 'http://ict-alive.sourceforge.net/RunTime/events' and _eClass_.name = 'Actor'">
    <nodeLabelTraces
        visualID="5035"
        queryText="true"/>
  </nodeTraces>
  <nodeTraces
      visualID="2027"
      queryText="let _eClass_:ecore::EClass = modelFacet.metaClass.ecoreClass in _eClass_.ePackage.nsURI = 'http://ict-alive.sourceforge.net/RunTime/enactment' and _eClass_.name = 'Resource'"/>
  <nodeTraces
      visualID="2028"
      queryText="(let _eClass_:ecore::EClass = modelFacet.metaClass.ecoreClass in _eClass_.ePackage.nsURI = 'http://net.sf.ictalive.coordination.wfvv' and _eClass_.name = 'EventGroup') and (let _containmentMF_:ecore::EStructuralFeature = modelFacet.containmentMetaFeature.ecoreFeature in (let _eClass_:ecore::EClass = _containmentMF_.eContainingClass in _eClass_.ePackage.nsURI = 'http://net.sf.ictalive.coordination.wfvv' and _eClass_.name = 'EventModelContainer') and _containmentMF_.name = 'eventGroups')">
    <nodeLabelTraces
        visualID="5036"
        queryText="true"/>
    <compartmentTraces
        visualID="7021"
        queryText="true"/>
  </nodeTraces>
  <nodeTraces
      visualID="2029"
      queryText="(let _eClass_:ecore::EClass = modelFacet.metaClass.ecoreClass in _eClass_.ePackage.nsURI = 'http://net.sf.ictalive.coordination.wfvv' and _eClass_.name = 'EventGroup') and (let _containmentMF_:ecore::EStructuralFeature = modelFacet.containmentMetaFeature.ecoreFeature in (let _eClass_:ecore::EClass = _containmentMF_.eContainingClass in _eClass_.ePackage.nsURI = 'http://net.sf.ictalive.coordination.wfvv' and _eClass_.name = 'EventModelContainer') and _containmentMF_.name = 'eventGroups')">
    <nodeLabelTraces
        visualID="5037"
        queryText="true"/>
  </nodeTraces>
  <childNodeTraces
      visualID="3001"
      queryText="(let _eClass_:ecore::EClass = modelFacet.metaClass.ecoreClass in _eClass_.ePackage.nsURI = 'http://ict-alive.sourceforge.net/RunTime/events' and _eClass_.name = 'ActorView') and (let _containmentMF_:ecore::EStructuralFeature = modelFacet.containmentMetaFeature.ecoreFeature in (let _eClass_:ecore::EClass = _containmentMF_.eContainingClass in _eClass_.ePackage.nsURI = 'http://ict-alive.sourceforge.net/RunTime/events' and _eClass_.name = 'Event') and _containmentMF_.name = 'pointOfView')"/>
  <childNodeTraces
      visualID="3002"
      queryText="(let _eClass_:ecore::EClass = modelFacet.metaClass.ecoreClass in _eClass_.ePackage.nsURI = 'http://ict-alive.sourceforge.net/RunTime/facts' and _eClass_.name = 'Content') and (let _containmentMF_:ecore::EStructuralFeature = modelFacet.containmentMetaFeature.ecoreFeature in (let _eClass_:ecore::EClass = _containmentMF_.eContainingClass in _eClass_.ePackage.nsURI = 'http://ict-alive.sourceforge.net/RunTime/events' and _eClass_.name = 'Event') and _containmentMF_.name = 'content')">
    <compartmentTraces
        visualID="7002"
        queryText="true"/>
    <compartmentTraces
        visualID="7003"
        queryText="true"/>
  </childNodeTraces>
  <childNodeTraces
      visualID="3003"
      queryText="(let _eClass_:ecore::EClass = modelFacet.metaClass.ecoreClass in _eClass_.ePackage.nsURI = 'http://ict-alive.sourceforge.net/RunTime/facts' and _eClass_.name = 'StartedAct') and (let _containmentMF_:ecore::EStructuralFeature = modelFacet.containmentMetaFeature.ecoreFeature in (let _eClass_:ecore::EClass = _containmentMF_.eContainingClass in _eClass_.ePackage.nsURI = 'http://ict-alive.sourceforge.net/RunTime/facts' and _eClass_.name = 'Content') and _containmentMF_.name = 'fact')"/>
  <childNodeTraces
      visualID="3004"
      queryText="(let _eClass_:ecore::EClass = modelFacet.metaClass.ecoreClass in _eClass_.ePackage.nsURI = 'http://ict-alive.sourceforge.net/RunTime/facts' and _eClass_.name = 'ExecutedAct') and (let _containmentMF_:ecore::EStructuralFeature = modelFacet.containmentMetaFeature.ecoreFeature in (let _eClass_:ecore::EClass = _containmentMF_.eContainingClass in _eClass_.ePackage.nsURI = 'http://ict-alive.sourceforge.net/RunTime/facts' and _eClass_.name = 'Content') and _containmentMF_.name = 'fact')"/>
  <childNodeTraces
      visualID="3005"
      queryText="(let _eClass_:ecore::EClass = modelFacet.metaClass.ecoreClass in _eClass_.ePackage.nsURI = 'http://ict-alive.sourceforge.net/RunTime/facts' and _eClass_.name = 'FailureAct') and (let _containmentMF_:ecore::EStructuralFeature = modelFacet.containmentMetaFeature.ecoreFeature in (let _eClass_:ecore::EClass = _containmentMF_.eContainingClass in _eClass_.ePackage.nsURI = 'http://ict-alive.sourceforge.net/RunTime/facts' and _eClass_.name = 'Content') and _containmentMF_.name = 'fact')"/>
  <childNodeTraces
      visualID="3006"
      queryText="(let _eClass_:ecore::EClass = modelFacet.metaClass.ecoreClass in _eClass_.ePackage.nsURI = 'http://ict-alive.sourceforge.net/RunTime/facts' and _eClass_.name = 'Disaster') and (let _containmentMF_:ecore::EStructuralFeature = modelFacet.containmentMetaFeature.ecoreFeature in (let _eClass_:ecore::EClass = _containmentMF_.eContainingClass in _eClass_.ePackage.nsURI = 'http://ict-alive.sourceforge.net/RunTime/facts' and _eClass_.name = 'Content') and _containmentMF_.name = 'fact')"/>
  <childNodeTraces
      visualID="3007"
      queryText="(let _eClass_:ecore::EClass = modelFacet.metaClass.ecoreClass in _eClass_.ePackage.nsURI = 'http://ict-alive.sourceforge.net/RunTime/facts' and _eClass_.name = 'NormInstanceViolated') and (let _containmentMF_:ecore::EStructuralFeature = modelFacet.containmentMetaFeature.ecoreFeature in (let _eClass_:ecore::EClass = _containmentMF_.eContainingClass in _eClass_.ePackage.nsURI = 'http://ict-alive.sourceforge.net/RunTime/facts' and _eClass_.name = 'Content') and _containmentMF_.name = 'fact')"/>
  <childNodeTraces
      visualID="3008"
      queryText="(let _eClass_:ecore::EClass = modelFacet.metaClass.ecoreClass in _eClass_.ePackage.nsURI = 'http://ict-alive.sourceforge.net/RunTime/facts' and _eClass_.name = 'ReceiveAct') and (let _containmentMF_:ecore::EStructuralFeature = modelFacet.containmentMetaFeature.ecoreFeature in (let _eClass_:ecore::EClass = _containmentMF_.eContainingClass in _eClass_.ePackage.nsURI = 'http://ict-alive.sourceforge.net/RunTime/facts' and _eClass_.name = 'Content') and _containmentMF_.name = 'fact')">
    <compartmentTraces
        visualID="7007"
        queryText="true"/>
  </childNodeTraces>
  <childNodeTraces
      visualID="3009"
      queryText="(let _eClass_:ecore::EClass = modelFacet.metaClass.ecoreClass in _eClass_.ePackage.nsURI = 'http://ict-alive.sourceforge.net/RunTime/facts' and _eClass_.name = 'Message') and (let _containmentMF_:ecore::EStructuralFeature = modelFacet.containmentMetaFeature.ecoreFeature in (let _eClass_:ecore::EClass = _containmentMF_.eContainingClass in _eClass_.ePackage.nsURI = 'http://ict-alive.sourceforge.net/RunTime/facts' and _eClass_.name = 'ReceiveAct') and _containmentMF_.name = 'receivedMessage')"/>
  <childNodeTraces
      visualID="3010"
      queryText="(let _eClass_:ecore::EClass = modelFacet.metaClass.ecoreClass in _eClass_.ePackage.nsURI = 'http://ict-alive.sourceforge.net/RunTime/facts' and _eClass_.name = 'SendAct') and (let _containmentMF_:ecore::EStructuralFeature = modelFacet.containmentMetaFeature.ecoreFeature in (let _eClass_:ecore::EClass = _containmentMF_.eContainingClass in _eClass_.ePackage.nsURI = 'http://ict-alive.sourceforge.net/RunTime/facts' and _eClass_.name = 'Content') and _containmentMF_.name = 'fact')">
    <compartmentTraces
        visualID="7008"
        queryText="true"/>
  </childNodeTraces>
  <childNodeTraces
      visualID="3011"
      queryText="(let _eClass_:ecore::EClass = modelFacet.metaClass.ecoreClass in _eClass_.ePackage.nsURI = 'http://ict-alive.sourceforge.net/RunTime/facts' and _eClass_.name = 'Message') and (let _containmentMF_:ecore::EStructuralFeature = modelFacet.containmentMetaFeature.ecoreFeature in (let _eClass_:ecore::EClass = _containmentMF_.eContainingClass in _eClass_.ePackage.nsURI = 'http://ict-alive.sourceforge.net/RunTime/facts' and _eClass_.name = 'SendAct') and _containmentMF_.name = 'sendMessage')"/>
  <childNodeTraces
      visualID="3012"
      queryText="(let _eClass_:ecore::EClass = modelFacet.metaClass.ecoreClass in _eClass_.ePackage.nsURI = 'http://ict-alive.sourceforge.net/RunTime/facts' and _eClass_.name = 'DeadlineViolation') and (let _containmentMF_:ecore::EStructuralFeature = modelFacet.containmentMetaFeature.ecoreFeature in (let _eClass_:ecore::EClass = _containmentMF_.eContainingClass in _eClass_.ePackage.nsURI = 'http://ict-alive.sourceforge.net/RunTime/facts' and _eClass_.name = 'Content') and _containmentMF_.name = 'fact')">
    <nodeLabelTraces
        visualID="5001"
        queryText="true"/>
  </childNodeTraces>
  <childNodeTraces
      visualID="3013"
      queryText="(let _eClass_:ecore::EClass = modelFacet.metaClass.ecoreClass in _eClass_.ePackage.nsURI = 'http://ict-alive.sourceforge.net/RunTime/facts' and _eClass_.name = 'TaskViolation') and (let _containmentMF_:ecore::EStructuralFeature = modelFacet.containmentMetaFeature.ecoreFeature in (let _eClass_:ecore::EClass = _containmentMF_.eContainingClass in _eClass_.ePackage.nsURI = 'http://ict-alive.sourceforge.net/RunTime/facts' and _eClass_.name = 'Content') and _containmentMF_.name = 'fact')"/>
  <childNodeTraces
      visualID="3014"
      queryText="(let _eClass_:ecore::EClass = modelFacet.metaClass.ecoreClass in _eClass_.ePackage.nsURI = 'http://ict-alive.sourceforge.net/RunTime/facts' and _eClass_.name = 'Availability') and (let _containmentMF_:ecore::EStructuralFeature = modelFacet.containmentMetaFeature.ecoreFeature in (let _eClass_:ecore::EClass = _containmentMF_.eContainingClass in _eClass_.ePackage.nsURI = 'http://ict-alive.sourceforge.net/RunTime/facts' and _eClass_.name = 'Content') and _containmentMF_.name = 'fact')">
    <nodeLabelTraces
        visualID="5002"
        queryText="true"/>
  </childNodeTraces>
  <childNodeTraces
      visualID="3015"
      queryText="(let _eClass_:ecore::EClass = modelFacet.metaClass.ecoreClass in _eClass_.ePackage.nsURI = 'http://ict-alive.sourceforge.net/RunTime/actions' and _eClass_.name = 'PlanSynthesis') and (let _containmentMF_:ecore::EStructuralFeature = modelFacet.containmentMetaFeature.ecoreFeature in (let _eClass_:ecore::EClass = _containmentMF_.eContainingClass in _eClass_.ePackage.nsURI = 'http://ict-alive.sourceforge.net/RunTime/facts' and _eClass_.name = 'Content') and _containmentMF_.name = 'effect')">
    <compartmentTraces
        visualID="7009"
        queryText="true"/>
  </childNodeTraces>
  <childNodeTraces
      visualID="3016"
      queryText="(let _eClass_:ecore::EClass = modelFacet.metaClass.ecoreClass in _eClass_.ePackage.nsURI = 'http://ict-alive.sourceforge.net/RunTime/actions' and _eClass_.name = 'Parameter') and (let _containmentMF_:ecore::EStructuralFeature = modelFacet.containmentMetaFeature.ecoreFeature in (let _eClass_:ecore::EClass = _containmentMF_.eContainingClass in _eClass_.ePackage.nsURI = 'http://ict-alive.sourceforge.net/RunTime/actions' and _eClass_.name = 'Action') and _containmentMF_.name = 'input')"/>
  <childNodeTraces
      visualID="3017"
      queryText="(let _eClass_:ecore::EClass = modelFacet.metaClass.ecoreClass in _eClass_.ePackage.nsURI = 'http://ict-alive.sourceforge.net/RunTime/actions' and _eClass_.name = 'Result') and (let _containmentMF_:ecore::EStructuralFeature = modelFacet.containmentMetaFeature.ecoreFeature in (let _eClass_:ecore::EClass = _containmentMF_.eContainingClass in _eClass_.ePackage.nsURI = 'http://ict-alive.sourceforge.net/RunTime/actions' and _eClass_.name = 'Action') and _containmentMF_.name = 'result')"/>
  <childNodeTraces
      visualID="3018"
      queryText="(let _eClass_:ecore::EClass = modelFacet.metaClass.ecoreClass in _eClass_.ePackage.nsURI = 'http://ict-alive.sourceforge.net/RunTime/actions' and _eClass_.name = 'PlanDistribution') and (let _containmentMF_:ecore::EStructuralFeature = modelFacet.containmentMetaFeature.ecoreFeature in (let _eClass_:ecore::EClass = _containmentMF_.eContainingClass in _eClass_.ePackage.nsURI = 'http://ict-alive.sourceforge.net/RunTime/facts' and _eClass_.name = 'Content') and _containmentMF_.name = 'effect')">
    <compartmentTraces
        visualID="7010"
        queryText="true"/>
  </childNodeTraces>
  <childNodeTraces
      visualID="3019"
      queryText="(let _eClass_:ecore::EClass = modelFacet.metaClass.ecoreClass in _eClass_.ePackage.nsURI = 'http://ict-alive.sourceforge.net/RunTime/actions' and _eClass_.name = 'PlanSchedule') and (let _containmentMF_:ecore::EStructuralFeature = modelFacet.containmentMetaFeature.ecoreFeature in (let _eClass_:ecore::EClass = _containmentMF_.eContainingClass in _eClass_.ePackage.nsURI = 'http://ict-alive.sourceforge.net/RunTime/facts' and _eClass_.name = 'Content') and _containmentMF_.name = 'effect')">
    <compartmentTraces
        visualID="7011"
        queryText="true"/>
  </childNodeTraces>
  <childNodeTraces
      visualID="3020"
      queryText="(let _eClass_:ecore::EClass = modelFacet.metaClass.ecoreClass in _eClass_.ePackage.nsURI = 'http://ict-alive.sourceforge.net/RunTime/actions' and _eClass_.name = 'PlanExecution') and (let _containmentMF_:ecore::EStructuralFeature = modelFacet.containmentMetaFeature.ecoreFeature in (let _eClass_:ecore::EClass = _containmentMF_.eContainingClass in _eClass_.ePackage.nsURI = 'http://ict-alive.sourceforge.net/RunTime/facts' and _eClass_.name = 'Content') and _containmentMF_.name = 'effect')">
    <compartmentTraces
        visualID="7012"
        queryText="true"/>
  </childNodeTraces>
  <childNodeTraces
      visualID="3021"
      queryText="(let _eClass_:ecore::EClass = modelFacet.metaClass.ecoreClass in _eClass_.ePackage.nsURI = 'http://ict-alive.sourceforge.net/RunTime/actions' and _eClass_.name = 'ServiceInvocation') and (let _containmentMF_:ecore::EStructuralFeature = modelFacet.containmentMetaFeature.ecoreFeature in (let _eClass_:ecore::EClass = _containmentMF_.eContainingClass in _eClass_.ePackage.nsURI = 'http://ict-alive.sourceforge.net/RunTime/facts' and _eClass_.name = 'Content') and _containmentMF_.name = 'effect')">
    <compartmentTraces
        visualID="7013"
        queryText="true"/>
  </childNodeTraces>
  <childNodeTraces
      visualID="3022"
      queryText="(let _eClass_:ecore::EClass = modelFacet.metaClass.ecoreClass in _eClass_.ePackage.nsURI = 'http://ict-alive.sourceforge.net/RunTime/actions' and _eClass_.name = 'ReplaceAgent') and (let _containmentMF_:ecore::EStructuralFeature = modelFacet.containmentMetaFeature.ecoreFeature in (let _eClass_:ecore::EClass = _containmentMF_.eContainingClass in _eClass_.ePackage.nsURI = 'http://ict-alive.sourceforge.net/RunTime/facts' and _eClass_.name = 'Content') and _containmentMF_.name = 'effect')">
    <compartmentTraces
        visualID="7014"
        queryText="true"/>
  </childNodeTraces>
  <childNodeTraces
      visualID="3023"
      queryText="(let _eClass_:ecore::EClass = modelFacet.metaClass.ecoreClass in _eClass_.ePackage.nsURI = 'http://ict-alive.sourceforge.net/RunTime/actions' and _eClass_.name = 'AgentReplan') and (let _containmentMF_:ecore::EStructuralFeature = modelFacet.containmentMetaFeature.ecoreFeature in (let _eClass_:ecore::EClass = _containmentMF_.eContainingClass in _eClass_.ePackage.nsURI = 'http://ict-alive.sourceforge.net/RunTime/facts' and _eClass_.name = 'Content') and _containmentMF_.name = 'effect')">
    <compartmentTraces
        visualID="7015"
        queryText="true"/>
  </childNodeTraces>
  <childNodeTraces
      visualID="3024"
      queryText="(let _eClass_:ecore::EClass = modelFacet.metaClass.ecoreClass in _eClass_.ePackage.nsURI = 'http://ict-alive.sourceforge.net/RunTime/actions' and _eClass_.name = 'NotifyStateOfWorld') and (let _containmentMF_:ecore::EStructuralFeature = modelFacet.containmentMetaFeature.ecoreFeature in (let _eClass_:ecore::EClass = _containmentMF_.eContainingClass in _eClass_.ePackage.nsURI = 'http://ict-alive.sourceforge.net/RunTime/facts' and _eClass_.name = 'Content') and _containmentMF_.name = 'effect')">
    <compartmentTraces
        visualID="7016"
        queryText="true"/>
  </childNodeTraces>
  <childNodeTraces
      visualID="3027"
      queryText="(let _eClass_:ecore::EClass = modelFacet.metaClass.ecoreClass in _eClass_.ePackage.nsURI = 'http://ict-alive.sourceforge.net/coordination/tasks' and _eClass_.name = 'ActionGrounding') and (let _containmentMF_:ecore::EStructuralFeature = modelFacet.containmentMetaFeature.ecoreFeature in (let _eClass_:ecore::EClass = _containmentMF_.eContainingClass in _eClass_.ePackage.nsURI = 'http://ict-alive.sourceforge.net/coordination/tasks' and _eClass_.name = 'ActionGroundingList') and _containmentMF_.name = 'first')"/>
  <childNodeTraces
      visualID="3028"
      queryText="(let _eClass_:ecore::EClass = modelFacet.metaClass.ecoreClass in _eClass_.ePackage.nsURI = 'http://ict-alive.sourceforge.net/RunTime/actions' and _eClass_.name = 'CoordinationAction') and (let _containmentMF_:ecore::EStructuralFeature = modelFacet.containmentMetaFeature.ecoreFeature in (let _eClass_:ecore::EClass = _containmentMF_.eContainingClass in _eClass_.ePackage.nsURI = 'http://ict-alive.sourceforge.net/RunTime/facts' and _eClass_.name = 'Content') and _containmentMF_.name = 'effect')"/>
  <childNodeTraces
      visualID="3029"
      queryText="(let _eClass_:ecore::EClass = modelFacet.metaClass.ecoreClass in _eClass_.ePackage.nsURI = 'http://ict-alive.sourceforge.net/RunTime/events' and _eClass_.name = 'Event') and (let _containmentMF_:ecore::EStructuralFeature = modelFacet.containmentMetaFeature.ecoreFeature in (let _eClass_:ecore::EClass = _containmentMF_.eContainingClass in _eClass_.ePackage.nsURI = 'http://net.sf.ictalive.coordination.wfvv' and _eClass_.name = 'EventGroup') and _containmentMF_.name = 'events')">
    <nodeLabelTraces
        visualID="5038"
        queryText="true"/>
  </childNodeTraces>
  <linkTraces
      visualID="4001"
      queryText="modelFacet.oclIsKindOf(gmfgen::FeatureLinkModelFacet) and (let _feature_:ecore::EStructuralFeature = modelFacet.oclAsType(gmfgen::FeatureLinkModelFacet).metaFeature.ecoreFeature in (let _eClass_:ecore::EClass = _feature_.eContainingClass in _eClass_.ePackage.nsURI = 'http://ict-alive.sourceforge.net/RunTime/facts' and _eClass_.name = 'Fact') and _feature_.name = 'dueTo')">
    <linkLabelTraces
        visualID="6001"
        queryText="true"/>
  </linkTraces>
  <linkTraces
      visualID="4002"
      queryText="modelFacet.oclIsKindOf(gmfgen::FeatureLinkModelFacet) and (let _feature_:ecore::EStructuralFeature = modelFacet.oclAsType(gmfgen::FeatureLinkModelFacet).metaFeature.ecoreFeature in (let _eClass_:ecore::EClass = _feature_.eContainingClass in _eClass_.ePackage.nsURI = 'http://ict-alive.sourceforge.net/RunTime/facts' and _eClass_.name = 'Fact') and _feature_.name = 'effect')">
    <linkLabelTraces
        visualID="6002"
        queryText="true"/>
  </linkTraces>
  <linkTraces
      visualID="4003"
      queryText="modelFacet.oclIsKindOf(gmfgen::FeatureLinkModelFacet) and (let _feature_:ecore::EStructuralFeature = modelFacet.oclAsType(gmfgen::FeatureLinkModelFacet).metaFeature.ecoreFeature in (let _eClass_:ecore::EClass = _feature_.eContainingClass in _eClass_.ePackage.nsURI = 'http://ict-alive.sourceforge.net/RunTime/facts' and _eClass_.name = 'Fact') and _feature_.name = 'relate')">
    <linkLabelTraces
        visualID="6003"
        queryText="true"/>
  </linkTraces>
  <linkTraces
      visualID="4004"
      queryText="modelFacet.oclIsKindOf(gmfgen::FeatureLinkModelFacet) and (let _feature_:ecore::EStructuralFeature = modelFacet.oclAsType(gmfgen::FeatureLinkModelFacet).metaFeature.ecoreFeature in (let _eClass_:ecore::EClass = _feature_.eContainingClass in _eClass_.ePackage.nsURI = 'http://ict-alive.sourceforge.net/RunTime/actions' and _eClass_.name = 'CoordinationAction') and _feature_.name = 'plan')">
    <linkLabelTraces
        visualID="6004"
        queryText="true"/>
  </linkTraces>
  <linkTraces
      visualID="4005"
      queryText="modelFacet.oclIsKindOf(gmfgen::FeatureLinkModelFacet) and (let _feature_:ecore::EStructuralFeature = modelFacet.oclAsType(gmfgen::FeatureLinkModelFacet).metaFeature.ecoreFeature in (let _eClass_:ecore::EClass = _feature_.eContainingClass in _eClass_.ePackage.nsURI = 'http://ict-alive.sourceforge.net/RunTime/actions' and _eClass_.name = 'PlanningActions') and _feature_.name = 'plan')">
    <linkLabelTraces
        visualID="6005"
        queryText="true"/>
  </linkTraces>
  <linkTraces
      visualID="4006"
      queryText="modelFacet.oclIsKindOf(gmfgen::FeatureLinkModelFacet) and (let _feature_:ecore::EStructuralFeature = modelFacet.oclAsType(gmfgen::FeatureLinkModelFacet).metaFeature.ecoreFeature in (let _eClass_:ecore::EClass = _feature_.eContainingClass in _eClass_.ePackage.nsURI = 'http://ict-alive.sourceforge.net/RunTime/actions' and _eClass_.name = 'ServiceInvocation') and _feature_.name = 'enactingAgent')">
    <linkLabelTraces
        visualID="6006"
        queryText="true"/>
  </linkTraces>
  <linkTraces
      visualID="4008"
      queryText="modelFacet.oclIsKindOf(gmfgen::FeatureLinkModelFacet) and (let _feature_:ecore::EStructuralFeature = modelFacet.oclAsType(gmfgen::FeatureLinkModelFacet).metaFeature.ecoreFeature in (let _eClass_:ecore::EClass = _feature_.eContainingClass in _eClass_.ePackage.nsURI = 'http://ict-alive.sourceforge.net/RunTime/facts' and _eClass_.name = 'FailureAct') and _feature_.name = 'reason')">
    <linkLabelTraces
        visualID="6008"
        queryText="true"/>
  </linkTraces>
  <linkTraces
      visualID="4009"
      queryText="modelFacet.oclIsKindOf(gmfgen::FeatureLinkModelFacet) and (let _feature_:ecore::EStructuralFeature = modelFacet.oclAsType(gmfgen::FeatureLinkModelFacet).metaFeature.ecoreFeature in (let _eClass_:ecore::EClass = _feature_.eContainingClass in _eClass_.ePackage.nsURI = 'http://ict-alive.sourceforge.net/RunTime/facts' and _eClass_.name = 'Disaster') and _feature_.name = 'reason')">
    <linkLabelTraces
        visualID="6009"
        queryText="true"/>
  </linkTraces>
  <linkTraces
      visualID="4010"
      queryText="modelFacet.oclIsKindOf(gmfgen::FeatureLinkModelFacet) and (let _feature_:ecore::EStructuralFeature = modelFacet.oclAsType(gmfgen::FeatureLinkModelFacet).metaFeature.ecoreFeature in (let _eClass_:ecore::EClass = _feature_.eContainingClass in _eClass_.ePackage.nsURI = 'http://ict-alive.sourceforge.net/operetta/OM/1.0' and _eClass_.name = 'NS') and _feature_.name = 'norms')">
    <linkLabelTraces
        visualID="6010"
        queryText="true"/>
  </linkTraces>
  <linkTraces
      visualID="4011"
      queryText="modelFacet.oclIsKindOf(gmfgen::FeatureLinkModelFacet) and (let _feature_:ecore::EStructuralFeature = modelFacet.oclAsType(gmfgen::FeatureLinkModelFacet).metaFeature.ecoreFeature in (let _eClass_:ecore::EClass = _feature_.eContainingClass in _eClass_.ePackage.nsURI = 'http://ict-alive.sourceforge.net/RunTime/facts' and _eClass_.name = 'CommunicativeAct') and _feature_.name = 'receiver')">
    <linkLabelTraces
        visualID="6011"
        queryText="true"/>
  </linkTraces>
  <linkTraces
      visualID="4012"
      queryText="modelFacet.oclIsKindOf(gmfgen::FeatureLinkModelFacet) and (let _feature_:ecore::EStructuralFeature = modelFacet.oclAsType(gmfgen::FeatureLinkModelFacet).metaFeature.ecoreFeature in (let _eClass_:ecore::EClass = _feature_.eContainingClass in _eClass_.ePackage.nsURI = 'http://ict-alive.sourceforge.net/RunTime/facts' and _eClass_.name = 'CommunicativeAct') and _feature_.name = 'sender')">
    <linkLabelTraces
        visualID="6012"
        queryText="true"/>
  </linkTraces>
  <linkTraces
      visualID="4013"
      queryText="modelFacet.oclIsKindOf(gmfgen::FeatureLinkModelFacet) and (let _feature_:ecore::EStructuralFeature = modelFacet.oclAsType(gmfgen::FeatureLinkModelFacet).metaFeature.ecoreFeature in (let _eClass_:ecore::EClass = _feature_.eContainingClass in _eClass_.ePackage.nsURI = 'http://ict-alive.sourceforge.net/RunTime/facts' and _eClass_.name = 'TaskViolation') and _feature_.name = 'unmetRequirement')">
    <linkLabelTraces
        visualID="6013"
        queryText="true"/>
  </linkTraces>
  <linkTraces
      visualID="4014"
      queryText="modelFacet.oclIsKindOf(gmfgen::FeatureLinkModelFacet) and (let _feature_:ecore::EStructuralFeature = modelFacet.oclAsType(gmfgen::FeatureLinkModelFacet).metaFeature.ecoreFeature in (let _eClass_:ecore::EClass = _feature_.eContainingClass in _eClass_.ePackage.nsURI = 'http://ict-alive.sourceforge.net/RunTime/actions' and _eClass_.name = 'Action') and _feature_.name = 'byActor')">
    <linkLabelTraces
        visualID="6014"
        queryText="true"/>
  </linkTraces>
  <linkTraces
      visualID="4015"
      queryText="modelFacet.oclIsKindOf(gmfgen::FeatureLinkModelFacet) and (let _feature_:ecore::EStructuralFeature = modelFacet.oclAsType(gmfgen::FeatureLinkModelFacet).metaFeature.ecoreFeature in (let _eClass_:ecore::EClass = _feature_.eContainingClass in _eClass_.ePackage.nsURI = 'http://ict-alive.sourceforge.net/RunTime/actions' and _eClass_.name = 'Action') and _feature_.name = 'enactment')">
    <linkLabelTraces
        visualID="6015"
        queryText="true"/>
  </linkTraces>
  <linkTraces
      visualID="4016"
      queryText="modelFacet.oclIsKindOf(gmfgen::FeatureLinkModelFacet) and (let _feature_:ecore::EStructuralFeature = modelFacet.oclAsType(gmfgen::FeatureLinkModelFacet).metaFeature.ecoreFeature in (let _eClass_:ecore::EClass = _feature_.eContainingClass in _eClass_.ePackage.nsURI = 'http://ict-alive.sourceforge.net/RunTime/actions' and _eClass_.name = 'Action') and _feature_.name = 'cause')">
    <linkLabelTraces
        visualID="6016"
        queryText="true"/>
  </linkTraces>
  <linkTraces
      visualID="4017"
      queryText="modelFacet.oclIsKindOf(gmfgen::FeatureLinkModelFacet) and (let _feature_:ecore::EStructuralFeature = modelFacet.oclAsType(gmfgen::FeatureLinkModelFacet).metaFeature.ecoreFeature in (let _eClass_:ecore::EClass = _feature_.eContainingClass in _eClass_.ePackage.nsURI = 'http://ict-alive.sourceforge.net/RunTime/enactment' and _eClass_.name = 'Enactment') and _feature_.name = 'resource')">
    <linkLabelTraces
        visualID="6017"
        queryText="true"/>
  </linkTraces>
  <linkTraces
      visualID="4018"
      queryText="modelFacet.oclIsKindOf(gmfgen::FeatureLinkModelFacet) and (let _feature_:ecore::EStructuralFeature = modelFacet.oclAsType(gmfgen::FeatureLinkModelFacet).metaFeature.ecoreFeature in (let _eClass_:ecore::EClass = _feature_.eContainingClass in _eClass_.ePackage.nsURI = 'http://ict-alive.sourceforge.net/RunTime/actions' and _eClass_.name = 'CoordinationAction') and _feature_.name = 'coordAction')">
    <linkLabelTraces
        visualID="6018"
        queryText="true"/>
  </linkTraces>
  <linkTraces
      visualID="4019"
      queryText="modelFacet.oclIsKindOf(gmfgen::FeatureLinkModelFacet) and (let _feature_:ecore::EStructuralFeature = modelFacet.oclAsType(gmfgen::FeatureLinkModelFacet).metaFeature.ecoreFeature in (let _eClass_:ecore::EClass = _feature_.eContainingClass in _eClass_.ePackage.nsURI = 'http://ict-alive.sourceforge.net/RunTime/events' and _eClass_.name = 'Event') and _feature_.name = 'asserter')">
    <linkLabelTraces
        visualID="6019"
        queryText="true"/>
  </linkTraces>
  <linkTraces
      visualID="4020"
      queryText="modelFacet.oclIsKindOf(gmfgen::FeatureLinkModelFacet) and (let _feature_:ecore::EStructuralFeature = modelFacet.oclAsType(gmfgen::FeatureLinkModelFacet).metaFeature.ecoreFeature in (let _eClass_:ecore::EClass = _feature_.eContainingClass in _eClass_.ePackage.nsURI = 'http://ict-alive.sourceforge.net/RunTime/events' and _eClass_.name = 'Actor') and _feature_.name = 'agent')">
    <linkLabelTraces
        visualID="6020"
        queryText="true"/>
  </linkTraces>
  <linkTraces
      visualID="4021"
      queryText="modelFacet.oclIsKindOf(gmfgen::FeatureLinkModelFacet) and (let _feature_:ecore::EStructuralFeature = modelFacet.oclAsType(gmfgen::FeatureLinkModelFacet).metaFeature.ecoreFeature in (let _eClass_:ecore::EClass = _feature_.eContainingClass in _eClass_.ePackage.nsURI = 'http://ict-alive.sourceforge.net/coordination/tasks' and _eClass_.name = 'Plan') and _feature_.name = 'hasAtomicProcessGroundingList')">
    <linkLabelTraces
        visualID="6021"
        queryText="true"/>
  </linkTraces>
  <linkTraces
      visualID="4022"
      queryText="modelFacet.oclIsKindOf(gmfgen::FeatureLinkModelFacet) and (let _feature_:ecore::EStructuralFeature = modelFacet.oclAsType(gmfgen::FeatureLinkModelFacet).metaFeature.ecoreFeature in (let _eClass_:ecore::EClass = _feature_.eContainingClass in _eClass_.ePackage.nsURI = 'http://ict-alive.sourceforge.net/coordination/tasks' and _eClass_.name = 'ActionGroundingList') and _feature_.name = 'rest')">
    <linkLabelTraces
        visualID="6022"
        queryText="true"/>
  </linkTraces>
  <linkTraces
      visualID="4023"
      queryText="modelFacet.oclIsKindOf(gmfgen::FeatureLinkModelFacet) and (let _feature_:ecore::EStructuralFeature = modelFacet.oclAsType(gmfgen::FeatureLinkModelFacet).metaFeature.ecoreFeature in (let _eClass_:ecore::EClass = _feature_.eContainingClass in _eClass_.ePackage.nsURI = 'http://ict-alive.sourceforge.net/coordination/tasks' and _eClass_.name = 'ActionGrounding') and _feature_.name = 'owlsProcess')">
    <linkLabelTraces
        visualID="6023"
        queryText="true"/>
  </linkTraces>
</trace:TraceModel>
